[0.116s] DEBUG:colcon:Command line arguments: ['/usr/bin/colcon', 'build']
[0.116s] DEBUG:colcon:Parsed command line arguments: Namespace(log_base=None, log_level=None, verb_name='build', build_base='build', install_base='install', merge_install=False, symlink_install=False, test_result_base=None, continue_on_error=False, executor='parallel', parallel_workers=2, event_handlers=None, ignore_user_meta=False, metas=['./colcon.meta'], base_paths=['.'], packages_ignore=None, packages_ignore_regex=None, paths=None, packages_up_to=None, packages_up_to_regex=None, packages_above=None, packages_above_and_dependencies=None, packages_above_depth=None, packages_select_by_dep=None, packages_skip_by_dep=None, packages_skip_up_to=None, packages_select_build_failed=False, packages_skip_build_finished=False, packages_select_test_failures=False, packages_skip_test_passed=False, packages_select=None, packages_skip=None, packages_select_regex=None, packages_skip_regex=None, packages_start=None, packages_end=None, allow_overriding=[], cmake_args=None, cmake_target=None, cmake_target_skip_unavailable=False, cmake_clean_cache=False, cmake_clean_first=False, cmake_force_configure=False, ament_cmake_args=None, catkin_cmake_args=None, catkin_skip_building_tests=False, mixin_files=None, mixin=None, verb_parser=<colcon_mixin.mixin.mixin_argument.MixinArgumentDecorator object at 0x7766eec9c230>, verb_extension=<colcon_core.verb.build.BuildVerb object at 0x7766eec83e90>, main=<bound method BuildVerb.main of <colcon_core.verb.build.BuildVerb object at 0x7766eec83e90>>, mixin_verb=('build',))
[0.158s] Level 1:colcon.colcon_core.package_discovery:discover_packages(colcon_meta) check parameters
[0.158s] Level 1:colcon.colcon_core.package_discovery:discover_packages(recursive) check parameters
[0.158s] Level 1:colcon.colcon_core.package_discovery:discover_packages(ignore) check parameters
[0.158s] Level 1:colcon.colcon_core.package_discovery:discover_packages(path) check parameters
[0.158s] Level 1:colcon.colcon_core.package_discovery:discover_packages(colcon_meta) discover
[0.159s] Level 1:colcon.colcon_core.package_discovery:discover_packages(recursive) discover
[0.159s] INFO:colcon.colcon_core.package_discovery:Crawling recursively for packages in '/home/odm0003/Documents/mech6970-softsys/jetracer_prj/jetracer_ws'
[0.159s] Level 1:colcon.colcon_core.package_identification:_identify(.) by extensions ['ignore', 'ignore_ament_install']
[0.159s] Level 1:colcon.colcon_core.package_identification:_identify(.) by extension 'ignore'
[0.159s] Level 1:colcon.colcon_core.package_identification:_identify(.) by extension 'ignore_ament_install'
[0.159s] Level 1:colcon.colcon_core.package_identification:_identify(.) by extensions ['colcon_pkg']
[0.159s] Level 1:colcon.colcon_core.package_identification:_identify(.) by extension 'colcon_pkg'
[0.159s] Level 1:colcon.colcon_core.package_identification:_identify(.) by extensions ['colcon_meta']
[0.159s] Level 1:colcon.colcon_core.package_identification:_identify(.) by extension 'colcon_meta'
[0.159s] Level 1:colcon.colcon_core.package_identification:_identify(.) by extensions ['ros']
[0.159s] Level 1:colcon.colcon_core.package_identification:_identify(.) by extension 'ros'
[0.185s] Level 1:colcon.colcon_core.package_identification:_identify(.) by extensions ['cmake', 'python']
[0.185s] Level 1:colcon.colcon_core.package_identification:_identify(.) by extension 'cmake'
[0.185s] Level 1:colcon.colcon_core.package_identification:_identify(.) by extension 'python'
[0.185s] Level 1:colcon.colcon_core.package_identification:_identify(.) by extensions ['python_setup_py']
[0.185s] Level 1:colcon.colcon_core.package_identification:_identify(.) by extension 'python_setup_py'
[0.185s] Level 1:colcon.colcon_core.package_identification:_identify(build) by extensions ['ignore', 'ignore_ament_install']
[0.185s] Level 1:colcon.colcon_core.package_identification:_identify(build) by extension 'ignore'
[0.185s] Level 1:colcon.colcon_core.package_identification:_identify(build) ignored
[0.186s] Level 1:colcon.colcon_core.package_identification:_identify(install) by extensions ['ignore', 'ignore_ament_install']
[0.186s] Level 1:colcon.colcon_core.package_identification:_identify(install) by extension 'ignore'
[0.186s] Level 1:colcon.colcon_core.package_identification:_identify(install) ignored
[0.186s] Level 1:colcon.colcon_core.package_identification:_identify(log) by extensions ['ignore', 'ignore_ament_install']
[0.186s] Level 1:colcon.colcon_core.package_identification:_identify(log) by extension 'ignore'
[0.186s] Level 1:colcon.colcon_core.package_identification:_identify(log) ignored
[0.186s] Level 1:colcon.colcon_core.package_identification:_identify(src) by extensions ['ignore', 'ignore_ament_install']
[0.186s] Level 1:colcon.colcon_core.package_identification:_identify(src) by extension 'ignore'
[0.186s] Level 1:colcon.colcon_core.package_identification:_identify(src) by extension 'ignore_ament_install'
[0.186s] Level 1:colcon.colcon_core.package_identification:_identify(src) by extensions ['colcon_pkg']
[0.186s] Level 1:colcon.colcon_core.package_identification:_identify(src) by extension 'colcon_pkg'
[0.187s] Level 1:colcon.colcon_core.package_identification:_identify(src) by extensions ['colcon_meta']
[0.187s] Level 1:colcon.colcon_core.package_identification:_identify(src) by extension 'colcon_meta'
[0.187s] Level 1:colcon.colcon_core.package_identification:_identify(src) by extensions ['ros']
[0.187s] Level 1:colcon.colcon_core.package_identification:_identify(src) by extension 'ros'
[0.187s] Level 1:colcon.colcon_core.package_identification:_identify(src) by extensions ['cmake', 'python']
[0.187s] Level 1:colcon.colcon_core.package_identification:_identify(src) by extension 'cmake'
[0.187s] Level 1:colcon.colcon_core.package_identification:_identify(src) by extension 'python'
[0.187s] Level 1:colcon.colcon_core.package_identification:_identify(src) by extensions ['python_setup_py']
[0.187s] Level 1:colcon.colcon_core.package_identification:_identify(src) by extension 'python_setup_py'
[0.187s] Level 1:colcon.colcon_core.package_identification:_identify(src/jetracer) by extensions ['ignore', 'ignore_ament_install']
[0.187s] Level 1:colcon.colcon_core.package_identification:_identify(src/jetracer) by extension 'ignore'
[0.187s] Level 1:colcon.colcon_core.package_identification:_identify(src/jetracer) by extension 'ignore_ament_install'
[0.187s] Level 1:colcon.colcon_core.package_identification:_identify(src/jetracer) by extensions ['colcon_pkg']
[0.187s] Level 1:colcon.colcon_core.package_identification:_identify(src/jetracer) by extension 'colcon_pkg'
[0.187s] Level 1:colcon.colcon_core.package_identification:_identify(src/jetracer) by extensions ['colcon_meta']
[0.187s] Level 1:colcon.colcon_core.package_identification:_identify(src/jetracer) by extension 'colcon_meta'
[0.187s] Level 1:colcon.colcon_core.package_identification:_identify(src/jetracer) by extensions ['ros']
[0.187s] Level 1:colcon.colcon_core.package_identification:_identify(src/jetracer) by extension 'ros'
[0.190s] DEBUG:colcon.colcon_core.package_identification:Package 'src/jetracer' with type 'ros.ament_cmake' and name 'jetracer'
[0.190s] Level 1:colcon.colcon_core.package_discovery:discover_packages(recursive) using defaults
[0.190s] Level 1:colcon.colcon_core.package_discovery:discover_packages(ignore) discover
[0.190s] Level 1:colcon.colcon_core.package_discovery:discover_packages(ignore) using defaults
[0.190s] Level 1:colcon.colcon_core.package_discovery:discover_packages(path) discover
[0.190s] Level 1:colcon.colcon_core.package_discovery:discover_packages(path) using defaults
[0.208s] Level 1:colcon.colcon_core.package_discovery:discover_packages(prefix_path) check parameters
[0.208s] Level 1:colcon.colcon_core.package_discovery:discover_packages(prefix_path) discover
[0.209s] DEBUG:colcon.colcon_installed_package_information.package_discovery:Found 1 installed packages in /home/odm0003/Documents/mech6970-softsys/jetracer_prj/jetracer_ws/install
[0.211s] DEBUG:colcon.colcon_installed_package_information.package_discovery:Found 318 installed packages in /opt/ros/jazzy
[0.213s] Level 1:colcon.colcon_core.package_discovery:discover_packages(prefix_path) using defaults
[0.262s] Level 5:colcon.colcon_core.verb:set package 'jetracer' build argument 'cmake_args' from command line to 'None'
[0.263s] Level 5:colcon.colcon_core.verb:set package 'jetracer' build argument 'cmake_target' from command line to 'None'
[0.263s] Level 5:colcon.colcon_core.verb:set package 'jetracer' build argument 'cmake_target_skip_unavailable' from command line to 'False'
[0.263s] Level 5:colcon.colcon_core.verb:set package 'jetracer' build argument 'cmake_clean_cache' from command line to 'False'
[0.263s] Level 5:colcon.colcon_core.verb:set package 'jetracer' build argument 'cmake_clean_first' from command line to 'False'
[0.263s] Level 5:colcon.colcon_core.verb:set package 'jetracer' build argument 'cmake_force_configure' from command line to 'False'
[0.263s] Level 5:colcon.colcon_core.verb:set package 'jetracer' build argument 'ament_cmake_args' from command line to 'None'
[0.263s] Level 5:colcon.colcon_core.verb:set package 'jetracer' build argument 'catkin_cmake_args' from command line to 'None'
[0.263s] Level 5:colcon.colcon_core.verb:set package 'jetracer' build argument 'catkin_skip_building_tests' from command line to 'False'
[0.263s] DEBUG:colcon.colcon_core.verb:Building package 'jetracer' with the following arguments: {'ament_cmake_args': None, 'build_base': '/home/odm0003/Documents/mech6970-softsys/jetracer_prj/jetracer_ws/build/jetracer', 'catkin_cmake_args': None, 'catkin_skip_building_tests': False, 'cmake_args': None, 'cmake_clean_cache': False, 'cmake_clean_first': False, 'cmake_force_configure': False, 'cmake_target': None, 'cmake_target_skip_unavailable': False, 'install_base': '/home/odm0003/Documents/mech6970-softsys/jetracer_prj/jetracer_ws/install/jetracer', 'merge_install': False, 'path': '/home/odm0003/Documents/mech6970-softsys/jetracer_prj/jetracer_ws/src/jetracer', 'symlink_install': False, 'test_result_base': None}
[0.263s] INFO:colcon.colcon_core.executor:Executing jobs using 'parallel' executor
[0.264s] DEBUG:colcon.colcon_parallel_executor.executor.parallel:run_until_complete
[0.264s] INFO:colcon.colcon_ros.task.ament_cmake.build:Building ROS package in '/home/odm0003/Documents/mech6970-softsys/jetracer_prj/jetracer_ws/src/jetracer' with build type 'ament_cmake'
[0.264s] INFO:colcon.colcon_cmake.task.cmake.build:Building CMake package in '/home/odm0003/Documents/mech6970-softsys/jetracer_prj/jetracer_ws/src/jetracer'
[0.267s] INFO:colcon.colcon_core.plugin_system:Skipping extension 'colcon_core.shell.bat': Not used on non-Windows systems
[0.268s] INFO:colcon.colcon_core.shell:Skip shell extension 'powershell' for command environment: Not usable outside of PowerShell
[0.268s] DEBUG:colcon.colcon_core.shell:Skip shell extension 'dsv' for command environment
[0.282s] DEBUG:colcon.colcon_core.event_handler.log_command:Invoking command in '/home/odm0003/Documents/mech6970-softsys/jetracer_prj/jetracer_ws/build/jetracer': CMAKE_PREFIX_PATH=${CMAKE_PREFIX_PATH}:/opt/ros/jazzy DEBUGINFOD_URLS=https://debuginfod.ubuntu.com /usr/bin/cmake --build /home/odm0003/Documents/mech6970-softsys/jetracer_prj/jetracer_ws/build/jetracer -- -j2 -l2
[11.396s] DEBUG:colcon.colcon_core.event_handler.log_command:Invoked command in '/home/odm0003/Documents/mech6970-softsys/jetracer_prj/jetracer_ws/build/jetracer' returned '0': CMAKE_PREFIX_PATH=${CMAKE_PREFIX_PATH}:/opt/ros/jazzy DEBUGINFOD_URLS=https://debuginfod.ubuntu.com /usr/bin/cmake --build /home/odm0003/Documents/mech6970-softsys/jetracer_prj/jetracer_ws/build/jetracer -- -j2 -l2
[11.411s] DEBUG:colcon.colcon_core.event_handler.log_command:Invoking command in '/home/odm0003/Documents/mech6970-softsys/jetracer_prj/jetracer_ws/build/jetracer': CMAKE_PREFIX_PATH=${CMAKE_PREFIX_PATH}:/opt/ros/jazzy DEBUGINFOD_URLS=https://debuginfod.ubuntu.com /usr/bin/cmake --install /home/odm0003/Documents/mech6970-softsys/jetracer_prj/jetracer_ws/build/jetracer
[11.469s] Level 1:colcon.colcon_core.environment:create_environment_scripts_only(jetracer)
[11.471s] DEBUG:colcon.colcon_core.event_handler.log_command:Invoked command in '/home/odm0003/Documents/mech6970-softsys/jetracer_prj/jetracer_ws/build/jetracer' returned '0': CMAKE_PREFIX_PATH=${CMAKE_PREFIX_PATH}:/opt/ros/jazzy DEBUGINFOD_URLS=https://debuginfod.ubuntu.com /usr/bin/cmake --install /home/odm0003/Documents/mech6970-softsys/jetracer_prj/jetracer_ws/build/jetracer
[11.473s] Level 1:colcon.colcon_core.environment:checking '/home/odm0003/Documents/mech6970-softsys/jetracer_prj/jetracer_ws/install/jetracer' for CMake module files
[11.473s] Level 1:colcon.colcon_core.environment:checking '/home/odm0003/Documents/mech6970-softsys/jetracer_prj/jetracer_ws/install/jetracer' for CMake config files
[11.474s] Level 1:colcon.colcon_core.shell:create_environment_hook('jetracer', 'cmake_prefix_path')
[11.474s] INFO:colcon.colcon_core.shell:Creating environment hook '/home/odm0003/Documents/mech6970-softsys/jetracer_prj/jetracer_ws/install/jetracer/share/jetracer/hook/cmake_prefix_path.ps1'
[11.478s] INFO:colcon.colcon_core.shell:Creating environment descriptor '/home/odm0003/Documents/mech6970-softsys/jetracer_prj/jetracer_ws/install/jetracer/share/jetracer/hook/cmake_prefix_path.dsv'
[11.479s] INFO:colcon.colcon_core.shell:Creating environment hook '/home/odm0003/Documents/mech6970-softsys/jetracer_prj/jetracer_ws/install/jetracer/share/jetracer/hook/cmake_prefix_path.sh'
[11.480s] Level 1:colcon.colcon_core.environment:checking '/home/odm0003/Documents/mech6970-softsys/jetracer_prj/jetracer_ws/install/jetracer/lib'
[11.480s] Level 1:colcon.colcon_core.environment:checking '/home/odm0003/Documents/mech6970-softsys/jetracer_prj/jetracer_ws/install/jetracer/bin'
[11.480s] Level 1:colcon.colcon_core.environment:checking '/home/odm0003/Documents/mech6970-softsys/jetracer_prj/jetracer_ws/install/jetracer/lib/pkgconfig/jetracer.pc'
[11.481s] Level 1:colcon.colcon_core.environment:checking '/home/odm0003/Documents/mech6970-softsys/jetracer_prj/jetracer_ws/install/jetracer/lib/python3.12/site-packages'
[11.481s] Level 1:colcon.colcon_core.environment:checking '/home/odm0003/Documents/mech6970-softsys/jetracer_prj/jetracer_ws/install/jetracer/bin'
[11.481s] INFO:colcon.colcon_core.shell:Creating package script '/home/odm0003/Documents/mech6970-softsys/jetracer_prj/jetracer_ws/install/jetracer/share/jetracer/package.ps1'
[11.482s] INFO:colcon.colcon_core.shell:Creating package descriptor '/home/odm0003/Documents/mech6970-softsys/jetracer_prj/jetracer_ws/install/jetracer/share/jetracer/package.dsv'
[11.483s] INFO:colcon.colcon_core.shell:Creating package script '/home/odm0003/Documents/mech6970-softsys/jetracer_prj/jetracer_ws/install/jetracer/share/jetracer/package.sh'
[11.485s] INFO:colcon.colcon_core.shell:Creating package script '/home/odm0003/Documents/mech6970-softsys/jetracer_prj/jetracer_ws/install/jetracer/share/jetracer/package.bash'
[11.487s] INFO:colcon.colcon_core.shell:Creating package script '/home/odm0003/Documents/mech6970-softsys/jetracer_prj/jetracer_ws/install/jetracer/share/jetracer/package.zsh'
[11.489s] Level 1:colcon.colcon_core.environment:create_file_with_runtime_dependencies(/home/odm0003/Documents/mech6970-softsys/jetracer_prj/jetracer_ws/install/jetracer/share/colcon-core/packages/jetracer)
[11.490s] Level 1:colcon.colcon_core.environment:create_environment_scripts_only(jetracer)
[11.492s] Level 1:colcon.colcon_core.environment:checking '/home/odm0003/Documents/mech6970-softsys/jetracer_prj/jetracer_ws/install/jetracer' for CMake module files
[11.493s] Level 1:colcon.colcon_core.environment:checking '/home/odm0003/Documents/mech6970-softsys/jetracer_prj/jetracer_ws/install/jetracer' for CMake config files
[11.493s] Level 1:colcon.colcon_core.shell:create_environment_hook('jetracer', 'cmake_prefix_path')
[11.494s] INFO:colcon.colcon_core.shell:Creating environment hook '/home/odm0003/Documents/mech6970-softsys/jetracer_prj/jetracer_ws/install/jetracer/share/jetracer/hook/cmake_prefix_path.ps1'
[11.498s] INFO:colcon.colcon_core.shell:Creating environment descriptor '/home/odm0003/Documents/mech6970-softsys/jetracer_prj/jetracer_ws/install/jetracer/share/jetracer/hook/cmake_prefix_path.dsv'
[11.500s] INFO:colcon.colcon_core.shell:Creating environment hook '/home/odm0003/Documents/mech6970-softsys/jetracer_prj/jetracer_ws/install/jetracer/share/jetracer/hook/cmake_prefix_path.sh'
[11.501s] Level 1:colcon.colcon_core.environment:checking '/home/odm0003/Documents/mech6970-softsys/jetracer_prj/jetracer_ws/install/jetracer/lib'
[11.501s] Level 1:colcon.colcon_core.environment:checking '/home/odm0003/Documents/mech6970-softsys/jetracer_prj/jetracer_ws/install/jetracer/bin'
[11.502s] Level 1:colcon.colcon_core.environment:checking '/home/odm0003/Documents/mech6970-softsys/jetracer_prj/jetracer_ws/install/jetracer/lib/pkgconfig/jetracer.pc'
[11.502s] Level 1:colcon.colcon_core.environment:checking '/home/odm0003/Documents/mech6970-softsys/jetracer_prj/jetracer_ws/install/jetracer/lib/python3.12/site-packages'
[11.503s] Level 1:colcon.colcon_core.environment:checking '/home/odm0003/Documents/mech6970-softsys/jetracer_prj/jetracer_ws/install/jetracer/bin'
[11.503s] INFO:colcon.colcon_core.shell:Creating package script '/home/odm0003/Documents/mech6970-softsys/jetracer_prj/jetracer_ws/install/jetracer/share/jetracer/package.ps1'
[11.504s] INFO:colcon.colcon_core.shell:Creating package descriptor '/home/odm0003/Documents/mech6970-softsys/jetracer_prj/jetracer_ws/install/jetracer/share/jetracer/package.dsv'
[11.506s] INFO:colcon.colcon_core.shell:Creating package script '/home/odm0003/Documents/mech6970-softsys/jetracer_prj/jetracer_ws/install/jetracer/share/jetracer/package.sh'
[11.509s] INFO:colcon.colcon_core.shell:Creating package script '/home/odm0003/Documents/mech6970-softsys/jetracer_prj/jetracer_ws/install/jetracer/share/jetracer/package.bash'
[11.514s] INFO:colcon.colcon_core.shell:Creating package script '/home/odm0003/Documents/mech6970-softsys/jetracer_prj/jetracer_ws/install/jetracer/share/jetracer/package.zsh'
[11.515s] Level 1:colcon.colcon_core.environment:create_file_with_runtime_dependencies(/home/odm0003/Documents/mech6970-softsys/jetracer_prj/jetracer_ws/install/jetracer/share/colcon-core/packages/jetracer)
[11.515s] DEBUG:colcon.colcon_parallel_executor.executor.parallel:closing loop
[11.515s] DEBUG:colcon.colcon_parallel_executor.executor.parallel:loop closed
[11.515s] DEBUG:colcon.colcon_parallel_executor.executor.parallel:run_until_complete finished with '0'
[11.519s] DEBUG:colcon.colcon_core.event_reactor:joining thread
[11.539s] INFO:colcon.colcon_core.plugin_system:Skipping extension 'colcon_notification.desktop_notification.terminal_notifier': Not used on non-Darwin systems
[11.540s] INFO:colcon.colcon_core.plugin_system:Skipping extension 'colcon_notification.desktop_notification.win32': Not used on non-Windows systems
[11.540s] INFO:colcon.colcon_notification.desktop_notification:Sending desktop notification using 'notify2'
[11.570s] DEBUG:colcon.colcon_core.event_reactor:joined thread
[11.571s] INFO:colcon.colcon_core.shell:Creating prefix script '/home/odm0003/Documents/mech6970-softsys/jetracer_prj/jetracer_ws/install/local_setup.ps1'
[11.573s] INFO:colcon.colcon_core.shell:Creating prefix util module '/home/odm0003/Documents/mech6970-softsys/jetracer_prj/jetracer_ws/install/_local_setup_util_ps1.py'
[11.579s] INFO:colcon.colcon_core.shell:Creating prefix chain script '/home/odm0003/Documents/mech6970-softsys/jetracer_prj/jetracer_ws/install/setup.ps1'
[11.582s] INFO:colcon.colcon_core.shell:Creating prefix script '/home/odm0003/Documents/mech6970-softsys/jetracer_prj/jetracer_ws/install/local_setup.sh'
[11.584s] INFO:colcon.colcon_core.shell:Creating prefix util module '/home/odm0003/Documents/mech6970-softsys/jetracer_prj/jetracer_ws/install/_local_setup_util_sh.py'
[11.585s] INFO:colcon.colcon_core.shell:Creating prefix chain script '/home/odm0003/Documents/mech6970-softsys/jetracer_prj/jetracer_ws/install/setup.sh'
[11.589s] INFO:colcon.colcon_core.shell:Creating prefix script '/home/odm0003/Documents/mech6970-softsys/jetracer_prj/jetracer_ws/install/local_setup.bash'
[11.595s] INFO:colcon.colcon_core.shell:Creating prefix chain script '/home/odm0003/Documents/mech6970-softsys/jetracer_prj/jetracer_ws/install/setup.bash'
[11.597s] INFO:colcon.colcon_core.shell:Creating prefix script '/home/odm0003/Documents/mech6970-softsys/jetracer_prj/jetracer_ws/install/local_setup.zsh'
[11.598s] INFO:colcon.colcon_core.shell:Creating prefix chain script '/home/odm0003/Documents/mech6970-softsys/jetracer_prj/jetracer_ws/install/setup.zsh'
