[0.162s] DEBUG:colcon:Command line arguments: ['/usr/bin/colcon', 'build', '--packages-select', 'softsys_msgs']
[0.163s] DEBUG:colcon:Parsed command line arguments: Namespace(log_base=None, log_level=None, verb_name='build', build_base='build', install_base='install', merge_install=False, symlink_install=False, test_result_base=None, continue_on_error=False, executor='parallel', parallel_workers=2, event_handlers=None, ignore_user_meta=False, metas=['./colcon.meta'], base_paths=['.'], packages_ignore=None, packages_ignore_regex=None, paths=None, packages_up_to=None, packages_up_to_regex=None, packages_above=None, packages_above_and_dependencies=None, packages_above_depth=None, packages_select_by_dep=None, packages_skip_by_dep=None, packages_skip_up_to=None, packages_select_build_failed=False, packages_skip_build_finished=False, packages_select_test_failures=False, packages_skip_test_passed=False, packages_select=['softsys_msgs'], packages_skip=None, packages_select_regex=None, packages_skip_regex=None, packages_start=None, packages_end=None, allow_overriding=[], cmake_args=None, cmake_target=None, cmake_target_skip_unavailable=False, cmake_clean_cache=False, cmake_clean_first=False, cmake_force_configure=False, ament_cmake_args=None, catkin_cmake_args=None, catkin_skip_building_tests=False, mixin_files=None, mixin=None, verb_parser=<colcon_mixin.mixin.mixin_argument.MixinArgumentDecorator object at 0x7064f50b40b0>, verb_extension=<colcon_core.verb.build.BuildVerb object at 0x7064f508bda0>, main=<bound method BuildVerb.main of <colcon_core.verb.build.BuildVerb object at 0x7064f508bda0>>, mixin_verb=('build',))
[0.279s] Level 1:colcon.colcon_core.package_discovery:discover_packages(colcon_meta) check parameters
[0.279s] Level 1:colcon.colcon_core.package_discovery:discover_packages(recursive) check parameters
[0.279s] Level 1:colcon.colcon_core.package_discovery:discover_packages(ignore) check parameters
[0.279s] Level 1:colcon.colcon_core.package_discovery:discover_packages(path) check parameters
[0.279s] Level 1:colcon.colcon_core.package_discovery:discover_packages(colcon_meta) discover
[0.280s] Level 1:colcon.colcon_core.package_discovery:discover_packages(recursive) discover
[0.280s] INFO:colcon.colcon_core.package_discovery:Crawling recursively for packages in '/home/odm0003/Documents/mech6970-softsys/jetracer_prj/jetracer_ws'
[0.280s] Level 1:colcon.colcon_core.package_identification:_identify(.) by extensions ['ignore', 'ignore_ament_install']
[0.280s] Level 1:colcon.colcon_core.package_identification:_identify(.) by extension 'ignore'
[0.280s] Level 1:colcon.colcon_core.package_identification:_identify(.) by extension 'ignore_ament_install'
[0.280s] Level 1:colcon.colcon_core.package_identification:_identify(.) by extensions ['colcon_pkg']
[0.280s] Level 1:colcon.colcon_core.package_identification:_identify(.) by extension 'colcon_pkg'
[0.280s] Level 1:colcon.colcon_core.package_identification:_identify(.) by extensions ['colcon_meta']
[0.280s] Level 1:colcon.colcon_core.package_identification:_identify(.) by extension 'colcon_meta'
[0.280s] Level 1:colcon.colcon_core.package_identification:_identify(.) by extensions ['ros']
[0.280s] Level 1:colcon.colcon_core.package_identification:_identify(.) by extension 'ros'
[0.314s] Level 1:colcon.colcon_core.package_identification:_identify(.) by extensions ['cmake', 'python']
[0.314s] Level 1:colcon.colcon_core.package_identification:_identify(.) by extension 'cmake'
[0.314s] Level 1:colcon.colcon_core.package_identification:_identify(.) by extension 'python'
[0.314s] Level 1:colcon.colcon_core.package_identification:_identify(.) by extensions ['python_setup_py']
[0.314s] Level 1:colcon.colcon_core.package_identification:_identify(.) by extension 'python_setup_py'
[0.314s] Level 1:colcon.colcon_core.package_identification:_identify(build) by extensions ['ignore', 'ignore_ament_install']
[0.314s] Level 1:colcon.colcon_core.package_identification:_identify(build) by extension 'ignore'
[0.314s] Level 1:colcon.colcon_core.package_identification:_identify(build) ignored
[0.314s] Level 1:colcon.colcon_core.package_identification:_identify(install) by extensions ['ignore', 'ignore_ament_install']
[0.315s] Level 1:colcon.colcon_core.package_identification:_identify(install) by extension 'ignore'
[0.315s] Level 1:colcon.colcon_core.package_identification:_identify(install) ignored
[0.315s] Level 1:colcon.colcon_core.package_identification:_identify(log) by extensions ['ignore', 'ignore_ament_install']
[0.315s] Level 1:colcon.colcon_core.package_identification:_identify(log) by extension 'ignore'
[0.315s] Level 1:colcon.colcon_core.package_identification:_identify(log) ignored
[0.315s] Level 1:colcon.colcon_core.package_identification:_identify(src) by extensions ['ignore', 'ignore_ament_install']
[0.315s] Level 1:colcon.colcon_core.package_identification:_identify(src) by extension 'ignore'
[0.315s] Level 1:colcon.colcon_core.package_identification:_identify(src) by extension 'ignore_ament_install'
[0.316s] Level 1:colcon.colcon_core.package_identification:_identify(src) by extensions ['colcon_pkg']
[0.316s] Level 1:colcon.colcon_core.package_identification:_identify(src) by extension 'colcon_pkg'
[0.316s] Level 1:colcon.colcon_core.package_identification:_identify(src) by extensions ['colcon_meta']
[0.316s] Level 1:colcon.colcon_core.package_identification:_identify(src) by extension 'colcon_meta'
[0.316s] Level 1:colcon.colcon_core.package_identification:_identify(src) by extensions ['ros']
[0.316s] Level 1:colcon.colcon_core.package_identification:_identify(src) by extension 'ros'
[0.316s] Level 1:colcon.colcon_core.package_identification:_identify(src) by extensions ['cmake', 'python']
[0.316s] Level 1:colcon.colcon_core.package_identification:_identify(src) by extension 'cmake'
[0.316s] Level 1:colcon.colcon_core.package_identification:_identify(src) by extension 'python'
[0.316s] Level 1:colcon.colcon_core.package_identification:_identify(src) by extensions ['python_setup_py']
[0.316s] Level 1:colcon.colcon_core.package_identification:_identify(src) by extension 'python_setup_py'
[0.316s] Level 1:colcon.colcon_core.package_identification:_identify(src/jetracer) by extensions ['ignore', 'ignore_ament_install']
[0.317s] Level 1:colcon.colcon_core.package_identification:_identify(src/jetracer) by extension 'ignore'
[0.317s] Level 1:colcon.colcon_core.package_identification:_identify(src/jetracer) by extension 'ignore_ament_install'
[0.317s] Level 1:colcon.colcon_core.package_identification:_identify(src/jetracer) by extensions ['colcon_pkg']
[0.317s] Level 1:colcon.colcon_core.package_identification:_identify(src/jetracer) by extension 'colcon_pkg'
[0.317s] Level 1:colcon.colcon_core.package_identification:_identify(src/jetracer) by extensions ['colcon_meta']
[0.317s] Level 1:colcon.colcon_core.package_identification:_identify(src/jetracer) by extension 'colcon_meta'
[0.317s] Level 1:colcon.colcon_core.package_identification:_identify(src/jetracer) by extensions ['ros']
[0.317s] Level 1:colcon.colcon_core.package_identification:_identify(src/jetracer) by extension 'ros'
[0.321s] DEBUG:colcon.colcon_core.package_identification:Package 'src/jetracer' with type 'ros.ament_cmake' and name 'jetracer'
[0.322s] Level 1:colcon.colcon_core.package_identification:_identify(src/softsys_msgs) by extensions ['ignore', 'ignore_ament_install']
[0.322s] Level 1:colcon.colcon_core.package_identification:_identify(src/softsys_msgs) by extension 'ignore'
[0.322s] Level 1:colcon.colcon_core.package_identification:_identify(src/softsys_msgs) by extension 'ignore_ament_install'
[0.322s] Level 1:colcon.colcon_core.package_identification:_identify(src/softsys_msgs) by extensions ['colcon_pkg']
[0.322s] Level 1:colcon.colcon_core.package_identification:_identify(src/softsys_msgs) by extension 'colcon_pkg'
[0.322s] Level 1:colcon.colcon_core.package_identification:_identify(src/softsys_msgs) by extensions ['colcon_meta']
[0.322s] Level 1:colcon.colcon_core.package_identification:_identify(src/softsys_msgs) by extension 'colcon_meta'
[0.322s] Level 1:colcon.colcon_core.package_identification:_identify(src/softsys_msgs) by extensions ['ros']
[0.322s] Level 1:colcon.colcon_core.package_identification:_identify(src/softsys_msgs) by extension 'ros'
[0.323s] DEBUG:colcon.colcon_core.package_identification:Package 'src/softsys_msgs' with type 'ros.ament_cmake' and name 'softsys_msgs'
[0.323s] Level 1:colcon.colcon_core.package_discovery:discover_packages(recursive) using defaults
[0.324s] Level 1:colcon.colcon_core.package_discovery:discover_packages(ignore) discover
[0.324s] Level 1:colcon.colcon_core.package_discovery:discover_packages(ignore) using defaults
[0.324s] Level 1:colcon.colcon_core.package_discovery:discover_packages(path) discover
[0.324s] Level 1:colcon.colcon_core.package_discovery:discover_packages(path) using defaults
[0.354s] INFO:colcon.colcon_core.package_selection:Skipping not selected package 'jetracer' in 'src/jetracer'
[0.354s] Level 1:colcon.colcon_core.package_discovery:discover_packages(prefix_path) check parameters
[0.354s] Level 1:colcon.colcon_core.package_discovery:discover_packages(prefix_path) discover
[0.360s] DEBUG:colcon.colcon_installed_package_information.package_discovery:Found 318 installed packages in /opt/ros/jazzy
[0.362s] Level 1:colcon.colcon_core.package_discovery:discover_packages(prefix_path) using defaults
[0.436s] Level 5:colcon.colcon_core.verb:set package 'softsys_msgs' build argument 'cmake_args' from command line to 'None'
[0.436s] Level 5:colcon.colcon_core.verb:set package 'softsys_msgs' build argument 'cmake_target' from command line to 'None'
[0.436s] Level 5:colcon.colcon_core.verb:set package 'softsys_msgs' build argument 'cmake_target_skip_unavailable' from command line to 'False'
[0.436s] Level 5:colcon.colcon_core.verb:set package 'softsys_msgs' build argument 'cmake_clean_cache' from command line to 'False'
[0.436s] Level 5:colcon.colcon_core.verb:set package 'softsys_msgs' build argument 'cmake_clean_first' from command line to 'False'
[0.436s] Level 5:colcon.colcon_core.verb:set package 'softsys_msgs' build argument 'cmake_force_configure' from command line to 'False'
[0.436s] Level 5:colcon.colcon_core.verb:set package 'softsys_msgs' build argument 'ament_cmake_args' from command line to 'None'
[0.436s] Level 5:colcon.colcon_core.verb:set package 'softsys_msgs' build argument 'catkin_cmake_args' from command line to 'None'
[0.436s] Level 5:colcon.colcon_core.verb:set package 'softsys_msgs' build argument 'catkin_skip_building_tests' from command line to 'False'
[0.436s] DEBUG:colcon.colcon_core.verb:Building package 'softsys_msgs' with the following arguments: {'ament_cmake_args': None, 'build_base': '/home/odm0003/Documents/mech6970-softsys/jetracer_prj/jetracer_ws/build/softsys_msgs', 'catkin_cmake_args': None, 'catkin_skip_building_tests': False, 'cmake_args': None, 'cmake_clean_cache': False, 'cmake_clean_first': False, 'cmake_force_configure': False, 'cmake_target': None, 'cmake_target_skip_unavailable': False, 'install_base': '/home/odm0003/Documents/mech6970-softsys/jetracer_prj/jetracer_ws/install/softsys_msgs', 'merge_install': False, 'path': '/home/odm0003/Documents/mech6970-softsys/jetracer_prj/jetracer_ws/src/softsys_msgs', 'symlink_install': False, 'test_result_base': None}
[0.436s] INFO:colcon.colcon_core.executor:Executing jobs using 'parallel' executor
[0.437s] DEBUG:colcon.colcon_parallel_executor.executor.parallel:run_until_complete
[0.438s] INFO:colcon.colcon_ros.task.ament_cmake.build:Building ROS package in '/home/odm0003/Documents/mech6970-softsys/jetracer_prj/jetracer_ws/src/softsys_msgs' with build type 'ament_cmake'
[0.438s] INFO:colcon.colcon_cmake.task.cmake.build:Building CMake package in '/home/odm0003/Documents/mech6970-softsys/jetracer_prj/jetracer_ws/src/softsys_msgs'
[0.448s] INFO:colcon.colcon_core.plugin_system:Skipping extension 'colcon_core.shell.bat': Not used on non-Windows systems
[0.449s] INFO:colcon.colcon_core.shell:Skip shell extension 'powershell' for command environment: Not usable outside of PowerShell
[0.449s] DEBUG:colcon.colcon_core.shell:Skip shell extension 'dsv' for command environment
[0.463s] DEBUG:colcon.colcon_core.event_handler.log_command:Invoking command in '/home/odm0003/Documents/mech6970-softsys/jetracer_prj/jetracer_ws/build/softsys_msgs': CMAKE_PREFIX_PATH=${CMAKE_PREFIX_PATH}:/opt/ros/jazzy DEBUGINFOD_URLS=https://debuginfod.ubuntu.com /usr/bin/cmake /home/odm0003/Documents/mech6970-softsys/jetracer_prj/jetracer_ws/src/softsys_msgs -DCMAKE_INSTALL_PREFIX=/home/odm0003/Documents/mech6970-softsys/jetracer_prj/jetracer_ws/install/softsys_msgs
[4.389s] DEBUG:colcon.colcon_core.event_handler.log_command:Invoked command in '/home/odm0003/Documents/mech6970-softsys/jetracer_prj/jetracer_ws/build/softsys_msgs' returned '0': CMAKE_PREFIX_PATH=${CMAKE_PREFIX_PATH}:/opt/ros/jazzy DEBUGINFOD_URLS=https://debuginfod.ubuntu.com /usr/bin/cmake /home/odm0003/Documents/mech6970-softsys/jetracer_prj/jetracer_ws/src/softsys_msgs -DCMAKE_INSTALL_PREFIX=/home/odm0003/Documents/mech6970-softsys/jetracer_prj/jetracer_ws/install/softsys_msgs
[4.389s] DEBUG:colcon.colcon_core.event_handler.log_command:Invoking command in '/home/odm0003/Documents/mech6970-softsys/jetracer_prj/jetracer_ws/build/softsys_msgs': CMAKE_PREFIX_PATH=${CMAKE_PREFIX_PATH}:/opt/ros/jazzy DEBUGINFOD_URLS=https://debuginfod.ubuntu.com /usr/bin/cmake --build /home/odm0003/Documents/mech6970-softsys/jetracer_prj/jetracer_ws/build/softsys_msgs -- -j2 -l2
[13.269s] DEBUG:colcon.colcon_core.event_handler.log_command:Invoked command in '/home/odm0003/Documents/mech6970-softsys/jetracer_prj/jetracer_ws/build/softsys_msgs' returned '0': CMAKE_PREFIX_PATH=${CMAKE_PREFIX_PATH}:/opt/ros/jazzy DEBUGINFOD_URLS=https://debuginfod.ubuntu.com /usr/bin/cmake --build /home/odm0003/Documents/mech6970-softsys/jetracer_prj/jetracer_ws/build/softsys_msgs -- -j2 -l2
[13.284s] DEBUG:colcon.colcon_core.event_handler.log_command:Invoking command in '/home/odm0003/Documents/mech6970-softsys/jetracer_prj/jetracer_ws/build/softsys_msgs': CMAKE_PREFIX_PATH=${CMAKE_PREFIX_PATH}:/opt/ros/jazzy DEBUGINFOD_URLS=https://debuginfod.ubuntu.com /usr/bin/cmake --install /home/odm0003/Documents/mech6970-softsys/jetracer_prj/jetracer_ws/build/softsys_msgs
[13.400s] Level 1:colcon.colcon_core.environment:create_environment_scripts_only(softsys_msgs)
[13.401s] DEBUG:colcon.colcon_core.event_handler.log_command:Invoked command in '/home/odm0003/Documents/mech6970-softsys/jetracer_prj/jetracer_ws/build/softsys_msgs' returned '0': CMAKE_PREFIX_PATH=${CMAKE_PREFIX_PATH}:/opt/ros/jazzy DEBUGINFOD_URLS=https://debuginfod.ubuntu.com /usr/bin/cmake --install /home/odm0003/Documents/mech6970-softsys/jetracer_prj/jetracer_ws/build/softsys_msgs
[13.412s] Level 1:colcon.colcon_core.environment:checking '/home/odm0003/Documents/mech6970-softsys/jetracer_prj/jetracer_ws/install/softsys_msgs' for CMake module files
[13.413s] Level 1:colcon.colcon_core.environment:checking '/home/odm0003/Documents/mech6970-softsys/jetracer_prj/jetracer_ws/install/softsys_msgs' for CMake config files
[13.414s] Level 1:colcon.colcon_core.shell:create_environment_hook('softsys_msgs', 'cmake_prefix_path')
[13.415s] INFO:colcon.colcon_core.shell:Creating environment hook '/home/odm0003/Documents/mech6970-softsys/jetracer_prj/jetracer_ws/install/softsys_msgs/share/softsys_msgs/hook/cmake_prefix_path.ps1'
[13.416s] INFO:colcon.colcon_core.shell:Creating environment descriptor '/home/odm0003/Documents/mech6970-softsys/jetracer_prj/jetracer_ws/install/softsys_msgs/share/softsys_msgs/hook/cmake_prefix_path.dsv'
[13.417s] INFO:colcon.colcon_core.shell:Creating environment hook '/home/odm0003/Documents/mech6970-softsys/jetracer_prj/jetracer_ws/install/softsys_msgs/share/softsys_msgs/hook/cmake_prefix_path.sh'
[13.419s] Level 1:colcon.colcon_core.environment:checking '/home/odm0003/Documents/mech6970-softsys/jetracer_prj/jetracer_ws/install/softsys_msgs/lib'
[13.419s] Level 1:colcon.colcon_core.shell:create_environment_hook('softsys_msgs', 'ld_library_path_lib')
[13.419s] INFO:colcon.colcon_core.shell:Creating environment hook '/home/odm0003/Documents/mech6970-softsys/jetracer_prj/jetracer_ws/install/softsys_msgs/share/softsys_msgs/hook/ld_library_path_lib.ps1'
[13.420s] INFO:colcon.colcon_core.shell:Creating environment descriptor '/home/odm0003/Documents/mech6970-softsys/jetracer_prj/jetracer_ws/install/softsys_msgs/share/softsys_msgs/hook/ld_library_path_lib.dsv'
[13.420s] INFO:colcon.colcon_core.shell:Creating environment hook '/home/odm0003/Documents/mech6970-softsys/jetracer_prj/jetracer_ws/install/softsys_msgs/share/softsys_msgs/hook/ld_library_path_lib.sh'
[13.424s] Level 1:colcon.colcon_core.environment:checking '/home/odm0003/Documents/mech6970-softsys/jetracer_prj/jetracer_ws/install/softsys_msgs/bin'
[13.424s] Level 1:colcon.colcon_core.environment:checking '/home/odm0003/Documents/mech6970-softsys/jetracer_prj/jetracer_ws/install/softsys_msgs/lib/pkgconfig/softsys_msgs.pc'
[13.425s] Level 1:colcon.colcon_core.environment:checking '/home/odm0003/Documents/mech6970-softsys/jetracer_prj/jetracer_ws/install/softsys_msgs/lib/python3.12/site-packages'
[13.425s] Level 1:colcon.colcon_core.shell:create_environment_hook('softsys_msgs', 'pythonpath')
[13.425s] INFO:colcon.colcon_core.shell:Creating environment hook '/home/odm0003/Documents/mech6970-softsys/jetracer_prj/jetracer_ws/install/softsys_msgs/share/softsys_msgs/hook/pythonpath.ps1'
[13.428s] INFO:colcon.colcon_core.shell:Creating environment descriptor '/home/odm0003/Documents/mech6970-softsys/jetracer_prj/jetracer_ws/install/softsys_msgs/share/softsys_msgs/hook/pythonpath.dsv'
[13.428s] INFO:colcon.colcon_core.shell:Creating environment hook '/home/odm0003/Documents/mech6970-softsys/jetracer_prj/jetracer_ws/install/softsys_msgs/share/softsys_msgs/hook/pythonpath.sh'
[13.429s] Level 1:colcon.colcon_core.environment:checking '/home/odm0003/Documents/mech6970-softsys/jetracer_prj/jetracer_ws/install/softsys_msgs/bin'
[13.429s] INFO:colcon.colcon_core.shell:Creating package script '/home/odm0003/Documents/mech6970-softsys/jetracer_prj/jetracer_ws/install/softsys_msgs/share/softsys_msgs/package.ps1'
[13.432s] INFO:colcon.colcon_core.shell:Creating package descriptor '/home/odm0003/Documents/mech6970-softsys/jetracer_prj/jetracer_ws/install/softsys_msgs/share/softsys_msgs/package.dsv'
[13.433s] INFO:colcon.colcon_core.shell:Creating package script '/home/odm0003/Documents/mech6970-softsys/jetracer_prj/jetracer_ws/install/softsys_msgs/share/softsys_msgs/package.sh'
[13.434s] INFO:colcon.colcon_core.shell:Creating package script '/home/odm0003/Documents/mech6970-softsys/jetracer_prj/jetracer_ws/install/softsys_msgs/share/softsys_msgs/package.bash'
[13.436s] INFO:colcon.colcon_core.shell:Creating package script '/home/odm0003/Documents/mech6970-softsys/jetracer_prj/jetracer_ws/install/softsys_msgs/share/softsys_msgs/package.zsh'
[13.438s] Level 1:colcon.colcon_core.environment:create_file_with_runtime_dependencies(/home/odm0003/Documents/mech6970-softsys/jetracer_prj/jetracer_ws/install/softsys_msgs/share/colcon-core/packages/softsys_msgs)
[13.439s] Level 1:colcon.colcon_core.environment:create_environment_scripts_only(softsys_msgs)
[13.439s] Level 1:colcon.colcon_core.environment:checking '/home/odm0003/Documents/mech6970-softsys/jetracer_prj/jetracer_ws/install/softsys_msgs' for CMake module files
[13.440s] Level 1:colcon.colcon_core.environment:checking '/home/odm0003/Documents/mech6970-softsys/jetracer_prj/jetracer_ws/install/softsys_msgs' for CMake config files
[13.441s] Level 1:colcon.colcon_core.shell:create_environment_hook('softsys_msgs', 'cmake_prefix_path')
[13.441s] INFO:colcon.colcon_core.shell:Creating environment hook '/home/odm0003/Documents/mech6970-softsys/jetracer_prj/jetracer_ws/install/softsys_msgs/share/softsys_msgs/hook/cmake_prefix_path.ps1'
[13.441s] INFO:colcon.colcon_core.shell:Creating environment descriptor '/home/odm0003/Documents/mech6970-softsys/jetracer_prj/jetracer_ws/install/softsys_msgs/share/softsys_msgs/hook/cmake_prefix_path.dsv'
[13.442s] INFO:colcon.colcon_core.shell:Creating environment hook '/home/odm0003/Documents/mech6970-softsys/jetracer_prj/jetracer_ws/install/softsys_msgs/share/softsys_msgs/hook/cmake_prefix_path.sh'
[13.443s] Level 1:colcon.colcon_core.environment:checking '/home/odm0003/Documents/mech6970-softsys/jetracer_prj/jetracer_ws/install/softsys_msgs/lib'
[13.443s] Level 1:colcon.colcon_core.shell:create_environment_hook('softsys_msgs', 'ld_library_path_lib')
[13.443s] INFO:colcon.colcon_core.shell:Creating environment hook '/home/odm0003/Documents/mech6970-softsys/jetracer_prj/jetracer_ws/install/softsys_msgs/share/softsys_msgs/hook/ld_library_path_lib.ps1'
[13.444s] INFO:colcon.colcon_core.shell:Creating environment descriptor '/home/odm0003/Documents/mech6970-softsys/jetracer_prj/jetracer_ws/install/softsys_msgs/share/softsys_msgs/hook/ld_library_path_lib.dsv'
[13.444s] INFO:colcon.colcon_core.shell:Creating environment hook '/home/odm0003/Documents/mech6970-softsys/jetracer_prj/jetracer_ws/install/softsys_msgs/share/softsys_msgs/hook/ld_library_path_lib.sh'
[13.445s] Level 1:colcon.colcon_core.environment:checking '/home/odm0003/Documents/mech6970-softsys/jetracer_prj/jetracer_ws/install/softsys_msgs/bin'
[13.445s] Level 1:colcon.colcon_core.environment:checking '/home/odm0003/Documents/mech6970-softsys/jetracer_prj/jetracer_ws/install/softsys_msgs/lib/pkgconfig/softsys_msgs.pc'
[13.445s] Level 1:colcon.colcon_core.environment:checking '/home/odm0003/Documents/mech6970-softsys/jetracer_prj/jetracer_ws/install/softsys_msgs/lib/python3.12/site-packages'
[13.445s] Level 1:colcon.colcon_core.shell:create_environment_hook('softsys_msgs', 'pythonpath')
[13.446s] INFO:colcon.colcon_core.shell:Creating environment hook '/home/odm0003/Documents/mech6970-softsys/jetracer_prj/jetracer_ws/install/softsys_msgs/share/softsys_msgs/hook/pythonpath.ps1'
[13.446s] INFO:colcon.colcon_core.shell:Creating environment descriptor '/home/odm0003/Documents/mech6970-softsys/jetracer_prj/jetracer_ws/install/softsys_msgs/share/softsys_msgs/hook/pythonpath.dsv'
[13.447s] INFO:colcon.colcon_core.shell:Creating environment hook '/home/odm0003/Documents/mech6970-softsys/jetracer_prj/jetracer_ws/install/softsys_msgs/share/softsys_msgs/hook/pythonpath.sh'
[13.448s] Level 1:colcon.colcon_core.environment:checking '/home/odm0003/Documents/mech6970-softsys/jetracer_prj/jetracer_ws/install/softsys_msgs/bin'
[13.448s] INFO:colcon.colcon_core.shell:Creating package script '/home/odm0003/Documents/mech6970-softsys/jetracer_prj/jetracer_ws/install/softsys_msgs/share/softsys_msgs/package.ps1'
[13.449s] INFO:colcon.colcon_core.shell:Creating package descriptor '/home/odm0003/Documents/mech6970-softsys/jetracer_prj/jetracer_ws/install/softsys_msgs/share/softsys_msgs/package.dsv'
[13.450s] INFO:colcon.colcon_core.shell:Creating package script '/home/odm0003/Documents/mech6970-softsys/jetracer_prj/jetracer_ws/install/softsys_msgs/share/softsys_msgs/package.sh'
[13.450s] INFO:colcon.colcon_core.shell:Creating package script '/home/odm0003/Documents/mech6970-softsys/jetracer_prj/jetracer_ws/install/softsys_msgs/share/softsys_msgs/package.bash'
[13.451s] INFO:colcon.colcon_core.shell:Creating package script '/home/odm0003/Documents/mech6970-softsys/jetracer_prj/jetracer_ws/install/softsys_msgs/share/softsys_msgs/package.zsh'
[13.452s] Level 1:colcon.colcon_core.environment:create_file_with_runtime_dependencies(/home/odm0003/Documents/mech6970-softsys/jetracer_prj/jetracer_ws/install/softsys_msgs/share/colcon-core/packages/softsys_msgs)
[13.452s] DEBUG:colcon.colcon_parallel_executor.executor.parallel:closing loop
[13.453s] DEBUG:colcon.colcon_parallel_executor.executor.parallel:loop closed
[13.454s] DEBUG:colcon.colcon_parallel_executor.executor.parallel:run_until_complete finished with '0'
[13.454s] DEBUG:colcon.colcon_core.event_reactor:joining thread
[13.464s] INFO:colcon.colcon_core.plugin_system:Skipping extension 'colcon_notification.desktop_notification.terminal_notifier': Not used on non-Darwin systems
[13.464s] INFO:colcon.colcon_core.plugin_system:Skipping extension 'colcon_notification.desktop_notification.win32': Not used on non-Windows systems
[13.464s] INFO:colcon.colcon_notification.desktop_notification:Sending desktop notification using 'notify2'
[13.501s] DEBUG:colcon.colcon_core.event_reactor:joined thread
[13.501s] INFO:colcon.colcon_core.shell:Creating prefix script '/home/odm0003/Documents/mech6970-softsys/jetracer_prj/jetracer_ws/install/local_setup.ps1'
[13.503s] INFO:colcon.colcon_core.shell:Creating prefix util module '/home/odm0003/Documents/mech6970-softsys/jetracer_prj/jetracer_ws/install/_local_setup_util_ps1.py'
[13.505s] INFO:colcon.colcon_core.shell:Creating prefix chain script '/home/odm0003/Documents/mech6970-softsys/jetracer_prj/jetracer_ws/install/setup.ps1'
[13.507s] INFO:colcon.colcon_core.shell:Creating prefix script '/home/odm0003/Documents/mech6970-softsys/jetracer_prj/jetracer_ws/install/local_setup.sh'
[13.508s] INFO:colcon.colcon_core.shell:Creating prefix util module '/home/odm0003/Documents/mech6970-softsys/jetracer_prj/jetracer_ws/install/_local_setup_util_sh.py'
[13.510s] INFO:colcon.colcon_core.shell:Creating prefix chain script '/home/odm0003/Documents/mech6970-softsys/jetracer_prj/jetracer_ws/install/setup.sh'
[13.512s] INFO:colcon.colcon_core.shell:Creating prefix script '/home/odm0003/Documents/mech6970-softsys/jetracer_prj/jetracer_ws/install/local_setup.bash'
[13.513s] INFO:colcon.colcon_core.shell:Creating prefix chain script '/home/odm0003/Documents/mech6970-softsys/jetracer_prj/jetracer_ws/install/setup.bash'
[13.515s] INFO:colcon.colcon_core.shell:Creating prefix script '/home/odm0003/Documents/mech6970-softsys/jetracer_prj/jetracer_ws/install/local_setup.zsh'
[13.516s] INFO:colcon.colcon_core.shell:Creating prefix chain script '/home/odm0003/Documents/mech6970-softsys/jetracer_prj/jetracer_ws/install/setup.zsh'
