[0.017s] Invoking command in '/home/jcespedes/Documents/softsys-jetracer/jetracer_ws/build/softsys_msgs': CMAKE_PREFIX_PATH=${CMAKE_PREFIX_PATH}:/opt/ros/jazzy DEBUGINFOD_URLS=https://debuginfod.ubuntu.com /usr/bin/cmake /home/jcespedes/Documents/softsys-jetracer/jetracer_ws/src/softsys_msgs -DCMAKE_INSTALL_PREFIX=/home/jcespedes/Documents/softsys-jetracer/jetracer_ws/install/softsys_msgs
[0.114s] -- The C compiler identification is GNU 13.3.0
[0.179s] -- The CXX compiler identification is GNU 13.3.0
[0.205s] -- Detecting C compiler ABI info
[0.324s] -- Detecting C compiler ABI info - done
[0.333s] -- Check for working C compiler: /usr/bin/cc - skipped
[0.334s] -- Detecting C compile features
[0.335s] -- Detecting C compile features - done
[0.349s] -- Detecting CXX compiler ABI info
[0.462s] -- Detecting CXX compiler ABI info - done
[0.471s] -- Check for working CXX compiler: /usr/bin/c++ - skipped
[0.471s] -- Detecting CXX compile features
[0.472s] -- Detecting CXX compile features - done
[0.476s] -- Found ament_cmake: 2.5.4 (/opt/ros/jazzy/share/ament_cmake/cmake)
[0.642s] -- Found Python3: /usr/bin/python3 (found version "3.12.3") found components: Interpreter 
[0.805s] -- Found rosidl_default_generators: 1.6.0 (/opt/ros/jazzy/share/rosidl_default_generators/cmake)
[0.817s] -- Using all available rosidl_typesupport_c: rosidl_typesupport_fastrtps_c;rosidl_typesupport_introspection_c
[0.897s] -- Using all available rosidl_typesupport_cpp: rosidl_typesupport_fastrtps_cpp;rosidl_typesupport_introspection_cpp
[0.969s] -- Found rosidl_adapter: 4.6.5 (/opt/ros/jazzy/share/rosidl_adapter/cmake)
[0.976s] -- Found std_msgs: 5.3.6 (/opt/ros/jazzy/share/std_msgs/cmake)
[1.034s] -- Found geometry_msgs: 5.3.6 (/opt/ros/jazzy/share/geometry_msgs/cmake)
[2.138s] -- Found ament_cmake_ros: 0.12.0 (/opt/ros/jazzy/share/ament_cmake_ros/cmake)
[2.848s] -- Using all available rosidl_typesupport_c: rosidl_typesupport_fastrtps_c;rosidl_typesupport_introspection_c
[3.901s] -- Using all available rosidl_typesupport_cpp: rosidl_typesupport_fastrtps_cpp;rosidl_typesupport_introspection_cpp
[3.917s] -- Found python_cmake_module: 0.11.1 (/opt/ros/jazzy/share/python_cmake_module/cmake)
[4.172s] -- Found PythonExtra: /usr/bin/python3  
[4.932s] -- Found Python3: /usr/bin/python3 (found version "3.12.3") found components: Interpreter Development NumPy Development.Module Development.Embed 
[5.025s] -- Configuring done (5.0s)
[5.074s] -- Generating done (0.0s)
[5.086s] -- Build files have been written to: /home/jcespedes/Documents/softsys-jetracer/jetracer_ws/build/softsys_msgs
[5.092s] Invoked command in '/home/jcespedes/Documents/softsys-jetracer/jetracer_ws/build/softsys_msgs' returned '0': CMAKE_PREFIX_PATH=${CMAKE_PREFIX_PATH}:/opt/ros/jazzy DEBUGINFOD_URLS=https://debuginfod.ubuntu.com /usr/bin/cmake /home/jcespedes/Documents/softsys-jetracer/jetracer_ws/src/softsys_msgs -DCMAKE_INSTALL_PREFIX=/home/jcespedes/Documents/softsys-jetracer/jetracer_ws/install/softsys_msgs
[5.093s] Invoking command in '/home/jcespedes/Documents/softsys-jetracer/jetracer_ws/build/softsys_msgs': CMAKE_PREFIX_PATH=${CMAKE_PREFIX_PATH}:/opt/ros/jazzy DEBUGINFOD_URLS=https://debuginfod.ubuntu.com /usr/bin/cmake --build /home/jcespedes/Documents/softsys-jetracer/jetracer_ws/build/softsys_msgs -- -j8 -l8
[5.152s] [  1%] [34m[1mGenerating type hashes for ROS interfaces[0m
[5.161s] [  1%] Built target ament_cmake_python_copy_softsys_msgs
[5.374s] running egg_info
[5.375s] creating softsys_msgs.egg-info
[5.389s] [  1%] Built target softsys_msgs__rosidl_generator_type_description
[5.391s] writing softsys_msgs.egg-info/PKG-INFO
[5.391s] writing dependency_links to softsys_msgs.egg-info/dependency_links.txt
[5.392s] writing top-level names to softsys_msgs.egg-info/top_level.txt
[5.392s] writing manifest file 'softsys_msgs.egg-info/SOURCES.txt'
[5.402s] [  3%] [34m[1mGenerating C code for ROS interfaces[0m
[5.414s] [  5%] [34m[1mGenerating C++ code for ROS interfaces[0m
[5.443s] reading manifest file 'softsys_msgs.egg-info/SOURCES.txt'
[5.444s] writing manifest file 'softsys_msgs.egg-info/SOURCES.txt'
[5.472s] [  5%] Built target ament_cmake_python_build_softsys_msgs_egg
[5.721s] [  5%] Built target softsys_msgs__cpp
[5.757s] [  7%] [32mBuilding C object CMakeFiles/softsys_msgs__rosidl_generator_c.dir/rosidl_generator_c/softsys_msgs/msg/detail/throttle__functions.c.o[0m
[5.759s] [ 11%] [32mBuilding C object CMakeFiles/softsys_msgs__rosidl_generator_c.dir/rosidl_generator_c/softsys_msgs/msg/detail/throttle__description.c.o[0m
[5.759s] [ 11%] [32mBuilding C object CMakeFiles/softsys_msgs__rosidl_generator_c.dir/rosidl_generator_c/softsys_msgs/msg/detail/throttle__type_support.c.o[0m
[5.759s] [ 12%] [32mBuilding C object CMakeFiles/softsys_msgs__rosidl_generator_c.dir/rosidl_generator_c/softsys_msgs/msg/detail/steer__description.c.o[0m
[5.760s] [ 14%] [32mBuilding C object CMakeFiles/softsys_msgs__rosidl_generator_c.dir/rosidl_generator_c/softsys_msgs/msg/detail/steer__type_support.c.o[0m
[5.760s] [ 16%] [32mBuilding C object CMakeFiles/softsys_msgs__rosidl_generator_c.dir/rosidl_generator_c/softsys_msgs/msg/detail/steer__functions.c.o[0m
[5.760s] [ 18%] [32mBuilding C object CMakeFiles/softsys_msgs__rosidl_generator_c.dir/rosidl_generator_c/softsys_msgs/msg/detail/safety__functions.c.o[0m
[5.764s] [ 20%] [32mBuilding C object CMakeFiles/softsys_msgs__rosidl_generator_c.dir/rosidl_generator_c/softsys_msgs/msg/detail/safety__description.c.o[0m
[5.810s] [ 22%] [32mBuilding C object CMakeFiles/softsys_msgs__rosidl_generator_c.dir/rosidl_generator_c/softsys_msgs/msg/detail/safety__type_support.c.o[0m
[5.846s] [ 24%] [32m[1mLinking C shared library libsoftsys_msgs__rosidl_generator_c.so[0m
[5.899s] [ 24%] Built target softsys_msgs__rosidl_generator_c
[5.911s] [ 27%] [34m[1mGenerating C++ type support dispatch for ROS interfaces[0m
[5.911s] [ 25%] [34m[1mGenerating C type support for eProsima Fast-RTPS[0m
[5.912s] [ 29%] [34m[1mGenerating C introspection for ROS interfaces[0m
[5.912s] [ 31%] [34m[1mGenerating C type support dispatch for ROS interfaces[0m
[5.913s] [ 33%] [34m[1mGenerating C++ type support for eProsima Fast-RTPS[0m
[5.913s] [ 35%] [34m[1mGenerating C++ introspection for ROS interfaces[0m
[6.185s] [ 37%] [32mBuilding CXX object CMakeFiles/softsys_msgs__rosidl_typesupport_cpp.dir/rosidl_typesupport_cpp/softsys_msgs/msg/throttle__type_support.cpp.o[0m
[6.191s] [ 38%] [32mBuilding CXX object CMakeFiles/softsys_msgs__rosidl_typesupport_c.dir/rosidl_typesupport_c/softsys_msgs/msg/throttle__type_support.cpp.o[0m
[6.195s] [ 40%] [32mBuilding CXX object CMakeFiles/softsys_msgs__rosidl_typesupport_c.dir/rosidl_typesupport_c/softsys_msgs/msg/steer__type_support.cpp.o[0m
[6.198s] [ 42%] [32mBuilding C object CMakeFiles/softsys_msgs__rosidl_typesupport_introspection_c.dir/rosidl_typesupport_introspection_c/softsys_msgs/msg/detail/throttle__type_support.c.o[0m
[6.203s] [ 44%] [32mBuilding CXX object CMakeFiles/softsys_msgs__rosidl_typesupport_cpp.dir/rosidl_typesupport_cpp/softsys_msgs/msg/steer__type_support.cpp.o[0m
[6.221s] [ 46%] [32mBuilding CXX object CMakeFiles/softsys_msgs__rosidl_typesupport_introspection_cpp.dir/rosidl_typesupport_introspection_cpp/softsys_msgs/msg/detail/throttle__type_support.cpp.o[0m
[6.246s] [ 48%] [32mBuilding CXX object CMakeFiles/softsys_msgs__rosidl_typesupport_c.dir/rosidl_typesupport_c/softsys_msgs/msg/safety__type_support.cpp.o[0m
[6.256s] [ 50%] [32mBuilding C object CMakeFiles/softsys_msgs__rosidl_typesupport_introspection_c.dir/rosidl_typesupport_introspection_c/softsys_msgs/msg/detail/steer__type_support.c.o[0m
[6.261s] [ 51%] [32mBuilding CXX object CMakeFiles/softsys_msgs__rosidl_typesupport_cpp.dir/rosidl_typesupport_cpp/softsys_msgs/msg/safety__type_support.cpp.o[0m
[6.273s] [ 53%] [32mBuilding CXX object CMakeFiles/softsys_msgs__rosidl_typesupport_fastrtps_c.dir/rosidl_typesupport_fastrtps_c/softsys_msgs/msg/detail/throttle__type_support_c.cpp.o[0m
[6.276s] [ 55%] [32mBuilding CXX object CMakeFiles/softsys_msgs__rosidl_typesupport_fastrtps_cpp.dir/rosidl_typesupport_fastrtps_cpp/softsys_msgs/msg/detail/dds_fastrtps/throttle__type_support.cpp.o[0m
[6.305s] [ 57%] [32m[1mLinking CXX shared library libsoftsys_msgs__rosidl_typesupport_c.so[0m
[6.316s] [ 59%] [32mBuilding C object CMakeFiles/softsys_msgs__rosidl_typesupport_introspection_c.dir/rosidl_typesupport_introspection_c/softsys_msgs/msg/detail/safety__type_support.c.o[0m
[6.362s] [ 61%] [32m[1mLinking C shared library libsoftsys_msgs__rosidl_typesupport_introspection_c.so[0m
[6.377s] [ 61%] Built target softsys_msgs__rosidl_typesupport_c
[6.392s] [ 62%] [32mBuilding CXX object CMakeFiles/softsys_msgs__rosidl_typesupport_introspection_cpp.dir/rosidl_typesupport_introspection_cpp/softsys_msgs/msg/detail/steer__type_support.cpp.o[0m
[6.433s] [ 62%] Built target softsys_msgs__rosidl_typesupport_introspection_c
[6.445s] [ 64%] [32mBuilding CXX object CMakeFiles/softsys_msgs__rosidl_typesupport_introspection_cpp.dir/rosidl_typesupport_introspection_cpp/softsys_msgs/msg/detail/safety__type_support.cpp.o[0m
[6.507s] [ 66%] [32mBuilding CXX object CMakeFiles/softsys_msgs__rosidl_typesupport_fastrtps_c.dir/rosidl_typesupport_fastrtps_c/softsys_msgs/msg/detail/steer__type_support_c.cpp.o[0m
[6.515s] [ 68%] [32mBuilding CXX object CMakeFiles/softsys_msgs__rosidl_typesupport_fastrtps_cpp.dir/rosidl_typesupport_fastrtps_cpp/softsys_msgs/msg/detail/dds_fastrtps/steer__type_support.cpp.o[0m
[6.564s] [ 70%] [32mBuilding CXX object CMakeFiles/softsys_msgs__rosidl_typesupport_fastrtps_c.dir/rosidl_typesupport_fastrtps_c/softsys_msgs/msg/detail/safety__type_support_c.cpp.o[0m
[6.590s] [ 72%] [32m[1mLinking CXX shared library libsoftsys_msgs__rosidl_typesupport_cpp.so[0m
[6.706s] [ 72%] Built target softsys_msgs__rosidl_typesupport_cpp
[6.749s] [ 74%] [32mBuilding CXX object CMakeFiles/softsys_msgs__rosidl_typesupport_fastrtps_cpp.dir/rosidl_typesupport_fastrtps_cpp/softsys_msgs/msg/detail/dds_fastrtps/safety__type_support.cpp.o[0m
[6.875s] [ 75%] [32m[1mLinking CXX shared library libsoftsys_msgs__rosidl_typesupport_introspection_cpp.so[0m
[6.960s] [ 75%] Built target softsys_msgs__rosidl_typesupport_introspection_cpp
[7.068s] [ 77%] [32m[1mLinking CXX shared library libsoftsys_msgs__rosidl_typesupport_fastrtps_c.so[0m
[7.135s] [ 77%] Built target softsys_msgs__rosidl_typesupport_fastrtps_c
[7.219s] [ 79%] [32m[1mLinking CXX shared library libsoftsys_msgs__rosidl_typesupport_fastrtps_cpp.so[0m
[7.302s] [ 79%] Built target softsys_msgs__rosidl_typesupport_fastrtps_cpp
[7.330s] [ 79%] Built target softsys_msgs
[7.356s] [ 81%] [34m[1mGenerating Python code for ROS interfaces[0m
[7.890s] [ 81%] Built target softsys_msgs__py
[7.914s] [ 85%] [32mBuilding C object CMakeFiles/softsys_msgs__rosidl_generator_py.dir/rosidl_generator_py/softsys_msgs/msg/_steer_s.c.o[0m
[7.914s] [ 85%] [32mBuilding C object CMakeFiles/softsys_msgs__rosidl_generator_py.dir/rosidl_generator_py/softsys_msgs/msg/_safety_s.c.o[0m
[7.915s] [ 87%] [32mBuilding C object CMakeFiles/softsys_msgs__rosidl_generator_py.dir/rosidl_generator_py/softsys_msgs/msg/_throttle_s.c.o[0m
[8.060s] [ 88%] [32m[1mLinking C shared library libsoftsys_msgs__rosidl_generator_py.so[0m
[8.122s] [ 88%] Built target softsys_msgs__rosidl_generator_py
[8.146s] [ 90%] [32mBuilding C object CMakeFiles/softsys_msgs_s__rosidl_typesupport_c.dir/rosidl_generator_py/softsys_msgs/_softsys_msgs_s.ep.rosidl_typesupport_c.c.o[0m
[8.146s] [ 92%] [32mBuilding C object CMakeFiles/softsys_msgs_s__rosidl_typesupport_fastrtps_c.dir/rosidl_generator_py/softsys_msgs/_softsys_msgs_s.ep.rosidl_typesupport_fastrtps_c.c.o[0m
[8.147s] [ 94%] [32mBuilding C object CMakeFiles/softsys_msgs_s__rosidl_typesupport_introspection_c.dir/rosidl_generator_py/softsys_msgs/_softsys_msgs_s.ep.rosidl_typesupport_introspection_c.c.o[0m
[8.256s] [ 98%] [32m[1mLinking C shared module rosidl_generator_py/softsys_msgs/softsys_msgs_s__rosidl_typesupport_c.so[0m
[8.256s] [ 98%] [32m[1mLinking C shared module rosidl_generator_py/softsys_msgs/softsys_msgs_s__rosidl_typesupport_introspection_c.so[0m
[8.259s] [100%] [32m[1mLinking C shared module rosidl_generator_py/softsys_msgs/softsys_msgs_s__rosidl_typesupport_fastrtps_c.so[0m
[8.293s] [100%] Built target softsys_msgs_s__rosidl_typesupport_c
[8.297s] [100%] Built target softsys_msgs_s__rosidl_typesupport_introspection_c
[8.297s] [100%] Built target softsys_msgs_s__rosidl_typesupport_fastrtps_c
[8.310s] Invoked command in '/home/jcespedes/Documents/softsys-jetracer/jetracer_ws/build/softsys_msgs' returned '0': CMAKE_PREFIX_PATH=${CMAKE_PREFIX_PATH}:/opt/ros/jazzy DEBUGINFOD_URLS=https://debuginfod.ubuntu.com /usr/bin/cmake --build /home/jcespedes/Documents/softsys-jetracer/jetracer_ws/build/softsys_msgs -- -j8 -l8
[8.321s] Invoking command in '/home/jcespedes/Documents/softsys-jetracer/jetracer_ws/build/softsys_msgs': CMAKE_PREFIX_PATH=${CMAKE_PREFIX_PATH}:/opt/ros/jazzy DEBUGINFOD_URLS=https://debuginfod.ubuntu.com /usr/bin/cmake --install /home/jcespedes/Documents/softsys-jetracer/jetracer_ws/build/softsys_msgs
[8.329s] -- Install configuration: ""
[8.330s] -- Installing: /home/jcespedes/Documents/softsys-jetracer/jetracer_ws/install/softsys_msgs/share/ament_index/resource_index/rosidl_interfaces/softsys_msgs
[8.330s] -- Installing: /home/jcespedes/Documents/softsys-jetracer/jetracer_ws/install/softsys_msgs/share/softsys_msgs/msg/Throttle.json
[8.330s] -- Installing: /home/jcespedes/Documents/softsys-jetracer/jetracer_ws/install/softsys_msgs/share/softsys_msgs/msg/Steer.json
[8.330s] -- Installing: /home/jcespedes/Documents/softsys-jetracer/jetracer_ws/install/softsys_msgs/share/softsys_msgs/msg/Safety.json
[8.330s] -- Installing: /home/jcespedes/Documents/softsys-jetracer/jetracer_ws/install/softsys_msgs/include/softsys_msgs/softsys_msgs
[8.330s] -- Installing: /home/jcespedes/Documents/softsys-jetracer/jetracer_ws/install/softsys_msgs/include/softsys_msgs/softsys_msgs/msg
[8.331s] -- Installing: /home/jcespedes/Documents/softsys-jetracer/jetracer_ws/install/softsys_msgs/include/softsys_msgs/softsys_msgs/msg/rosidl_generator_c__visibility_control.h
[8.331s] -- Installing: /home/jcespedes/Documents/softsys-jetracer/jetracer_ws/install/softsys_msgs/include/softsys_msgs/softsys_msgs/msg/safety.h
[8.331s] -- Installing: /home/jcespedes/Documents/softsys-jetracer/jetracer_ws/install/softsys_msgs/include/softsys_msgs/softsys_msgs/msg/detail
[8.331s] -- Installing: /home/jcespedes/Documents/softsys-jetracer/jetracer_ws/install/softsys_msgs/include/softsys_msgs/softsys_msgs/msg/detail/safety__type_support.c
[8.331s] -- Installing: /home/jcespedes/Documents/softsys-jetracer/jetracer_ws/install/softsys_msgs/include/softsys_msgs/softsys_msgs/msg/detail/steer__type_support.c
[8.331s] -- Installing: /home/jcespedes/Documents/softsys-jetracer/jetracer_ws/install/softsys_msgs/include/softsys_msgs/softsys_msgs/msg/detail/throttle__description.c
[8.332s] -- Installing: /home/jcespedes/Documents/softsys-jetracer/jetracer_ws/install/softsys_msgs/include/softsys_msgs/softsys_msgs/msg/detail/throttle__struct.h
[8.332s] -- Installing: /home/jcespedes/Documents/softsys-jetracer/jetracer_ws/install/softsys_msgs/include/softsys_msgs/softsys_msgs/msg/detail/safety__functions.c
[8.332s] -- Installing: /home/jcespedes/Documents/softsys-jetracer/jetracer_ws/install/softsys_msgs/include/softsys_msgs/softsys_msgs/msg/detail/safety__functions.h
[8.332s] -- Installing: /home/jcespedes/Documents/softsys-jetracer/jetracer_ws/install/softsys_msgs/include/softsys_msgs/softsys_msgs/msg/detail/throttle__type_support.h
[8.332s] -- Installing: /home/jcespedes/Documents/softsys-jetracer/jetracer_ws/install/softsys_msgs/include/softsys_msgs/softsys_msgs/msg/detail/steer__functions.c
[8.332s] -- Installing: /home/jcespedes/Documents/softsys-jetracer/jetracer_ws/install/softsys_msgs/include/softsys_msgs/softsys_msgs/msg/detail/safety__struct.h
[8.333s] -- Installing: /home/jcespedes/Documents/softsys-jetracer/jetracer_ws/install/softsys_msgs/include/softsys_msgs/softsys_msgs/msg/detail/steer__struct.h
[8.333s] -- Installing: /home/jcespedes/Documents/softsys-jetracer/jetracer_ws/install/softsys_msgs/include/softsys_msgs/softsys_msgs/msg/detail/steer__description.c
[8.333s] -- Installing: /home/jcespedes/Documents/softsys-jetracer/jetracer_ws/install/softsys_msgs/include/softsys_msgs/softsys_msgs/msg/detail/steer__type_support.h
[8.333s] -- Installing: /home/jcespedes/Documents/softsys-jetracer/jetracer_ws/install/softsys_msgs/include/softsys_msgs/softsys_msgs/msg/detail/throttle__functions.h
[8.333s] -- Installing: /home/jcespedes/Documents/softsys-jetracer/jetracer_ws/install/softsys_msgs/include/softsys_msgs/softsys_msgs/msg/detail/throttle__type_support.c
[8.333s] -- Installing: /home/jcespedes/Documents/softsys-jetracer/jetracer_ws/install/softsys_msgs/include/softsys_msgs/softsys_msgs/msg/detail/steer__functions.h
[8.333s] -- Installing: /home/jcespedes/Documents/softsys-jetracer/jetracer_ws/install/softsys_msgs/include/softsys_msgs/softsys_msgs/msg/detail/safety__type_support.h
[8.333s] -- Installing: /home/jcespedes/Documents/softsys-jetracer/jetracer_ws/install/softsys_msgs/include/softsys_msgs/softsys_msgs/msg/detail/throttle__functions.c
[8.333s] -- Installing: /home/jcespedes/Documents/softsys-jetracer/jetracer_ws/install/softsys_msgs/include/softsys_msgs/softsys_msgs/msg/detail/safety__description.c
[8.334s] -- Installing: /home/jcespedes/Documents/softsys-jetracer/jetracer_ws/install/softsys_msgs/include/softsys_msgs/softsys_msgs/msg/throttle.h
[8.334s] -- Installing: /home/jcespedes/Documents/softsys-jetracer/jetracer_ws/install/softsys_msgs/include/softsys_msgs/softsys_msgs/msg/steer.h
[8.334s] -- Installing: /home/jcespedes/Documents/softsys-jetracer/jetracer_ws/install/softsys_msgs/share/softsys_msgs/environment/library_path.sh
[8.334s] -- Installing: /home/jcespedes/Documents/softsys-jetracer/jetracer_ws/install/softsys_msgs/share/softsys_msgs/environment/library_path.dsv
[8.334s] -- Installing: /home/jcespedes/Documents/softsys-jetracer/jetracer_ws/install/softsys_msgs/lib/libsoftsys_msgs__rosidl_generator_c.so
[8.334s] -- Set non-toolchain portion of runtime path of "/home/jcespedes/Documents/softsys-jetracer/jetracer_ws/install/softsys_msgs/lib/libsoftsys_msgs__rosidl_generator_c.so" to ""
[8.334s] -- Up-to-date: /home/jcespedes/Documents/softsys-jetracer/jetracer_ws/install/softsys_msgs/include/softsys_msgs/softsys_msgs
[8.335s] -- Up-to-date: /home/jcespedes/Documents/softsys-jetracer/jetracer_ws/install/softsys_msgs/include/softsys_msgs/softsys_msgs/msg
[8.335s] -- Up-to-date: /home/jcespedes/Documents/softsys-jetracer/jetracer_ws/install/softsys_msgs/include/softsys_msgs/softsys_msgs/msg/detail
[8.335s] -- Installing: /home/jcespedes/Documents/softsys-jetracer/jetracer_ws/install/softsys_msgs/include/softsys_msgs/softsys_msgs/msg/detail/steer__rosidl_typesupport_fastrtps_c.h
[8.335s] -- Installing: /home/jcespedes/Documents/softsys-jetracer/jetracer_ws/install/softsys_msgs/include/softsys_msgs/softsys_msgs/msg/detail/safety__rosidl_typesupport_fastrtps_c.h
[8.335s] -- Installing: /home/jcespedes/Documents/softsys-jetracer/jetracer_ws/install/softsys_msgs/include/softsys_msgs/softsys_msgs/msg/detail/throttle__rosidl_typesupport_fastrtps_c.h
[8.336s] -- Installing: /home/jcespedes/Documents/softsys-jetracer/jetracer_ws/install/softsys_msgs/include/softsys_msgs/softsys_msgs/msg/rosidl_typesupport_fastrtps_c__visibility_control.h
[8.336s] -- Installing: /home/jcespedes/Documents/softsys-jetracer/jetracer_ws/install/softsys_msgs/lib/libsoftsys_msgs__rosidl_typesupport_fastrtps_c.so
[8.336s] -- Set non-toolchain portion of runtime path of "/home/jcespedes/Documents/softsys-jetracer/jetracer_ws/install/softsys_msgs/lib/libsoftsys_msgs__rosidl_typesupport_fastrtps_c.so" to ""
[8.336s] -- Up-to-date: /home/jcespedes/Documents/softsys-jetracer/jetracer_ws/install/softsys_msgs/include/softsys_msgs/softsys_msgs
[8.336s] -- Up-to-date: /home/jcespedes/Documents/softsys-jetracer/jetracer_ws/install/softsys_msgs/include/softsys_msgs/softsys_msgs/msg
[8.336s] -- Installing: /home/jcespedes/Documents/softsys-jetracer/jetracer_ws/install/softsys_msgs/include/softsys_msgs/softsys_msgs/msg/rosidl_typesupport_introspection_c__visibility_control.h
[8.337s] -- Up-to-date: /home/jcespedes/Documents/softsys-jetracer/jetracer_ws/install/softsys_msgs/include/softsys_msgs/softsys_msgs/msg/detail
[8.337s] -- Installing: /home/jcespedes/Documents/softsys-jetracer/jetracer_ws/install/softsys_msgs/include/softsys_msgs/softsys_msgs/msg/detail/safety__type_support.c
[8.337s] -- Installing: /home/jcespedes/Documents/softsys-jetracer/jetracer_ws/install/softsys_msgs/include/softsys_msgs/softsys_msgs/msg/detail/steer__type_support.c
[8.337s] -- Installing: /home/jcespedes/Documents/softsys-jetracer/jetracer_ws/install/softsys_msgs/include/softsys_msgs/softsys_msgs/msg/detail/steer__rosidl_typesupport_introspection_c.h
[8.337s] -- Installing: /home/jcespedes/Documents/softsys-jetracer/jetracer_ws/install/softsys_msgs/include/softsys_msgs/softsys_msgs/msg/detail/throttle__rosidl_typesupport_introspection_c.h
[8.337s] -- Installing: /home/jcespedes/Documents/softsys-jetracer/jetracer_ws/install/softsys_msgs/include/softsys_msgs/softsys_msgs/msg/detail/throttle__type_support.c
[8.338s] -- Installing: /home/jcespedes/Documents/softsys-jetracer/jetracer_ws/install/softsys_msgs/include/softsys_msgs/softsys_msgs/msg/detail/safety__rosidl_typesupport_introspection_c.h
[8.338s] -- Installing: /home/jcespedes/Documents/softsys-jetracer/jetracer_ws/install/softsys_msgs/lib/libsoftsys_msgs__rosidl_typesupport_introspection_c.so
[8.338s] -- Set non-toolchain portion of runtime path of "/home/jcespedes/Documents/softsys-jetracer/jetracer_ws/install/softsys_msgs/lib/libsoftsys_msgs__rosidl_typesupport_introspection_c.so" to ""
[8.338s] -- Installing: /home/jcespedes/Documents/softsys-jetracer/jetracer_ws/install/softsys_msgs/lib/libsoftsys_msgs__rosidl_typesupport_c.so
[8.338s] -- Set non-toolchain portion of runtime path of "/home/jcespedes/Documents/softsys-jetracer/jetracer_ws/install/softsys_msgs/lib/libsoftsys_msgs__rosidl_typesupport_c.so" to ""
[8.339s] -- Up-to-date: /home/jcespedes/Documents/softsys-jetracer/jetracer_ws/install/softsys_msgs/include/softsys_msgs/softsys_msgs
[8.339s] -- Up-to-date: /home/jcespedes/Documents/softsys-jetracer/jetracer_ws/install/softsys_msgs/include/softsys_msgs/softsys_msgs/msg
[8.339s] -- Up-to-date: /home/jcespedes/Documents/softsys-jetracer/jetracer_ws/install/softsys_msgs/include/softsys_msgs/softsys_msgs/msg/detail
[8.339s] -- Installing: /home/jcespedes/Documents/softsys-jetracer/jetracer_ws/install/softsys_msgs/include/softsys_msgs/softsys_msgs/msg/detail/steer__type_support.hpp
[8.339s] -- Installing: /home/jcespedes/Documents/softsys-jetracer/jetracer_ws/install/softsys_msgs/include/softsys_msgs/softsys_msgs/msg/detail/steer__builder.hpp
[8.340s] -- Installing: /home/jcespedes/Documents/softsys-jetracer/jetracer_ws/install/softsys_msgs/include/softsys_msgs/softsys_msgs/msg/detail/throttle__type_support.hpp
[8.340s] -- Installing: /home/jcespedes/Documents/softsys-jetracer/jetracer_ws/install/softsys_msgs/include/softsys_msgs/softsys_msgs/msg/detail/steer__traits.hpp
[8.340s] -- Installing: /home/jcespedes/Documents/softsys-jetracer/jetracer_ws/install/softsys_msgs/include/softsys_msgs/softsys_msgs/msg/detail/safety__builder.hpp
[8.340s] -- Installing: /home/jcespedes/Documents/softsys-jetracer/jetracer_ws/install/softsys_msgs/include/softsys_msgs/softsys_msgs/msg/detail/throttle__struct.hpp
[8.340s] -- Installing: /home/jcespedes/Documents/softsys-jetracer/jetracer_ws/install/softsys_msgs/include/softsys_msgs/softsys_msgs/msg/detail/throttle__builder.hpp
[8.340s] -- Installing: /home/jcespedes/Documents/softsys-jetracer/jetracer_ws/install/softsys_msgs/include/softsys_msgs/softsys_msgs/msg/detail/safety__type_support.hpp
[8.341s] -- Installing: /home/jcespedes/Documents/softsys-jetracer/jetracer_ws/install/softsys_msgs/include/softsys_msgs/softsys_msgs/msg/detail/throttle__traits.hpp
[8.341s] -- Installing: /home/jcespedes/Documents/softsys-jetracer/jetracer_ws/install/softsys_msgs/include/softsys_msgs/softsys_msgs/msg/detail/steer__struct.hpp
[8.341s] -- Installing: /home/jcespedes/Documents/softsys-jetracer/jetracer_ws/install/softsys_msgs/include/softsys_msgs/softsys_msgs/msg/detail/safety__traits.hpp
[8.341s] -- Installing: /home/jcespedes/Documents/softsys-jetracer/jetracer_ws/install/softsys_msgs/include/softsys_msgs/softsys_msgs/msg/detail/safety__struct.hpp
[8.341s] -- Installing: /home/jcespedes/Documents/softsys-jetracer/jetracer_ws/install/softsys_msgs/include/softsys_msgs/softsys_msgs/msg/throttle.hpp
[8.341s] -- Installing: /home/jcespedes/Documents/softsys-jetracer/jetracer_ws/install/softsys_msgs/include/softsys_msgs/softsys_msgs/msg/safety.hpp
[8.342s] -- Installing: /home/jcespedes/Documents/softsys-jetracer/jetracer_ws/install/softsys_msgs/include/softsys_msgs/softsys_msgs/msg/rosidl_generator_cpp__visibility_control.hpp
[8.342s] -- Installing: /home/jcespedes/Documents/softsys-jetracer/jetracer_ws/install/softsys_msgs/include/softsys_msgs/softsys_msgs/msg/steer.hpp
[8.342s] -- Up-to-date: /home/jcespedes/Documents/softsys-jetracer/jetracer_ws/install/softsys_msgs/include/softsys_msgs/softsys_msgs
[8.342s] -- Up-to-date: /home/jcespedes/Documents/softsys-jetracer/jetracer_ws/install/softsys_msgs/include/softsys_msgs/softsys_msgs/msg
[8.342s] -- Up-to-date: /home/jcespedes/Documents/softsys-jetracer/jetracer_ws/install/softsys_msgs/include/softsys_msgs/softsys_msgs/msg/detail
[8.342s] -- Installing: /home/jcespedes/Documents/softsys-jetracer/jetracer_ws/install/softsys_msgs/include/softsys_msgs/softsys_msgs/msg/detail/dds_fastrtps
[8.343s] -- Installing: /home/jcespedes/Documents/softsys-jetracer/jetracer_ws/install/softsys_msgs/include/softsys_msgs/softsys_msgs/msg/detail/steer__rosidl_typesupport_fastrtps_cpp.hpp
[8.343s] -- Installing: /home/jcespedes/Documents/softsys-jetracer/jetracer_ws/install/softsys_msgs/include/softsys_msgs/softsys_msgs/msg/detail/throttle__rosidl_typesupport_fastrtps_cpp.hpp
[8.343s] -- Installing: /home/jcespedes/Documents/softsys-jetracer/jetracer_ws/install/softsys_msgs/include/softsys_msgs/softsys_msgs/msg/detail/safety__rosidl_typesupport_fastrtps_cpp.hpp
[8.343s] -- Installing: /home/jcespedes/Documents/softsys-jetracer/jetracer_ws/install/softsys_msgs/include/softsys_msgs/softsys_msgs/msg/rosidl_typesupport_fastrtps_cpp__visibility_control.h
[8.343s] -- Installing: /home/jcespedes/Documents/softsys-jetracer/jetracer_ws/install/softsys_msgs/lib/libsoftsys_msgs__rosidl_typesupport_fastrtps_cpp.so
[8.343s] -- Set non-toolchain portion of runtime path of "/home/jcespedes/Documents/softsys-jetracer/jetracer_ws/install/softsys_msgs/lib/libsoftsys_msgs__rosidl_typesupport_fastrtps_cpp.so" to ""
[8.343s] -- Up-to-date: /home/jcespedes/Documents/softsys-jetracer/jetracer_ws/install/softsys_msgs/include/softsys_msgs/softsys_msgs
[8.344s] -- Up-to-date: /home/jcespedes/Documents/softsys-jetracer/jetracer_ws/install/softsys_msgs/include/softsys_msgs/softsys_msgs/msg
[8.344s] -- Up-to-date: /home/jcespedes/Documents/softsys-jetracer/jetracer_ws/install/softsys_msgs/include/softsys_msgs/softsys_msgs/msg/detail
[8.344s] -- Installing: /home/jcespedes/Documents/softsys-jetracer/jetracer_ws/install/softsys_msgs/include/softsys_msgs/softsys_msgs/msg/detail/steer__rosidl_typesupport_introspection_cpp.hpp
[8.344s] -- Installing: /home/jcespedes/Documents/softsys-jetracer/jetracer_ws/install/softsys_msgs/include/softsys_msgs/softsys_msgs/msg/detail/throttle__rosidl_typesupport_introspection_cpp.hpp
[8.345s] -- Installing: /home/jcespedes/Documents/softsys-jetracer/jetracer_ws/install/softsys_msgs/include/softsys_msgs/softsys_msgs/msg/detail/steer__type_support.cpp
[8.345s] -- Installing: /home/jcespedes/Documents/softsys-jetracer/jetracer_ws/install/softsys_msgs/include/softsys_msgs/softsys_msgs/msg/detail/throttle__type_support.cpp
[8.345s] -- Installing: /home/jcespedes/Documents/softsys-jetracer/jetracer_ws/install/softsys_msgs/include/softsys_msgs/softsys_msgs/msg/detail/safety__type_support.cpp
[8.345s] -- Installing: /home/jcespedes/Documents/softsys-jetracer/jetracer_ws/install/softsys_msgs/include/softsys_msgs/softsys_msgs/msg/detail/safety__rosidl_typesupport_introspection_cpp.hpp
[8.345s] -- Installing: /home/jcespedes/Documents/softsys-jetracer/jetracer_ws/install/softsys_msgs/lib/libsoftsys_msgs__rosidl_typesupport_introspection_cpp.so
[8.345s] -- Set non-toolchain portion of runtime path of "/home/jcespedes/Documents/softsys-jetracer/jetracer_ws/install/softsys_msgs/lib/libsoftsys_msgs__rosidl_typesupport_introspection_cpp.so" to ""
[8.345s] -- Installing: /home/jcespedes/Documents/softsys-jetracer/jetracer_ws/install/softsys_msgs/lib/libsoftsys_msgs__rosidl_typesupport_cpp.so
[8.346s] -- Set non-toolchain portion of runtime path of "/home/jcespedes/Documents/softsys-jetracer/jetracer_ws/install/softsys_msgs/lib/libsoftsys_msgs__rosidl_typesupport_cpp.so" to ""
[8.346s] -- Installing: /home/jcespedes/Documents/softsys-jetracer/jetracer_ws/install/softsys_msgs/share/softsys_msgs/environment/pythonpath.sh
[8.346s] -- Installing: /home/jcespedes/Documents/softsys-jetracer/jetracer_ws/install/softsys_msgs/share/softsys_msgs/environment/pythonpath.dsv
[8.346s] -- Installing: /home/jcespedes/Documents/softsys-jetracer/jetracer_ws/install/softsys_msgs/lib/python3.12/site-packages/softsys_msgs-1.0.0-py3.12.egg-info
[8.346s] -- Installing: /home/jcespedes/Documents/softsys-jetracer/jetracer_ws/install/softsys_msgs/lib/python3.12/site-packages/softsys_msgs-1.0.0-py3.12.egg-info/SOURCES.txt
[8.346s] -- Installing: /home/jcespedes/Documents/softsys-jetracer/jetracer_ws/install/softsys_msgs/lib/python3.12/site-packages/softsys_msgs-1.0.0-py3.12.egg-info/top_level.txt
[8.346s] -- Installing: /home/jcespedes/Documents/softsys-jetracer/jetracer_ws/install/softsys_msgs/lib/python3.12/site-packages/softsys_msgs-1.0.0-py3.12.egg-info/PKG-INFO
[8.346s] -- Installing: /home/jcespedes/Documents/softsys-jetracer/jetracer_ws/install/softsys_msgs/lib/python3.12/site-packages/softsys_msgs-1.0.0-py3.12.egg-info/dependency_links.txt
[8.347s] -- Installing: /home/jcespedes/Documents/softsys-jetracer/jetracer_ws/install/softsys_msgs/lib/python3.12/site-packages/softsys_msgs
[8.347s] -- Installing: /home/jcespedes/Documents/softsys-jetracer/jetracer_ws/install/softsys_msgs/lib/python3.12/site-packages/softsys_msgs/softsys_msgs_s__rosidl_typesupport_introspection_c.so
[8.347s] -- Installing: /home/jcespedes/Documents/softsys-jetracer/jetracer_ws/install/softsys_msgs/lib/python3.12/site-packages/softsys_msgs/softsys_msgs_s__rosidl_typesupport_c.so
[8.347s] -- Installing: /home/jcespedes/Documents/softsys-jetracer/jetracer_ws/install/softsys_msgs/lib/python3.12/site-packages/softsys_msgs/_softsys_msgs_s.ep.rosidl_typesupport_c.c
[8.347s] -- Installing: /home/jcespedes/Documents/softsys-jetracer/jetracer_ws/install/softsys_msgs/lib/python3.12/site-packages/softsys_msgs/_softsys_msgs_s.ep.rosidl_typesupport_fastrtps_c.c
[8.347s] -- Installing: /home/jcespedes/Documents/softsys-jetracer/jetracer_ws/install/softsys_msgs/lib/python3.12/site-packages/softsys_msgs/_softsys_msgs_s.ep.rosidl_typesupport_introspection_c.c
[8.347s] -- Installing: /home/jcespedes/Documents/softsys-jetracer/jetracer_ws/install/softsys_msgs/lib/python3.12/site-packages/softsys_msgs/softsys_msgs_s__rosidl_typesupport_fastrtps_c.so
[8.348s] -- Installing: /home/jcespedes/Documents/softsys-jetracer/jetracer_ws/install/softsys_msgs/lib/python3.12/site-packages/softsys_msgs/__init__.py
[8.348s] -- Installing: /home/jcespedes/Documents/softsys-jetracer/jetracer_ws/install/softsys_msgs/lib/python3.12/site-packages/softsys_msgs/msg
[8.348s] -- Installing: /home/jcespedes/Documents/softsys-jetracer/jetracer_ws/install/softsys_msgs/lib/python3.12/site-packages/softsys_msgs/msg/_throttle_s.c
[8.348s] -- Installing: /home/jcespedes/Documents/softsys-jetracer/jetracer_ws/install/softsys_msgs/lib/python3.12/site-packages/softsys_msgs/msg/_safety.py
[8.348s] -- Installing: /home/jcespedes/Documents/softsys-jetracer/jetracer_ws/install/softsys_msgs/lib/python3.12/site-packages/softsys_msgs/msg/_steer.py
[8.348s] -- Installing: /home/jcespedes/Documents/softsys-jetracer/jetracer_ws/install/softsys_msgs/lib/python3.12/site-packages/softsys_msgs/msg/_throttle.py
[8.348s] -- Installing: /home/jcespedes/Documents/softsys-jetracer/jetracer_ws/install/softsys_msgs/lib/python3.12/site-packages/softsys_msgs/msg/__init__.py
[8.348s] -- Installing: /home/jcespedes/Documents/softsys-jetracer/jetracer_ws/install/softsys_msgs/lib/python3.12/site-packages/softsys_msgs/msg/_safety_s.c
[8.348s] -- Installing: /home/jcespedes/Documents/softsys-jetracer/jetracer_ws/install/softsys_msgs/lib/python3.12/site-packages/softsys_msgs/msg/_steer_s.c
[8.390s] Listing '/home/jcespedes/Documents/softsys-jetracer/jetracer_ws/install/softsys_msgs/lib/python3.12/site-packages/softsys_msgs'...
[8.391s] Compiling '/home/jcespedes/Documents/softsys-jetracer/jetracer_ws/install/softsys_msgs/lib/python3.12/site-packages/softsys_msgs/__init__.py'...
[8.391s] Listing '/home/jcespedes/Documents/softsys-jetracer/jetracer_ws/install/softsys_msgs/lib/python3.12/site-packages/softsys_msgs/msg'...
[8.391s] Compiling '/home/jcespedes/Documents/softsys-jetracer/jetracer_ws/install/softsys_msgs/lib/python3.12/site-packages/softsys_msgs/msg/__init__.py'...
[8.391s] Compiling '/home/jcespedes/Documents/softsys-jetracer/jetracer_ws/install/softsys_msgs/lib/python3.12/site-packages/softsys_msgs/msg/_safety.py'...
[8.391s] Compiling '/home/jcespedes/Documents/softsys-jetracer/jetracer_ws/install/softsys_msgs/lib/python3.12/site-packages/softsys_msgs/msg/_steer.py'...
[8.391s] Compiling '/home/jcespedes/Documents/softsys-jetracer/jetracer_ws/install/softsys_msgs/lib/python3.12/site-packages/softsys_msgs/msg/_throttle.py'...
[8.396s] -- Installing: /home/jcespedes/Documents/softsys-jetracer/jetracer_ws/install/softsys_msgs/lib/python3.12/site-packages/softsys_msgs/softsys_msgs_s__rosidl_typesupport_fastrtps_c.so
[8.397s] -- Set non-toolchain portion of runtime path of "/home/jcespedes/Documents/softsys-jetracer/jetracer_ws/install/softsys_msgs/lib/python3.12/site-packages/softsys_msgs/softsys_msgs_s__rosidl_typesupport_fastrtps_c.so" to ""
[8.397s] -- Installing: /home/jcespedes/Documents/softsys-jetracer/jetracer_ws/install/softsys_msgs/lib/python3.12/site-packages/softsys_msgs/softsys_msgs_s__rosidl_typesupport_introspection_c.so
[8.398s] -- Set non-toolchain portion of runtime path of "/home/jcespedes/Documents/softsys-jetracer/jetracer_ws/install/softsys_msgs/lib/python3.12/site-packages/softsys_msgs/softsys_msgs_s__rosidl_typesupport_introspection_c.so" to ""
[8.398s] -- Installing: /home/jcespedes/Documents/softsys-jetracer/jetracer_ws/install/softsys_msgs/lib/python3.12/site-packages/softsys_msgs/softsys_msgs_s__rosidl_typesupport_c.so
[8.398s] -- Set non-toolchain portion of runtime path of "/home/jcespedes/Documents/softsys-jetracer/jetracer_ws/install/softsys_msgs/lib/python3.12/site-packages/softsys_msgs/softsys_msgs_s__rosidl_typesupport_c.so" to ""
[8.399s] -- Installing: /home/jcespedes/Documents/softsys-jetracer/jetracer_ws/install/softsys_msgs/lib/libsoftsys_msgs__rosidl_generator_py.so
[8.399s] -- Set non-toolchain portion of runtime path of "/home/jcespedes/Documents/softsys-jetracer/jetracer_ws/install/softsys_msgs/lib/libsoftsys_msgs__rosidl_generator_py.so" to ""
[8.399s] -- Installing: /home/jcespedes/Documents/softsys-jetracer/jetracer_ws/install/softsys_msgs/share/softsys_msgs/msg/Throttle.idl
[8.399s] -- Installing: /home/jcespedes/Documents/softsys-jetracer/jetracer_ws/install/softsys_msgs/share/softsys_msgs/msg/Steer.idl
[8.400s] -- Installing: /home/jcespedes/Documents/softsys-jetracer/jetracer_ws/install/softsys_msgs/share/softsys_msgs/msg/Safety.idl
[8.400s] -- Installing: /home/jcespedes/Documents/softsys-jetracer/jetracer_ws/install/softsys_msgs/share/softsys_msgs/msg/Throttle.msg
[8.400s] -- Installing: /home/jcespedes/Documents/softsys-jetracer/jetracer_ws/install/softsys_msgs/share/softsys_msgs/msg/Steer.msg
[8.400s] -- Installing: /home/jcespedes/Documents/softsys-jetracer/jetracer_ws/install/softsys_msgs/share/softsys_msgs/msg/Safety.msg
[8.400s] -- Installing: /home/jcespedes/Documents/softsys-jetracer/jetracer_ws/install/softsys_msgs/share/ament_index/resource_index/package_run_dependencies/softsys_msgs
[8.401s] -- Installing: /home/jcespedes/Documents/softsys-jetracer/jetracer_ws/install/softsys_msgs/share/ament_index/resource_index/parent_prefix_path/softsys_msgs
[8.401s] -- Installing: /home/jcespedes/Documents/softsys-jetracer/jetracer_ws/install/softsys_msgs/share/softsys_msgs/environment/ament_prefix_path.sh
[8.401s] -- Installing: /home/jcespedes/Documents/softsys-jetracer/jetracer_ws/install/softsys_msgs/share/softsys_msgs/environment/ament_prefix_path.dsv
[8.401s] -- Installing: /home/jcespedes/Documents/softsys-jetracer/jetracer_ws/install/softsys_msgs/share/softsys_msgs/environment/path.sh
[8.401s] -- Installing: /home/jcespedes/Documents/softsys-jetracer/jetracer_ws/install/softsys_msgs/share/softsys_msgs/environment/path.dsv
[8.401s] -- Installing: /home/jcespedes/Documents/softsys-jetracer/jetracer_ws/install/softsys_msgs/share/softsys_msgs/local_setup.bash
[8.401s] -- Installing: /home/jcespedes/Documents/softsys-jetracer/jetracer_ws/install/softsys_msgs/share/softsys_msgs/local_setup.sh
[8.402s] -- Installing: /home/jcespedes/Documents/softsys-jetracer/jetracer_ws/install/softsys_msgs/share/softsys_msgs/local_setup.zsh
[8.402s] -- Installing: /home/jcespedes/Documents/softsys-jetracer/jetracer_ws/install/softsys_msgs/share/softsys_msgs/local_setup.dsv
[8.402s] -- Installing: /home/jcespedes/Documents/softsys-jetracer/jetracer_ws/install/softsys_msgs/share/softsys_msgs/package.dsv
[8.402s] -- Installing: /home/jcespedes/Documents/softsys-jetracer/jetracer_ws/install/softsys_msgs/share/ament_index/resource_index/packages/softsys_msgs
[8.402s] -- Installing: /home/jcespedes/Documents/softsys-jetracer/jetracer_ws/install/softsys_msgs/share/softsys_msgs/cmake/export_softsys_msgs__rosidl_generator_cExport.cmake
[8.402s] -- Installing: /home/jcespedes/Documents/softsys-jetracer/jetracer_ws/install/softsys_msgs/share/softsys_msgs/cmake/export_softsys_msgs__rosidl_generator_cExport-noconfig.cmake
[8.403s] -- Installing: /home/jcespedes/Documents/softsys-jetracer/jetracer_ws/install/softsys_msgs/share/softsys_msgs/cmake/export_softsys_msgs__rosidl_typesupport_fastrtps_cExport.cmake
[8.403s] -- Installing: /home/jcespedes/Documents/softsys-jetracer/jetracer_ws/install/softsys_msgs/share/softsys_msgs/cmake/export_softsys_msgs__rosidl_typesupport_fastrtps_cExport-noconfig.cmake
[8.403s] -- Installing: /home/jcespedes/Documents/softsys-jetracer/jetracer_ws/install/softsys_msgs/share/softsys_msgs/cmake/softsys_msgs__rosidl_typesupport_introspection_cExport.cmake
[8.403s] -- Installing: /home/jcespedes/Documents/softsys-jetracer/jetracer_ws/install/softsys_msgs/share/softsys_msgs/cmake/softsys_msgs__rosidl_typesupport_introspection_cExport-noconfig.cmake
[8.403s] -- Installing: /home/jcespedes/Documents/softsys-jetracer/jetracer_ws/install/softsys_msgs/share/softsys_msgs/cmake/softsys_msgs__rosidl_typesupport_cExport.cmake
[8.404s] -- Installing: /home/jcespedes/Documents/softsys-jetracer/jetracer_ws/install/softsys_msgs/share/softsys_msgs/cmake/softsys_msgs__rosidl_typesupport_cExport-noconfig.cmake
[8.404s] -- Installing: /home/jcespedes/Documents/softsys-jetracer/jetracer_ws/install/softsys_msgs/share/softsys_msgs/cmake/export_softsys_msgs__rosidl_generator_cppExport.cmake
[8.404s] -- Installing: /home/jcespedes/Documents/softsys-jetracer/jetracer_ws/install/softsys_msgs/share/softsys_msgs/cmake/export_softsys_msgs__rosidl_typesupport_fastrtps_cppExport.cmake
[8.404s] -- Installing: /home/jcespedes/Documents/softsys-jetracer/jetracer_ws/install/softsys_msgs/share/softsys_msgs/cmake/export_softsys_msgs__rosidl_typesupport_fastrtps_cppExport-noconfig.cmake
[8.404s] -- Installing: /home/jcespedes/Documents/softsys-jetracer/jetracer_ws/install/softsys_msgs/share/softsys_msgs/cmake/softsys_msgs__rosidl_typesupport_introspection_cppExport.cmake
[8.404s] -- Installing: /home/jcespedes/Documents/softsys-jetracer/jetracer_ws/install/softsys_msgs/share/softsys_msgs/cmake/softsys_msgs__rosidl_typesupport_introspection_cppExport-noconfig.cmake
[8.404s] -- Installing: /home/jcespedes/Documents/softsys-jetracer/jetracer_ws/install/softsys_msgs/share/softsys_msgs/cmake/softsys_msgs__rosidl_typesupport_cppExport.cmake
[8.405s] -- Installing: /home/jcespedes/Documents/softsys-jetracer/jetracer_ws/install/softsys_msgs/share/softsys_msgs/cmake/softsys_msgs__rosidl_typesupport_cppExport-noconfig.cmake
[8.405s] -- Installing: /home/jcespedes/Documents/softsys-jetracer/jetracer_ws/install/softsys_msgs/share/softsys_msgs/cmake/export_softsys_msgs__rosidl_generator_pyExport.cmake
[8.405s] -- Installing: /home/jcespedes/Documents/softsys-jetracer/jetracer_ws/install/softsys_msgs/share/softsys_msgs/cmake/export_softsys_msgs__rosidl_generator_pyExport-noconfig.cmake
[8.405s] -- Installing: /home/jcespedes/Documents/softsys-jetracer/jetracer_ws/install/softsys_msgs/share/softsys_msgs/cmake/rosidl_cmake-extras.cmake
[8.405s] -- Installing: /home/jcespedes/Documents/softsys-jetracer/jetracer_ws/install/softsys_msgs/share/softsys_msgs/cmake/ament_cmake_export_dependencies-extras.cmake
[8.405s] -- Installing: /home/jcespedes/Documents/softsys-jetracer/jetracer_ws/install/softsys_msgs/share/softsys_msgs/cmake/ament_cmake_export_include_directories-extras.cmake
[8.405s] -- Installing: /home/jcespedes/Documents/softsys-jetracer/jetracer_ws/install/softsys_msgs/share/softsys_msgs/cmake/ament_cmake_export_libraries-extras.cmake
[8.405s] -- Installing: /home/jcespedes/Documents/softsys-jetracer/jetracer_ws/install/softsys_msgs/share/softsys_msgs/cmake/ament_cmake_export_targets-extras.cmake
[8.406s] -- Installing: /home/jcespedes/Documents/softsys-jetracer/jetracer_ws/install/softsys_msgs/share/softsys_msgs/cmake/rosidl_cmake_export_typesupport_targets-extras.cmake
[8.406s] -- Installing: /home/jcespedes/Documents/softsys-jetracer/jetracer_ws/install/softsys_msgs/share/softsys_msgs/cmake/rosidl_cmake_export_typesupport_libraries-extras.cmake
[8.406s] -- Installing: /home/jcespedes/Documents/softsys-jetracer/jetracer_ws/install/softsys_msgs/share/softsys_msgs/cmake/softsys_msgsConfig.cmake
[8.406s] -- Installing: /home/jcespedes/Documents/softsys-jetracer/jetracer_ws/install/softsys_msgs/share/softsys_msgs/cmake/softsys_msgsConfig-version.cmake
[8.406s] -- Installing: /home/jcespedes/Documents/softsys-jetracer/jetracer_ws/install/softsys_msgs/share/softsys_msgs/package.xml
[8.409s] Invoked command in '/home/jcespedes/Documents/softsys-jetracer/jetracer_ws/build/softsys_msgs' returned '0': CMAKE_PREFIX_PATH=${CMAKE_PREFIX_PATH}:/opt/ros/jazzy DEBUGINFOD_URLS=https://debuginfod.ubuntu.com /usr/bin/cmake --install /home/jcespedes/Documents/softsys-jetracer/jetracer_ws/build/softsys_msgs
