[  1%] Built target softsys_msgs__rosidl_generator_type_description
[  1%] Built target ament_cmake_python_copy_softsys_msgs
[ 22%] Built target softsys_msgs__rosidl_generator_c
[ 24%] Built target softsys_msgs__cpp
running egg_info
writing softsys_msgs.egg-info/PKG-INFO
writing dependency_links to softsys_msgs.egg-info/dependency_links.txt
writing top-level names to softsys_msgs.egg-info/top_level.txt
reading manifest file 'softsys_msgs.egg-info/SOURCES.txt'
writing manifest file 'softsys_msgs.egg-info/SOURCES.txt'
[ 24%] Built target ament_cmake_python_build_softsys_msgs_egg
[ 33%] Built target softsys_msgs__rosidl_typesupport_introspection_c
[ 42%] Built target softsys_msgs__rosidl_typesupport_c
[ 51%] Built target softsys_msgs__rosidl_typesupport_fastrtps_cpp
[ 61%] Built target softsys_msgs__rosidl_typesupport_introspection_cpp
[ 70%] Built target softsys_msgs__rosidl_typesupport_cpp
[ 79%] Built target softsys_msgs__rosidl_typesupport_fastrtps_c
[ 79%] Built target softsys_msgs
[ 81%] Built target softsys_msgs__py
[ 88%] Built target softsys_msgs__rosidl_generator_py
[ 92%] Built target softsys_msgs_s__rosidl_typesupport_fastrtps_c
[ 96%] Built target softsys_msgs_s__rosidl_typesupport_introspection_c
[100%] Built target softsys_msgs_s__rosidl_typesupport_c
-- Install configuration: ""
-- Up-to-date: /home/odm0003/Documents/mech6970-softsys/jetracer_prj/jetracer_ws/install/softsys_msgs/share/ament_index/resource_index/rosidl_interfaces/softsys_msgs
-- Up-to-date: /home/odm0003/Documents/mech6970-softsys/jetracer_prj/jetracer_ws/install/softsys_msgs/share/softsys_msgs/msg/Throttle.json
-- Up-to-date: /home/odm0003/Documents/mech6970-softsys/jetracer_prj/jetracer_ws/install/softsys_msgs/share/softsys_msgs/msg/Steer.json
-- Up-to-date: /home/odm0003/Documents/mech6970-softsys/jetracer_prj/jetracer_ws/install/softsys_msgs/share/softsys_msgs/msg/Safety.json
-- Up-to-date: /home/odm0003/Documents/mech6970-softsys/jetracer_prj/jetracer_ws/install/softsys_msgs/include/softsys_msgs/softsys_msgs
-- Up-to-date: /home/odm0003/Documents/mech6970-softsys/jetracer_prj/jetracer_ws/install/softsys_msgs/include/softsys_msgs/softsys_msgs/msg
-- Up-to-date: /home/odm0003/Documents/mech6970-softsys/jetracer_prj/jetracer_ws/install/softsys_msgs/include/softsys_msgs/softsys_msgs/msg/steer.h
-- Up-to-date: /home/odm0003/Documents/mech6970-softsys/jetracer_prj/jetracer_ws/install/softsys_msgs/include/softsys_msgs/softsys_msgs/msg/detail
-- Up-to-date: /home/odm0003/Documents/mech6970-softsys/jetracer_prj/jetracer_ws/install/softsys_msgs/include/softsys_msgs/softsys_msgs/msg/detail/steer__description.c
-- Up-to-date: /home/odm0003/Documents/mech6970-softsys/jetracer_prj/jetracer_ws/install/softsys_msgs/include/softsys_msgs/softsys_msgs/msg/detail/safety__description.c
-- Up-to-date: /home/odm0003/Documents/mech6970-softsys/jetracer_prj/jetracer_ws/install/softsys_msgs/include/softsys_msgs/softsys_msgs/msg/detail/steer__type_support.c
-- Up-to-date: /home/odm0003/Documents/mech6970-softsys/jetracer_prj/jetracer_ws/install/softsys_msgs/include/softsys_msgs/softsys_msgs/msg/detail/throttle__struct.h
-- Up-to-date: /home/odm0003/Documents/mech6970-softsys/jetracer_prj/jetracer_ws/install/softsys_msgs/include/softsys_msgs/softsys_msgs/msg/detail/steer__type_support.h
-- Up-to-date: /home/odm0003/Documents/mech6970-softsys/jetracer_prj/jetracer_ws/install/softsys_msgs/include/softsys_msgs/softsys_msgs/msg/detail/safety__struct.h
-- Up-to-date: /home/odm0003/Documents/mech6970-softsys/jetracer_prj/jetracer_ws/install/softsys_msgs/include/softsys_msgs/softsys_msgs/msg/detail/steer__struct.h
-- Up-to-date: /home/odm0003/Documents/mech6970-softsys/jetracer_prj/jetracer_ws/install/softsys_msgs/include/softsys_msgs/softsys_msgs/msg/detail/throttle__type_support.h
-- Up-to-date: /home/odm0003/Documents/mech6970-softsys/jetracer_prj/jetracer_ws/install/softsys_msgs/include/softsys_msgs/softsys_msgs/msg/detail/safety__functions.h
-- Up-to-date: /home/odm0003/Documents/mech6970-softsys/jetracer_prj/jetracer_ws/install/softsys_msgs/include/softsys_msgs/softsys_msgs/msg/detail/throttle__description.c
-- Up-to-date: /home/odm0003/Documents/mech6970-softsys/jetracer_prj/jetracer_ws/install/softsys_msgs/include/softsys_msgs/softsys_msgs/msg/detail/safety__functions.c
-- Up-to-date: /home/odm0003/Documents/mech6970-softsys/jetracer_prj/jetracer_ws/install/softsys_msgs/include/softsys_msgs/softsys_msgs/msg/detail/throttle__functions.h
-- Up-to-date: /home/odm0003/Documents/mech6970-softsys/jetracer_prj/jetracer_ws/install/softsys_msgs/include/softsys_msgs/softsys_msgs/msg/detail/throttle__type_support.c
-- Up-to-date: /home/odm0003/Documents/mech6970-softsys/jetracer_prj/jetracer_ws/install/softsys_msgs/include/softsys_msgs/softsys_msgs/msg/detail/steer__functions.c
-- Up-to-date: /home/odm0003/Documents/mech6970-softsys/jetracer_prj/jetracer_ws/install/softsys_msgs/include/softsys_msgs/softsys_msgs/msg/detail/steer__functions.h
-- Up-to-date: /home/odm0003/Documents/mech6970-softsys/jetracer_prj/jetracer_ws/install/softsys_msgs/include/softsys_msgs/softsys_msgs/msg/detail/safety__type_support.h
-- Up-to-date: /home/odm0003/Documents/mech6970-softsys/jetracer_prj/jetracer_ws/install/softsys_msgs/include/softsys_msgs/softsys_msgs/msg/detail/throttle__functions.c
-- Up-to-date: /home/odm0003/Documents/mech6970-softsys/jetracer_prj/jetracer_ws/install/softsys_msgs/include/softsys_msgs/softsys_msgs/msg/detail/safety__type_support.c
-- Up-to-date: /home/odm0003/Documents/mech6970-softsys/jetracer_prj/jetracer_ws/install/softsys_msgs/include/softsys_msgs/softsys_msgs/msg/safety.h
-- Up-to-date: /home/odm0003/Documents/mech6970-softsys/jetracer_prj/jetracer_ws/install/softsys_msgs/include/softsys_msgs/softsys_msgs/msg/rosidl_generator_c__visibility_control.h
-- Up-to-date: /home/odm0003/Documents/mech6970-softsys/jetracer_prj/jetracer_ws/install/softsys_msgs/include/softsys_msgs/softsys_msgs/msg/throttle.h
-- Up-to-date: /home/odm0003/Documents/mech6970-softsys/jetracer_prj/jetracer_ws/install/softsys_msgs/share/softsys_msgs/environment/library_path.sh
-- Up-to-date: /home/odm0003/Documents/mech6970-softsys/jetracer_prj/jetracer_ws/install/softsys_msgs/share/softsys_msgs/environment/library_path.dsv
-- Up-to-date: /home/odm0003/Documents/mech6970-softsys/jetracer_prj/jetracer_ws/install/softsys_msgs/lib/libsoftsys_msgs__rosidl_generator_c.so
-- Up-to-date: /home/odm0003/Documents/mech6970-softsys/jetracer_prj/jetracer_ws/install/softsys_msgs/include/softsys_msgs/softsys_msgs
-- Up-to-date: /home/odm0003/Documents/mech6970-softsys/jetracer_prj/jetracer_ws/install/softsys_msgs/include/softsys_msgs/softsys_msgs/msg
-- Up-to-date: /home/odm0003/Documents/mech6970-softsys/jetracer_prj/jetracer_ws/install/softsys_msgs/include/softsys_msgs/softsys_msgs/msg/detail
-- Up-to-date: /home/odm0003/Documents/mech6970-softsys/jetracer_prj/jetracer_ws/install/softsys_msgs/include/softsys_msgs/softsys_msgs/msg/detail/steer__rosidl_typesupport_fastrtps_c.h
-- Up-to-date: /home/odm0003/Documents/mech6970-softsys/jetracer_prj/jetracer_ws/install/softsys_msgs/include/softsys_msgs/softsys_msgs/msg/detail/safety__rosidl_typesupport_fastrtps_c.h
-- Up-to-date: /home/odm0003/Documents/mech6970-softsys/jetracer_prj/jetracer_ws/install/softsys_msgs/include/softsys_msgs/softsys_msgs/msg/detail/throttle__rosidl_typesupport_fastrtps_c.h
-- Up-to-date: /home/odm0003/Documents/mech6970-softsys/jetracer_prj/jetracer_ws/install/softsys_msgs/include/softsys_msgs/softsys_msgs/msg/rosidl_typesupport_fastrtps_c__visibility_control.h
-- Up-to-date: /home/odm0003/Documents/mech6970-softsys/jetracer_prj/jetracer_ws/install/softsys_msgs/lib/libsoftsys_msgs__rosidl_typesupport_fastrtps_c.so
-- Up-to-date: /home/odm0003/Documents/mech6970-softsys/jetracer_prj/jetracer_ws/install/softsys_msgs/include/softsys_msgs/softsys_msgs
-- Up-to-date: /home/odm0003/Documents/mech6970-softsys/jetracer_prj/jetracer_ws/install/softsys_msgs/include/softsys_msgs/softsys_msgs/msg
-- Up-to-date: /home/odm0003/Documents/mech6970-softsys/jetracer_prj/jetracer_ws/install/softsys_msgs/include/softsys_msgs/softsys_msgs/msg/detail
-- Up-to-date: /home/odm0003/Documents/mech6970-softsys/jetracer_prj/jetracer_ws/install/softsys_msgs/include/softsys_msgs/softsys_msgs/msg/detail/safety__rosidl_typesupport_introspection_c.h
-- Up-to-date: /home/odm0003/Documents/mech6970-softsys/jetracer_prj/jetracer_ws/install/softsys_msgs/include/softsys_msgs/softsys_msgs/msg/detail/steer__type_support.c
-- Up-to-date: /home/odm0003/Documents/mech6970-softsys/jetracer_prj/jetracer_ws/install/softsys_msgs/include/softsys_msgs/softsys_msgs/msg/detail/throttle__type_support.c
-- Up-to-date: /home/odm0003/Documents/mech6970-softsys/jetracer_prj/jetracer_ws/install/softsys_msgs/include/softsys_msgs/softsys_msgs/msg/detail/throttle__rosidl_typesupport_introspection_c.h
-- Up-to-date: /home/odm0003/Documents/mech6970-softsys/jetracer_prj/jetracer_ws/install/softsys_msgs/include/softsys_msgs/softsys_msgs/msg/detail/steer__rosidl_typesupport_introspection_c.h
-- Up-to-date: /home/odm0003/Documents/mech6970-softsys/jetracer_prj/jetracer_ws/install/softsys_msgs/include/softsys_msgs/softsys_msgs/msg/detail/safety__type_support.c
-- Up-to-date: /home/odm0003/Documents/mech6970-softsys/jetracer_prj/jetracer_ws/install/softsys_msgs/include/softsys_msgs/softsys_msgs/msg/rosidl_typesupport_introspection_c__visibility_control.h
-- Up-to-date: /home/odm0003/Documents/mech6970-softsys/jetracer_prj/jetracer_ws/install/softsys_msgs/lib/libsoftsys_msgs__rosidl_typesupport_introspection_c.so
-- Up-to-date: /home/odm0003/Documents/mech6970-softsys/jetracer_prj/jetracer_ws/install/softsys_msgs/lib/libsoftsys_msgs__rosidl_typesupport_c.so
-- Up-to-date: /home/odm0003/Documents/mech6970-softsys/jetracer_prj/jetracer_ws/install/softsys_msgs/include/softsys_msgs/softsys_msgs
-- Up-to-date: /home/odm0003/Documents/mech6970-softsys/jetracer_prj/jetracer_ws/install/softsys_msgs/include/softsys_msgs/softsys_msgs/msg
-- Up-to-date: /home/odm0003/Documents/mech6970-softsys/jetracer_prj/jetracer_ws/install/softsys_msgs/include/softsys_msgs/softsys_msgs/msg/detail
-- Up-to-date: /home/odm0003/Documents/mech6970-softsys/jetracer_prj/jetracer_ws/install/softsys_msgs/include/softsys_msgs/softsys_msgs/msg/detail/steer__struct.hpp
-- Up-to-date: /home/odm0003/Documents/mech6970-softsys/jetracer_prj/jetracer_ws/install/softsys_msgs/include/softsys_msgs/softsys_msgs/msg/detail/safety__type_support.hpp
-- Up-to-date: /home/odm0003/Documents/mech6970-softsys/jetracer_prj/jetracer_ws/install/softsys_msgs/include/softsys_msgs/softsys_msgs/msg/detail/steer__traits.hpp
-- Up-to-date: /home/odm0003/Documents/mech6970-softsys/jetracer_prj/jetracer_ws/install/softsys_msgs/include/softsys_msgs/softsys_msgs/msg/detail/safety__struct.hpp
-- Up-to-date: /home/odm0003/Documents/mech6970-softsys/jetracer_prj/jetracer_ws/install/softsys_msgs/include/softsys_msgs/softsys_msgs/msg/detail/throttle__builder.hpp
-- Up-to-date: /home/odm0003/Documents/mech6970-softsys/jetracer_prj/jetracer_ws/install/softsys_msgs/include/softsys_msgs/softsys_msgs/msg/detail/steer__builder.hpp
-- Up-to-date: /home/odm0003/Documents/mech6970-softsys/jetracer_prj/jetracer_ws/install/softsys_msgs/include/softsys_msgs/softsys_msgs/msg/detail/throttle__type_support.hpp
-- Up-to-date: /home/odm0003/Documents/mech6970-softsys/jetracer_prj/jetracer_ws/install/softsys_msgs/include/softsys_msgs/softsys_msgs/msg/detail/safety__traits.hpp
-- Up-to-date: /home/odm0003/Documents/mech6970-softsys/jetracer_prj/jetracer_ws/install/softsys_msgs/include/softsys_msgs/softsys_msgs/msg/detail/throttle__struct.hpp
-- Up-to-date: /home/odm0003/Documents/mech6970-softsys/jetracer_prj/jetracer_ws/install/softsys_msgs/include/softsys_msgs/softsys_msgs/msg/detail/safety__builder.hpp
-- Up-to-date: /home/odm0003/Documents/mech6970-softsys/jetracer_prj/jetracer_ws/install/softsys_msgs/include/softsys_msgs/softsys_msgs/msg/detail/throttle__traits.hpp
-- Up-to-date: /home/odm0003/Documents/mech6970-softsys/jetracer_prj/jetracer_ws/install/softsys_msgs/include/softsys_msgs/softsys_msgs/msg/detail/steer__type_support.hpp
-- Up-to-date: /home/odm0003/Documents/mech6970-softsys/jetracer_prj/jetracer_ws/install/softsys_msgs/include/softsys_msgs/softsys_msgs/msg/steer.hpp
-- Up-to-date: /home/odm0003/Documents/mech6970-softsys/jetracer_prj/jetracer_ws/install/softsys_msgs/include/softsys_msgs/softsys_msgs/msg/throttle.hpp
-- Up-to-date: /home/odm0003/Documents/mech6970-softsys/jetracer_prj/jetracer_ws/install/softsys_msgs/include/softsys_msgs/softsys_msgs/msg/rosidl_generator_cpp__visibility_control.hpp
-- Up-to-date: /home/odm0003/Documents/mech6970-softsys/jetracer_prj/jetracer_ws/install/softsys_msgs/include/softsys_msgs/softsys_msgs/msg/safety.hpp
-- Up-to-date: /home/odm0003/Documents/mech6970-softsys/jetracer_prj/jetracer_ws/install/softsys_msgs/include/softsys_msgs/softsys_msgs
-- Up-to-date: /home/odm0003/Documents/mech6970-softsys/jetracer_prj/jetracer_ws/install/softsys_msgs/include/softsys_msgs/softsys_msgs/msg
-- Up-to-date: /home/odm0003/Documents/mech6970-softsys/jetracer_prj/jetracer_ws/install/softsys_msgs/include/softsys_msgs/softsys_msgs/msg/detail
-- Up-to-date: /home/odm0003/Documents/mech6970-softsys/jetracer_prj/jetracer_ws/install/softsys_msgs/include/softsys_msgs/softsys_msgs/msg/detail/dds_fastrtps
-- Up-to-date: /home/odm0003/Documents/mech6970-softsys/jetracer_prj/jetracer_ws/install/softsys_msgs/include/softsys_msgs/softsys_msgs/msg/detail/safety__rosidl_typesupport_fastrtps_cpp.hpp
-- Up-to-date: /home/odm0003/Documents/mech6970-softsys/jetracer_prj/jetracer_ws/install/softsys_msgs/include/softsys_msgs/softsys_msgs/msg/detail/throttle__rosidl_typesupport_fastrtps_cpp.hpp
-- Up-to-date: /home/odm0003/Documents/mech6970-softsys/jetracer_prj/jetracer_ws/install/softsys_msgs/include/softsys_msgs/softsys_msgs/msg/detail/steer__rosidl_typesupport_fastrtps_cpp.hpp
-- Up-to-date: /home/odm0003/Documents/mech6970-softsys/jetracer_prj/jetracer_ws/install/softsys_msgs/include/softsys_msgs/softsys_msgs/msg/rosidl_typesupport_fastrtps_cpp__visibility_control.h
-- Up-to-date: /home/odm0003/Documents/mech6970-softsys/jetracer_prj/jetracer_ws/install/softsys_msgs/lib/libsoftsys_msgs__rosidl_typesupport_fastrtps_cpp.so
-- Up-to-date: /home/odm0003/Documents/mech6970-softsys/jetracer_prj/jetracer_ws/install/softsys_msgs/include/softsys_msgs/softsys_msgs
-- Up-to-date: /home/odm0003/Documents/mech6970-softsys/jetracer_prj/jetracer_ws/install/softsys_msgs/include/softsys_msgs/softsys_msgs/msg
-- Up-to-date: /home/odm0003/Documents/mech6970-softsys/jetracer_prj/jetracer_ws/install/softsys_msgs/include/softsys_msgs/softsys_msgs/msg/detail
-- Up-to-date: /home/odm0003/Documents/mech6970-softsys/jetracer_prj/jetracer_ws/install/softsys_msgs/include/softsys_msgs/softsys_msgs/msg/detail/throttle__rosidl_typesupport_introspection_cpp.hpp
-- Up-to-date: /home/odm0003/Documents/mech6970-softsys/jetracer_prj/jetracer_ws/install/softsys_msgs/include/softsys_msgs/softsys_msgs/msg/detail/safety__type_support.cpp
-- Up-to-date: /home/odm0003/Documents/mech6970-softsys/jetracer_prj/jetracer_ws/install/softsys_msgs/include/softsys_msgs/softsys_msgs/msg/detail/throttle__type_support.cpp
-- Up-to-date: /home/odm0003/Documents/mech6970-softsys/jetracer_prj/jetracer_ws/install/softsys_msgs/include/softsys_msgs/softsys_msgs/msg/detail/safety__rosidl_typesupport_introspection_cpp.hpp
-- Up-to-date: /home/odm0003/Documents/mech6970-softsys/jetracer_prj/jetracer_ws/install/softsys_msgs/include/softsys_msgs/softsys_msgs/msg/detail/steer__rosidl_typesupport_introspection_cpp.hpp
-- Up-to-date: /home/odm0003/Documents/mech6970-softsys/jetracer_prj/jetracer_ws/install/softsys_msgs/include/softsys_msgs/softsys_msgs/msg/detail/steer__type_support.cpp
-- Up-to-date: /home/odm0003/Documents/mech6970-softsys/jetracer_prj/jetracer_ws/install/softsys_msgs/lib/libsoftsys_msgs__rosidl_typesupport_introspection_cpp.so
-- Up-to-date: /home/odm0003/Documents/mech6970-softsys/jetracer_prj/jetracer_ws/install/softsys_msgs/lib/libsoftsys_msgs__rosidl_typesupport_cpp.so
-- Up-to-date: /home/odm0003/Documents/mech6970-softsys/jetracer_prj/jetracer_ws/install/softsys_msgs/share/softsys_msgs/environment/pythonpath.sh
-- Up-to-date: /home/odm0003/Documents/mech6970-softsys/jetracer_prj/jetracer_ws/install/softsys_msgs/share/softsys_msgs/environment/pythonpath.dsv
-- Up-to-date: /home/odm0003/Documents/mech6970-softsys/jetracer_prj/jetracer_ws/install/softsys_msgs/lib/python3.12/site-packages/softsys_msgs-1.0.0-py3.12.egg-info
-- Installing: /home/odm0003/Documents/mech6970-softsys/jetracer_prj/jetracer_ws/install/softsys_msgs/lib/python3.12/site-packages/softsys_msgs-1.0.0-py3.12.egg-info/top_level.txt
-- Installing: /home/odm0003/Documents/mech6970-softsys/jetracer_prj/jetracer_ws/install/softsys_msgs/lib/python3.12/site-packages/softsys_msgs-1.0.0-py3.12.egg-info/PKG-INFO
-- Installing: /home/odm0003/Documents/mech6970-softsys/jetracer_prj/jetracer_ws/install/softsys_msgs/lib/python3.12/site-packages/softsys_msgs-1.0.0-py3.12.egg-info/SOURCES.txt
-- Installing: /home/odm0003/Documents/mech6970-softsys/jetracer_prj/jetracer_ws/install/softsys_msgs/lib/python3.12/site-packages/softsys_msgs-1.0.0-py3.12.egg-info/dependency_links.txt
-- Up-to-date: /home/odm0003/Documents/mech6970-softsys/jetracer_prj/jetracer_ws/install/softsys_msgs/lib/python3.12/site-packages/softsys_msgs
-- Up-to-date: /home/odm0003/Documents/mech6970-softsys/jetracer_prj/jetracer_ws/install/softsys_msgs/lib/python3.12/site-packages/softsys_msgs/_softsys_msgs_s.ep.rosidl_typesupport_c.c
-- Up-to-date: /home/odm0003/Documents/mech6970-softsys/jetracer_prj/jetracer_ws/install/softsys_msgs/lib/python3.12/site-packages/softsys_msgs/msg
-- Up-to-date: /home/odm0003/Documents/mech6970-softsys/jetracer_prj/jetracer_ws/install/softsys_msgs/lib/python3.12/site-packages/softsys_msgs/msg/_steer_s.c
-- Up-to-date: /home/odm0003/Documents/mech6970-softsys/jetracer_prj/jetracer_ws/install/softsys_msgs/lib/python3.12/site-packages/softsys_msgs/msg/__init__.py
-- Up-to-date: /home/odm0003/Documents/mech6970-softsys/jetracer_prj/jetracer_ws/install/softsys_msgs/lib/python3.12/site-packages/softsys_msgs/msg/_throttle_s.c
-- Up-to-date: /home/odm0003/Documents/mech6970-softsys/jetracer_prj/jetracer_ws/install/softsys_msgs/lib/python3.12/site-packages/softsys_msgs/msg/_steer.py
-- Up-to-date: /home/odm0003/Documents/mech6970-softsys/jetracer_prj/jetracer_ws/install/softsys_msgs/lib/python3.12/site-packages/softsys_msgs/msg/_safety.py
-- Up-to-date: /home/odm0003/Documents/mech6970-softsys/jetracer_prj/jetracer_ws/install/softsys_msgs/lib/python3.12/site-packages/softsys_msgs/msg/_throttle.py
-- Up-to-date: /home/odm0003/Documents/mech6970-softsys/jetracer_prj/jetracer_ws/install/softsys_msgs/lib/python3.12/site-packages/softsys_msgs/msg/_safety_s.c
-- Up-to-date: /home/odm0003/Documents/mech6970-softsys/jetracer_prj/jetracer_ws/install/softsys_msgs/lib/python3.12/site-packages/softsys_msgs/softsys_msgs_s__rosidl_typesupport_c.so
-- Up-to-date: /home/odm0003/Documents/mech6970-softsys/jetracer_prj/jetracer_ws/install/softsys_msgs/lib/python3.12/site-packages/softsys_msgs/_softsys_msgs_s.ep.rosidl_typesupport_introspection_c.c
-- Up-to-date: /home/odm0003/Documents/mech6970-softsys/jetracer_prj/jetracer_ws/install/softsys_msgs/lib/python3.12/site-packages/softsys_msgs/_softsys_msgs_s.ep.rosidl_typesupport_fastrtps_c.c
-- Up-to-date: /home/odm0003/Documents/mech6970-softsys/jetracer_prj/jetracer_ws/install/softsys_msgs/lib/python3.12/site-packages/softsys_msgs/softsys_msgs_s__rosidl_typesupport_fastrtps_c.so
-- Up-to-date: /home/odm0003/Documents/mech6970-softsys/jetracer_prj/jetracer_ws/install/softsys_msgs/lib/python3.12/site-packages/softsys_msgs/softsys_msgs_s__rosidl_typesupport_introspection_c.so
-- Up-to-date: /home/odm0003/Documents/mech6970-softsys/jetracer_prj/jetracer_ws/install/softsys_msgs/lib/python3.12/site-packages/softsys_msgs/__init__.py
Listing '/home/odm0003/Documents/mech6970-softsys/jetracer_prj/jetracer_ws/install/softsys_msgs/lib/python3.12/site-packages/softsys_msgs'...
Listing '/home/odm0003/Documents/mech6970-softsys/jetracer_prj/jetracer_ws/install/softsys_msgs/lib/python3.12/site-packages/softsys_msgs/msg'...
-- Up-to-date: /home/odm0003/Documents/mech6970-softsys/jetracer_prj/jetracer_ws/install/softsys_msgs/lib/python3.12/site-packages/softsys_msgs/softsys_msgs_s__rosidl_typesupport_fastrtps_c.so
-- Up-to-date: /home/odm0003/Documents/mech6970-softsys/jetracer_prj/jetracer_ws/install/softsys_msgs/lib/python3.12/site-packages/softsys_msgs/softsys_msgs_s__rosidl_typesupport_introspection_c.so
-- Up-to-date: /home/odm0003/Documents/mech6970-softsys/jetracer_prj/jetracer_ws/install/softsys_msgs/lib/python3.12/site-packages/softsys_msgs/softsys_msgs_s__rosidl_typesupport_c.so
-- Up-to-date: /home/odm0003/Documents/mech6970-softsys/jetracer_prj/jetracer_ws/install/softsys_msgs/lib/libsoftsys_msgs__rosidl_generator_py.so
-- Up-to-date: /home/odm0003/Documents/mech6970-softsys/jetracer_prj/jetracer_ws/install/softsys_msgs/share/softsys_msgs/msg/Throttle.idl
-- Up-to-date: /home/odm0003/Documents/mech6970-softsys/jetracer_prj/jetracer_ws/install/softsys_msgs/share/softsys_msgs/msg/Steer.idl
-- Up-to-date: /home/odm0003/Documents/mech6970-softsys/jetracer_prj/jetracer_ws/install/softsys_msgs/share/softsys_msgs/msg/Safety.idl
-- Up-to-date: /home/odm0003/Documents/mech6970-softsys/jetracer_prj/jetracer_ws/install/softsys_msgs/share/softsys_msgs/msg/Throttle.msg
-- Up-to-date: /home/odm0003/Documents/mech6970-softsys/jetracer_prj/jetracer_ws/install/softsys_msgs/share/softsys_msgs/msg/Steer.msg
-- Up-to-date: /home/odm0003/Documents/mech6970-softsys/jetracer_prj/jetracer_ws/install/softsys_msgs/share/softsys_msgs/msg/Safety.msg
-- Up-to-date: /home/odm0003/Documents/mech6970-softsys/jetracer_prj/jetracer_ws/install/softsys_msgs/share/ament_index/resource_index/package_run_dependencies/softsys_msgs
-- Up-to-date: /home/odm0003/Documents/mech6970-softsys/jetracer_prj/jetracer_ws/install/softsys_msgs/share/ament_index/resource_index/parent_prefix_path/softsys_msgs
-- Up-to-date: /home/odm0003/Documents/mech6970-softsys/jetracer_prj/jetracer_ws/install/softsys_msgs/share/softsys_msgs/environment/ament_prefix_path.sh
-- Up-to-date: /home/odm0003/Documents/mech6970-softsys/jetracer_prj/jetracer_ws/install/softsys_msgs/share/softsys_msgs/environment/ament_prefix_path.dsv
-- Up-to-date: /home/odm0003/Documents/mech6970-softsys/jetracer_prj/jetracer_ws/install/softsys_msgs/share/softsys_msgs/environment/path.sh
-- Up-to-date: /home/odm0003/Documents/mech6970-softsys/jetracer_prj/jetracer_ws/install/softsys_msgs/share/softsys_msgs/environment/path.dsv
-- Up-to-date: /home/odm0003/Documents/mech6970-softsys/jetracer_prj/jetracer_ws/install/softsys_msgs/share/softsys_msgs/local_setup.bash
-- Up-to-date: /home/odm0003/Documents/mech6970-softsys/jetracer_prj/jetracer_ws/install/softsys_msgs/share/softsys_msgs/local_setup.sh
-- Up-to-date: /home/odm0003/Documents/mech6970-softsys/jetracer_prj/jetracer_ws/install/softsys_msgs/share/softsys_msgs/local_setup.zsh
-- Up-to-date: /home/odm0003/Documents/mech6970-softsys/jetracer_prj/jetracer_ws/install/softsys_msgs/share/softsys_msgs/local_setup.dsv
-- Installing: /home/odm0003/Documents/mech6970-softsys/jetracer_prj/jetracer_ws/install/softsys_msgs/share/softsys_msgs/package.dsv
-- Up-to-date: /home/odm0003/Documents/mech6970-softsys/jetracer_prj/jetracer_ws/install/softsys_msgs/share/ament_index/resource_index/packages/softsys_msgs
-- Up-to-date: /home/odm0003/Documents/mech6970-softsys/jetracer_prj/jetracer_ws/install/softsys_msgs/share/softsys_msgs/cmake/export_softsys_msgs__rosidl_generator_cExport.cmake
-- Up-to-date: /home/odm0003/Documents/mech6970-softsys/jetracer_prj/jetracer_ws/install/softsys_msgs/share/softsys_msgs/cmake/export_softsys_msgs__rosidl_generator_cExport-noconfig.cmake
-- Up-to-date: /home/odm0003/Documents/mech6970-softsys/jetracer_prj/jetracer_ws/install/softsys_msgs/share/softsys_msgs/cmake/export_softsys_msgs__rosidl_typesupport_fastrtps_cExport.cmake
-- Up-to-date: /home/odm0003/Documents/mech6970-softsys/jetracer_prj/jetracer_ws/install/softsys_msgs/share/softsys_msgs/cmake/export_softsys_msgs__rosidl_typesupport_fastrtps_cExport-noconfig.cmake
-- Up-to-date: /home/odm0003/Documents/mech6970-softsys/jetracer_prj/jetracer_ws/install/softsys_msgs/share/softsys_msgs/cmake/softsys_msgs__rosidl_typesupport_introspection_cExport.cmake
-- Up-to-date: /home/odm0003/Documents/mech6970-softsys/jetracer_prj/jetracer_ws/install/softsys_msgs/share/softsys_msgs/cmake/softsys_msgs__rosidl_typesupport_introspection_cExport-noconfig.cmake
-- Up-to-date: /home/odm0003/Documents/mech6970-softsys/jetracer_prj/jetracer_ws/install/softsys_msgs/share/softsys_msgs/cmake/softsys_msgs__rosidl_typesupport_cExport.cmake
-- Up-to-date: /home/odm0003/Documents/mech6970-softsys/jetracer_prj/jetracer_ws/install/softsys_msgs/share/softsys_msgs/cmake/softsys_msgs__rosidl_typesupport_cExport-noconfig.cmake
-- Up-to-date: /home/odm0003/Documents/mech6970-softsys/jetracer_prj/jetracer_ws/install/softsys_msgs/share/softsys_msgs/cmake/export_softsys_msgs__rosidl_generator_cppExport.cmake
-- Up-to-date: /home/odm0003/Documents/mech6970-softsys/jetracer_prj/jetracer_ws/install/softsys_msgs/share/softsys_msgs/cmake/export_softsys_msgs__rosidl_typesupport_fastrtps_cppExport.cmake
-- Up-to-date: /home/odm0003/Documents/mech6970-softsys/jetracer_prj/jetracer_ws/install/softsys_msgs/share/softsys_msgs/cmake/export_softsys_msgs__rosidl_typesupport_fastrtps_cppExport-noconfig.cmake
-- Up-to-date: /home/odm0003/Documents/mech6970-softsys/jetracer_prj/jetracer_ws/install/softsys_msgs/share/softsys_msgs/cmake/softsys_msgs__rosidl_typesupport_introspection_cppExport.cmake
-- Up-to-date: /home/odm0003/Documents/mech6970-softsys/jetracer_prj/jetracer_ws/install/softsys_msgs/share/softsys_msgs/cmake/softsys_msgs__rosidl_typesupport_introspection_cppExport-noconfig.cmake
-- Up-to-date: /home/odm0003/Documents/mech6970-softsys/jetracer_prj/jetracer_ws/install/softsys_msgs/share/softsys_msgs/cmake/softsys_msgs__rosidl_typesupport_cppExport.cmake
-- Up-to-date: /home/odm0003/Documents/mech6970-softsys/jetracer_prj/jetracer_ws/install/softsys_msgs/share/softsys_msgs/cmake/softsys_msgs__rosidl_typesupport_cppExport-noconfig.cmake
-- Up-to-date: /home/odm0003/Documents/mech6970-softsys/jetracer_prj/jetracer_ws/install/softsys_msgs/share/softsys_msgs/cmake/export_softsys_msgs__rosidl_generator_pyExport.cmake
-- Up-to-date: /home/odm0003/Documents/mech6970-softsys/jetracer_prj/jetracer_ws/install/softsys_msgs/share/softsys_msgs/cmake/export_softsys_msgs__rosidl_generator_pyExport-noconfig.cmake
-- Up-to-date: /home/odm0003/Documents/mech6970-softsys/jetracer_prj/jetracer_ws/install/softsys_msgs/share/softsys_msgs/cmake/rosidl_cmake-extras.cmake
-- Up-to-date: /home/odm0003/Documents/mech6970-softsys/jetracer_prj/jetracer_ws/install/softsys_msgs/share/softsys_msgs/cmake/ament_cmake_export_dependencies-extras.cmake
-- Up-to-date: /home/odm0003/Documents/mech6970-softsys/jetracer_prj/jetracer_ws/install/softsys_msgs/share/softsys_msgs/cmake/ament_cmake_export_include_directories-extras.cmake
-- Up-to-date: /home/odm0003/Documents/mech6970-softsys/jetracer_prj/jetracer_ws/install/softsys_msgs/share/softsys_msgs/cmake/ament_cmake_export_libraries-extras.cmake
-- Up-to-date: /home/odm0003/Documents/mech6970-softsys/jetracer_prj/jetracer_ws/install/softsys_msgs/share/softsys_msgs/cmake/ament_cmake_export_targets-extras.cmake
-- Up-to-date: /home/odm0003/Documents/mech6970-softsys/jetracer_prj/jetracer_ws/install/softsys_msgs/share/softsys_msgs/cmake/rosidl_cmake_export_typesupport_targets-extras.cmake
-- Up-to-date: /home/odm0003/Documents/mech6970-softsys/jetracer_prj/jetracer_ws/install/softsys_msgs/share/softsys_msgs/cmake/rosidl_cmake_export_typesupport_libraries-extras.cmake
-- Up-to-date: /home/odm0003/Documents/mech6970-softsys/jetracer_prj/jetracer_ws/install/softsys_msgs/share/softsys_msgs/cmake/softsys_msgsConfig.cmake
-- Up-to-date: /home/odm0003/Documents/mech6970-softsys/jetracer_prj/jetracer_ws/install/softsys_msgs/share/softsys_msgs/cmake/softsys_msgsConfig-version.cmake
-- Up-to-date: /home/odm0003/Documents/mech6970-softsys/jetracer_prj/jetracer_ws/install/softsys_msgs/share/softsys_msgs/package.xml
