[33mCMake Warning (dev) at CMakeLists.txt:1 (project):
  cmake_minimum_required() should be called prior to this top-level project()
  call.  Please see the cmake-commands(7) manual for usage documentation of
  both commands.
This warning is for project developers.  Use -Wno-dev to suppress it.
[0m
-- Found cv_bridge: 4.1.0 (/opt/ros/jazzy/share/cv_bridge/cmake)
[33mCMake Warning (dev) at /opt/ros/jazzy/share/ament_cmake_core/cmake/core/list_append_unique.cmake:30 (if):
  Policy CMP0057 is not set: Support new IN_LIST if() operator.  Run "cmake
  --help-policy CMP0057" for policy details.  Use the cmake_policy command to
  set the policy and suppress this warning.

  IN_LIST will be interpreted as an operator when the policy is set to NEW.
  Since the policy is not set the OLD behavior will be used.
Call Stack (most recent call first):
  /opt/ros/jazzy/share/cv_bridge/cmake/ament_cmake_export_dependencies-extras.cmake:75 (list_append_unique)
  /opt/ros/jazzy/share/cv_bridge/cmake/cv_bridgeConfig.cmake:41 (include)
  CMakeLists.txt:4 (find_package)
This warning is for project developers.  Use -Wno-dev to suppress it.
[0m
[31mCMake Error at /opt/ros/jazzy/share/ament_cmake_core/cmake/core/list_append_unique.cmake:30 (if):
  if given arguments:

    "NOT" "element" "IN_LIST" "cv_bridge_INCLUDE_DIRS"

  Unknown arguments specified
Call Stack (most recent call first):
  /opt/ros/jazzy/share/cv_bridge/cmake/ament_cmake_export_dependencies-extras.cmake:75 (list_append_unique)
  /opt/ros/jazzy/share/cv_bridge/cmake/cv_bridgeConfig.cmake:41 (include)
  CMakeLists.txt:4 (find_package)

[0m
[31mCMake Error in CMakeLists.txt:
  No cmake_minimum_required command is present.  A line of code such as

    cmake_minimum_required(VERSION 3.28)

  should be added at the top of the file.  The version specified may be lower
  if you wish to support older CMake versions for this project.  For more
  information run "cmake --help-policy CMP0000".

[0m
-- Configuring incomplete, errors occurred!
