[0.017s] Invoking command in '/home/odm0003/Documents/mech6970-softsys/jetracer_prj/jetracer_ws/build/jetracer': CMAKE_PREFIX_PATH=${CMAKE_PREFIX_PATH}:/opt/ros/jazzy DEBUGINFOD_URLS=https://debuginfod.ubuntu.com /usr/bin/cmake /home/odm0003/Documents/mech6970-softsys/jetracer_prj/jetracer_ws/src/jetracer -DCMAKE_INSTALL_PREFIX=/home/odm0003/Documents/mech6970-softsys/jetracer_prj/jetracer_ws/install/jetracer
[0.042s] [33mCMake Warning (dev) at CMakeLists.txt:1 (project):
[0.042s]   cmake_minimum_required() should be called prior to this top-level project()
[0.042s]   call.  Please see the cmake-commands(7) manual for usage documentation of
[0.042s]   both commands.
[0.043s] This warning is for project developers.  Use -Wno-dev to suppress it.
[0.043s] [0m
[0.064s] -- Found cv_bridge: 4.1.0 (/opt/ros/jazzy/share/cv_bridge/cmake)
[0.379s] [33mCMake Warning (dev) at /opt/ros/jazzy/share/ament_cmake_core/cmake/core/list_append_unique.cmake:30 (if):
[0.379s]   Policy CMP0057 is not set: Support new IN_LIST if() operator.  Run "cmake
[0.379s]   --help-policy CMP0057" for policy details.  Use the cmake_policy command to
[0.379s]   set the policy and suppress this warning.
[0.379s] 
[0.380s]   IN_LIST will be interpreted as an operator when the policy is set to NEW.
[0.380s]   Since the policy is not set the OLD behavior will be used.
[0.380s] Call Stack (most recent call first):
[0.380s]   /opt/ros/jazzy/share/cv_bridge/cmake/ament_cmake_export_dependencies-extras.cmake:75 (list_append_unique)
[0.380s]   /opt/ros/jazzy/share/cv_bridge/cmake/cv_bridgeConfig.cmake:41 (include)
[0.380s]   CMakeLists.txt:4 (find_package)
[0.381s] This warning is for project developers.  Use -Wno-dev to suppress it.
[0.381s] [0m
[0.381s] [31mCMake Error at /opt/ros/jazzy/share/ament_cmake_core/cmake/core/list_append_unique.cmake:30 (if):
[0.381s]   if given arguments:
[0.381s] 
[0.381s]     "NOT" "element" "IN_LIST" "cv_bridge_INCLUDE_DIRS"
[0.381s] 
[0.381s]   Unknown arguments specified
[0.382s] Call Stack (most recent call first):
[0.382s]   /opt/ros/jazzy/share/cv_bridge/cmake/ament_cmake_export_dependencies-extras.cmake:75 (list_append_unique)
[0.382s]   /opt/ros/jazzy/share/cv_bridge/cmake/cv_bridgeConfig.cmake:41 (include)
[0.382s]   CMakeLists.txt:4 (find_package)
[0.382s] 
[0.382s] [0m
[0.384s] [31mCMake Error in CMakeLists.txt:
[0.386s]   No cmake_minimum_required command is present.  A line of code such as
[0.386s] 
[0.386s]     cmake_minimum_required(VERSION 3.28)
[0.386s] 
[0.386s]   should be added at the top of the file.  The version specified may be lower
[0.386s]   if you wish to support older CMake versions for this project.  For more
[0.387s]   information run "cmake --help-policy CMP0000".
[0.387s] 
[0.387s] [0m
[0.387s] -- Configuring incomplete, errors occurred!
[0.392s] Invoked command in '/home/odm0003/Documents/mech6970-softsys/jetracer_prj/jetracer_ws/build/jetracer' returned '1': CMAKE_PREFIX_PATH=${CMAKE_PREFIX_PATH}:/opt/ros/jazzy DEBUGINFOD_URLS=https://debuginfod.ubuntu.com /usr/bin/cmake /home/odm0003/Documents/mech6970-softsys/jetracer_prj/jetracer_ws/src/jetracer -DCMAKE_INSTALL_PREFIX=/home/odm0003/Documents/mech6970-softsys/jetracer_prj/jetracer_ws/install/jetracer
