[0.026s] Invoking command in '/home/odm0003/Documents/mech6970-softsys/jetracer_prj/jetracer_ws/build/jetracer': CMAKE_PREFIX_PATH=${CMAKE_PREFIX_PATH}:/opt/ros/jazzy DEBUGINFOD_URLS=https://debuginfod.ubuntu.com /usr/bin/cmake /home/odm0003/Documents/mech6970-softsys/jetracer_prj/jetracer_ws/src/jetracer -DCMAKE_INSTALL_PREFIX=/home/odm0003/Documents/mech6970-softsys/jetracer_prj/jetracer_ws/install/jetracer
[0.048s] [33mCMake Warning (dev) in CMakeLists.txt:
[0.048s]   No project() command is present.  The top-level CMakeLists.txt file must
[0.048s]   contain a literal, direct call to the project() command.  Add a line of
[0.048s]   code such as
[0.048s] 
[0.048s]     project(ProjectName)
[0.048s] 
[0.048s]   near the top of the file, but after cmake_minimum_required().
[0.049s] 
[0.049s]   CMake is pretending there is a "project(Project)" command on the first
[0.049s]   line.
[0.049s] This warning is for project developers.  Use -Wno-dev to suppress it.
[0.049s] [0m
[0.049s] [33mCMake Warning (dev) in CMakeLists.txt:
[0.049s]   cmake_minimum_required() should be called prior to this top-level project()
[0.049s]   call.  Please see the cmake-commands(7) manual for usage documentation of
[0.049s]   both commands.
[0.049s] This warning is for project developers.  Use -Wno-dev to suppress it.
[0.049s] [0m
[0.342s] -- The C compiler identification is GNU 13.3.0
[0.544s] -- The CXX compiler identification is GNU 13.3.0
[0.587s] -- Detecting C compiler ABI info
[0.741s] -- Detecting C compiler ABI info - done
[0.752s] -- Check for working C compiler: /usr/bin/cc - skipped
[0.754s] -- Detecting C compile features
[0.756s] -- Detecting C compile features - done
[0.772s] -- Detecting CXX compiler ABI info
[0.929s] -- Detecting CXX compiler ABI info - done
[0.938s] -- Check for working CXX compiler: /usr/bin/c++ - skipped
[0.939s] -- Detecting CXX compile features
[0.940s] -- Detecting CXX compile features - done
[0.976s] -- Found OpenCV: /usr (found version "4.6.0") 
[0.982s] -- Found cv_bridge: 4.1.0 (/opt/ros/jazzy/share/cv_bridge/cmake)
[1.168s] -- Found Python3: /usr/bin/python3 (found version "3.12.3") found components: Interpreter 
[1.286s] -- Configuring incomplete, errors occurred!
[1.286s] [33mCMake Warning (dev) at /opt/ros/jazzy/share/ament_cmake_core/cmake/core/list_append_unique.cmake:30 (if):
[1.286s]   Policy CMP0057 is not set: Support new IN_LIST if() operator.  Run "cmake
[1.286s]   --help-policy CMP0057" for policy details.  Use the cmake_policy command to
[1.286s]   set the policy and suppress this warning.
[1.286s] 
[1.286s]   IN_LIST will be interpreted as an operator when the policy is set to NEW.
[1.286s]   Since the policy is not set the OLD behavior will be used.
[1.287s] Call Stack (most recent call first):
[1.287s]   /opt/ros/jazzy/share/cv_bridge/cmake/ament_cmake_export_dependencies-extras.cmake:75 (list_append_unique)
[1.287s]   /opt/ros/jazzy/share/cv_bridge/cmake/cv_bridgeConfig.cmake:41 (include)
[1.287s]   CMakeLists.txt:2 (find_package)
[1.287s] This warning is for project developers.  Use -Wno-dev to suppress it.
[1.287s] [0m
[1.287s] [31mCMake Error at /opt/ros/jazzy/share/ament_cmake_core/cmake/core/list_append_unique.cmake:30 (if):
[1.287s]   if given arguments:
[1.287s] 
[1.287s]     "NOT" "element" "IN_LIST" "cv_bridge_INCLUDE_DIRS"
[1.287s] 
[1.287s]   Unknown arguments specified
[1.287s] Call Stack (most recent call first):
[1.287s]   /opt/ros/jazzy/share/cv_bridge/cmake/ament_cmake_export_dependencies-extras.cmake:75 (list_append_unique)
[1.287s]   /opt/ros/jazzy/share/cv_bridge/cmake/cv_bridgeConfig.cmake:41 (include)
[1.287s]   CMakeLists.txt:2 (find_package)
[1.288s] 
[1.288s] [0m
[1.288s] [31mCMake Error in CMakeLists.txt:
[1.288s]   No cmake_minimum_required command is present.  A line of code such as
[1.288s] 
[1.288s]     cmake_minimum_required(VERSION 3.28)
[1.288s] 
[1.288s]   should be added at the top of the file.  The version specified may be lower
[1.288s]   if you wish to support older CMake versions for this project.  For more
[1.288s]   information run "cmake --help-policy CMP0000".
[1.288s] 
[1.288s] [0m
[1.292s] Invoked command in '/home/odm0003/Documents/mech6970-softsys/jetracer_prj/jetracer_ws/build/jetracer' returned '1': CMAKE_PREFIX_PATH=${CMAKE_PREFIX_PATH}:/opt/ros/jazzy DEBUGINFOD_URLS=https://debuginfod.ubuntu.com /usr/bin/cmake /home/odm0003/Documents/mech6970-softsys/jetracer_prj/jetracer_ws/src/jetracer -DCMAKE_INSTALL_PREFIX=/home/odm0003/Documents/mech6970-softsys/jetracer_prj/jetracer_ws/install/jetracer
