[0.011s] Invoking command in '/home/jcespedes/Documents/softsys-jetracer/jetracer_ws/build/jetracer': AMENT_PREFIX_PATH=/home/jcespedes/Documents/softsys-jetracer/jetracer_ws/install/softsys_msgs:${AMENT_PREFIX_PATH} CMAKE_PREFIX_PATH=/home/jcespedes/Documents/softsys-jetracer/jetracer_ws/install/softsys_msgs:/opt/ros/jazzy/opt/gz_math_vendor:/opt/ros/jazzy/opt/gz_utils_vendor:/opt/ros/jazzy/opt/gz_cmake_vendor:/opt/ros/jazzy DEBUGINFOD_URLS=https://debuginfod.ubuntu.com LD_LIBRARY_PATH=/home/jcespedes/Documents/softsys-jetracer/jetracer_ws/install/softsys_msgs/lib:${LD_LIBRARY_PATH} PYTHONPATH=/home/jcespedes/Documents/softsys-jetracer/jetracer_ws/install/softsys_msgs/lib/python3.12/site-packages:${PYTHONPATH} /usr/bin/cmake /home/jcespedes/Documents/softsys-jetracer/jetracer_ws/src/jetracer -DCMAKE_INSTALL_PREFIX=/home/jcespedes/Documents/softsys-jetracer/jetracer_ws/install/jetracer
[0.072s] -- The C compiler identification is GNU 13.3.0
[0.135s] -- The CXX compiler identification is GNU 13.3.0
[0.156s] -- Detecting C compiler ABI info
[0.272s] -- Detecting C compiler ABI info - done
[0.281s] -- Check for working C compiler: /usr/bin/cc - skipped
[0.281s] -- Detecting C compile features
[0.282s] -- Detecting C compile features - done
[0.294s] -- Detecting CXX compiler ABI info
[0.423s] -- Detecting CXX compiler ABI info - done
[0.433s] -- Check for working CXX compiler: /usr/bin/c++ - skipped
[0.433s] -- Detecting CXX compile features
[0.434s] -- Detecting CXX compile features - done
[0.435s] -- Found ament_cmake: 2.5.4 (/opt/ros/jazzy/share/ament_cmake/cmake)
[0.598s] -- Found Python3: /usr/bin/python3 (found version "3.12.3") found components: Interpreter 
[0.729s] -- Found rclcpp: 28.1.10 (/opt/ros/jazzy/share/rclcpp/cmake)
[0.783s] -- Found rosidl_generator_c: 4.6.5 (/opt/ros/jazzy/share/rosidl_generator_c/cmake)
[0.809s] -- Found rosidl_generator_cpp: 4.6.5 (/opt/ros/jazzy/share/rosidl_generator_cpp/cmake)
[0.835s] -- Using all available rosidl_typesupport_c: rosidl_typesupport_fastrtps_c;rosidl_typesupport_introspection_c
[0.862s] -- Using all available rosidl_typesupport_cpp: rosidl_typesupport_fastrtps_cpp;rosidl_typesupport_introspection_cpp
[0.987s] -- Found rmw_implementation_cmake: 7.3.2 (/opt/ros/jazzy/share/rmw_implementation_cmake/cmake)
[0.993s] -- Found rmw_fastrtps_cpp: 8.4.2 (/opt/ros/jazzy/share/rmw_fastrtps_cpp/cmake)
[1.100s] -- Found OpenSSL: /usr/lib/x86_64-linux-gnu/libcrypto.so (found version "3.0.13")  
[1.124s] -- Found FastRTPS: /opt/ros/jazzy/include (Required is at least version "2.13") 
[1.150s] -- Using RMW implementation 'rmw_fastrtps_cpp' as default
[1.270s] -- Found sensor_msgs: 5.3.6 (/opt/ros/jazzy/share/sensor_msgs/cmake)
[1.362s] -- Found cv_bridge: 4.1.0 (/opt/ros/jazzy/share/cv_bridge/cmake)
[1.382s] -- Found OpenCV: /usr (found version "4.6.0") 
[1.385s] -- Found image_transport: 5.1.7 (/opt/ros/jazzy/share/image_transport/cmake)
[1.423s] -- Found softsys_msgs: 1.0.0 (/home/jcespedes/Documents/softsys-jetracer/jetracer_ws/install/softsys_msgs/share/softsys_msgs/cmake)
[1.559s] -- Configuring done (1.5s)
[1.584s] -- Generating done (0.0s)
[1.591s] -- Build files have been written to: /home/jcespedes/Documents/softsys-jetracer/jetracer_ws/build/jetracer
[1.602s] Invoked command in '/home/jcespedes/Documents/softsys-jetracer/jetracer_ws/build/jetracer' returned '0': AMENT_PREFIX_PATH=/home/jcespedes/Documents/softsys-jetracer/jetracer_ws/install/softsys_msgs:${AMENT_PREFIX_PATH} CMAKE_PREFIX_PATH=/home/jcespedes/Documents/softsys-jetracer/jetracer_ws/install/softsys_msgs:/opt/ros/jazzy/opt/gz_math_vendor:/opt/ros/jazzy/opt/gz_utils_vendor:/opt/ros/jazzy/opt/gz_cmake_vendor:/opt/ros/jazzy DEBUGINFOD_URLS=https://debuginfod.ubuntu.com LD_LIBRARY_PATH=/home/jcespedes/Documents/softsys-jetracer/jetracer_ws/install/softsys_msgs/lib:${LD_LIBRARY_PATH} PYTHONPATH=/home/jcespedes/Documents/softsys-jetracer/jetracer_ws/install/softsys_msgs/lib/python3.12/site-packages:${PYTHONPATH} /usr/bin/cmake /home/jcespedes/Documents/softsys-jetracer/jetracer_ws/src/jetracer -DCMAKE_INSTALL_PREFIX=/home/jcespedes/Documents/softsys-jetracer/jetracer_ws/install/jetracer
[1.604s] Invoking command in '/home/jcespedes/Documents/softsys-jetracer/jetracer_ws/build/jetracer': AMENT_PREFIX_PATH=/home/jcespedes/Documents/softsys-jetracer/jetracer_ws/install/softsys_msgs:${AMENT_PREFIX_PATH} CMAKE_PREFIX_PATH=/home/jcespedes/Documents/softsys-jetracer/jetracer_ws/install/softsys_msgs:/opt/ros/jazzy/opt/gz_math_vendor:/opt/ros/jazzy/opt/gz_utils_vendor:/opt/ros/jazzy/opt/gz_cmake_vendor:/opt/ros/jazzy DEBUGINFOD_URLS=https://debuginfod.ubuntu.com LD_LIBRARY_PATH=/home/jcespedes/Documents/softsys-jetracer/jetracer_ws/install/softsys_msgs/lib:${LD_LIBRARY_PATH} PYTHONPATH=/home/jcespedes/Documents/softsys-jetracer/jetracer_ws/install/softsys_msgs/lib/python3.12/site-packages:${PYTHONPATH} /usr/bin/cmake --build /home/jcespedes/Documents/softsys-jetracer/jetracer_ws/build/jetracer -- -j8 -l8
[1.666s] [ 33%] [32mBuilding CXX object CMakeFiles/tuner.dir/src/hsv_sub.cpp.o[0m
[1.666s] [ 33%] [32mBuilding CXX object CMakeFiles/lead_controller_lib.dir/src/lead_controller.cpp.o[0m
[1.695s] [ 50%] [32m[1mLinking CXX static library liblead_controller_lib.a[0m
[1.741s] [ 50%] Built target lead_controller_lib
[1.766s] [ 66%] [32mBuilding CXX object CMakeFiles/lead_controller_node.dir/src/lead_controller_node.cpp.o[0m
[4.258s] In file included from [01m[K/home/jcespedes/Documents/softsys-jetracer/jetracer_ws/src/jetracer/src/lead_controller_node.cpp:1[m[K:
[4.258s] [01m[K/home/jcespedes/Documents/softsys-jetracer/jetracer_ws/src/jetracer/include/lead_controller_node.hpp:12:70:[m[K [01;35m[Kwarning: [m[Kconverting to ‘[01m[Kconst rclcpp::NodeOptions[m[K’ from initializer list would use explicit constructor ‘[01m[Krclcpp::NodeOptions::[01;32m[KNodeOptions[m[K(rcl_allocator_t)[m[K’
[4.258s]    12 |   explicit LeadControllerNode(const rclcpp::NodeOptions & options = {[01;35m[K}[m[K);
[4.258s]       |                                                                      [01;35m[K^[m[K
[4.258s] [01m[K/home/jcespedes/Documents/softsys-jetracer/jetracer_ws/src/jetracer/include/lead_controller_node.hpp:12:70:[m[K [01;36m[Knote: [m[Kin C++11 and above a default constructor can be explicit
[11.316s] [ 83%] [32m[1mLinking CXX executable lead_controller_node[0m
[11.671s] [ 83%] Built target lead_controller_node
[18.506s] [100%] [32m[1mLinking CXX executable tuner[0m
[19.997s] [100%] Built target tuner
[20.010s] Invoked command in '/home/jcespedes/Documents/softsys-jetracer/jetracer_ws/build/jetracer' returned '0': AMENT_PREFIX_PATH=/home/jcespedes/Documents/softsys-jetracer/jetracer_ws/install/softsys_msgs:${AMENT_PREFIX_PATH} CMAKE_PREFIX_PATH=/home/jcespedes/Documents/softsys-jetracer/jetracer_ws/install/softsys_msgs:/opt/ros/jazzy/opt/gz_math_vendor:/opt/ros/jazzy/opt/gz_utils_vendor:/opt/ros/jazzy/opt/gz_cmake_vendor:/opt/ros/jazzy DEBUGINFOD_URLS=https://debuginfod.ubuntu.com LD_LIBRARY_PATH=/home/jcespedes/Documents/softsys-jetracer/jetracer_ws/install/softsys_msgs/lib:${LD_LIBRARY_PATH} PYTHONPATH=/home/jcespedes/Documents/softsys-jetracer/jetracer_ws/install/softsys_msgs/lib/python3.12/site-packages:${PYTHONPATH} /usr/bin/cmake --build /home/jcespedes/Documents/softsys-jetracer/jetracer_ws/build/jetracer -- -j8 -l8
[20.011s] Invoking command in '/home/jcespedes/Documents/softsys-jetracer/jetracer_ws/build/jetracer': AMENT_PREFIX_PATH=/home/jcespedes/Documents/softsys-jetracer/jetracer_ws/install/softsys_msgs:${AMENT_PREFIX_PATH} CMAKE_PREFIX_PATH=/home/jcespedes/Documents/softsys-jetracer/jetracer_ws/install/softsys_msgs:/opt/ros/jazzy/opt/gz_math_vendor:/opt/ros/jazzy/opt/gz_utils_vendor:/opt/ros/jazzy/opt/gz_cmake_vendor:/opt/ros/jazzy DEBUGINFOD_URLS=https://debuginfod.ubuntu.com LD_LIBRARY_PATH=/home/jcespedes/Documents/softsys-jetracer/jetracer_ws/install/softsys_msgs/lib:${LD_LIBRARY_PATH} PYTHONPATH=/home/jcespedes/Documents/softsys-jetracer/jetracer_ws/install/softsys_msgs/lib/python3.12/site-packages:${PYTHONPATH} /usr/bin/cmake --install /home/jcespedes/Documents/softsys-jetracer/jetracer_ws/build/jetracer
[20.020s] -- Install configuration: ""
[20.020s] -- Installing: /home/jcespedes/Documents/softsys-jetracer/jetracer_ws/install/jetracer/include/jetracer
[20.020s] -- Installing: /home/jcespedes/Documents/softsys-jetracer/jetracer_ws/install/jetracer/include/jetracer/lead_controller.hpp
[20.020s] -- Installing: /home/jcespedes/Documents/softsys-jetracer/jetracer_ws/install/jetracer/include/jetracer/lead_controller_node.hpp
[20.020s] -- Installing: /home/jcespedes/Documents/softsys-jetracer/jetracer_ws/install/jetracer/lib/jetracer/tuner
[20.028s] -- Set non-toolchain portion of runtime path of "/home/jcespedes/Documents/softsys-jetracer/jetracer_ws/install/jetracer/lib/jetracer/tuner" to ""
[20.028s] -- Installing: /home/jcespedes/Documents/softsys-jetracer/jetracer_ws/install/jetracer/lib/jetracer/liblead_controller_lib.a
[20.028s] -- Installing: /home/jcespedes/Documents/softsys-jetracer/jetracer_ws/install/jetracer/lib/jetracer/lead_controller_node
[20.032s] -- Set non-toolchain portion of runtime path of "/home/jcespedes/Documents/softsys-jetracer/jetracer_ws/install/jetracer/lib/jetracer/lead_controller_node" to ""
[20.033s] -- Installing: /home/jcespedes/Documents/softsys-jetracer/jetracer_ws/install/jetracer/share/ament_index/resource_index/package_run_dependencies/jetracer
[20.033s] -- Installing: /home/jcespedes/Documents/softsys-jetracer/jetracer_ws/install/jetracer/share/ament_index/resource_index/parent_prefix_path/jetracer
[20.033s] -- Installing: /home/jcespedes/Documents/softsys-jetracer/jetracer_ws/install/jetracer/share/jetracer/environment/ament_prefix_path.sh
[20.033s] -- Installing: /home/jcespedes/Documents/softsys-jetracer/jetracer_ws/install/jetracer/share/jetracer/environment/ament_prefix_path.dsv
[20.033s] -- Installing: /home/jcespedes/Documents/softsys-jetracer/jetracer_ws/install/jetracer/share/jetracer/environment/path.sh
[20.033s] -- Installing: /home/jcespedes/Documents/softsys-jetracer/jetracer_ws/install/jetracer/share/jetracer/environment/path.dsv
[20.034s] -- Installing: /home/jcespedes/Documents/softsys-jetracer/jetracer_ws/install/jetracer/share/jetracer/local_setup.bash
[20.035s] -- Installing: /home/jcespedes/Documents/softsys-jetracer/jetracer_ws/install/jetracer/share/jetracer/local_setup.sh
[20.035s] -- Installing: /home/jcespedes/Documents/softsys-jetracer/jetracer_ws/install/jetracer/share/jetracer/local_setup.zsh
[20.035s] -- Installing: /home/jcespedes/Documents/softsys-jetracer/jetracer_ws/install/jetracer/share/jetracer/local_setup.dsv
[20.035s] -- Installing: /home/jcespedes/Documents/softsys-jetracer/jetracer_ws/install/jetracer/share/jetracer/package.dsv
[20.036s] -- Installing: /home/jcespedes/Documents/softsys-jetracer/jetracer_ws/install/jetracer/share/ament_index/resource_index/packages/jetracer
[20.036s] -- Installing: /home/jcespedes/Documents/softsys-jetracer/jetracer_ws/install/jetracer/share/jetracer/cmake/jetracerConfig.cmake
[20.036s] -- Installing: /home/jcespedes/Documents/softsys-jetracer/jetracer_ws/install/jetracer/share/jetracer/cmake/jetracerConfig-version.cmake
[20.037s] -- Installing: /home/jcespedes/Documents/softsys-jetracer/jetracer_ws/install/jetracer/share/jetracer/package.xml
[20.037s] Invoked command in '/home/jcespedes/Documents/softsys-jetracer/jetracer_ws/build/jetracer' returned '0': AMENT_PREFIX_PATH=/home/jcespedes/Documents/softsys-jetracer/jetracer_ws/install/softsys_msgs:${AMENT_PREFIX_PATH} CMAKE_PREFIX_PATH=/home/jcespedes/Documents/softsys-jetracer/jetracer_ws/install/softsys_msgs:/opt/ros/jazzy/opt/gz_math_vendor:/opt/ros/jazzy/opt/gz_utils_vendor:/opt/ros/jazzy/opt/gz_cmake_vendor:/opt/ros/jazzy DEBUGINFOD_URLS=https://debuginfod.ubuntu.com LD_LIBRARY_PATH=/home/jcespedes/Documents/softsys-jetracer/jetracer_ws/install/softsys_msgs/lib:${LD_LIBRARY_PATH} PYTHONPATH=/home/jcespedes/Documents/softsys-jetracer/jetracer_ws/install/softsys_msgs/lib/python3.12/site-packages:${PYTHONPATH} /usr/bin/cmake --install /home/jcespedes/Documents/softsys-jetracer/jetracer_ws/build/jetracer
