[0.015s] Invoking command in '/home/odm0003/Documents/mech6970-softsys/jetracer_prj/jetracer_ws/build/jetracer': CMAKE_PREFIX_PATH=${CMAKE_PREFIX_PATH}:/opt/ros/jazzy DEBUGINFOD_URLS=https://debuginfod.ubuntu.com /usr/bin/cmake /home/odm0003/Documents/mech6970-softsys/jetracer_prj/jetracer_ws/src/jetracer -DCMAKE_INSTALL_PREFIX=/home/odm0003/Documents/mech6970-softsys/jetracer_prj/jetracer_ws/install/jetracer
[0.040s] -- Found cv_bridge: 4.1.0 (/opt/ros/jazzy/share/cv_bridge/cmake)
[0.522s] -- Found rosidl_generator_c: 4.6.5 (/opt/ros/jazzy/share/rosidl_generator_c/cmake)
[0.550s] -- Found rosidl_generator_cpp: 4.6.5 (/opt/ros/jazzy/share/rosidl_generator_cpp/cmake)
[0.597s] -- Using all available rosidl_typesupport_c: rosidl_typesupport_fastrtps_c;rosidl_typesupport_introspection_c
[0.640s] -- Using all available rosidl_typesupport_cpp: rosidl_typesupport_fastrtps_cpp;rosidl_typesupport_introspection_cpp
[0.948s] -- Found rmw_implementation_cmake: 7.3.2 (/opt/ros/jazzy/share/rmw_implementation_cmake/cmake)
[0.955s] -- Found rmw_fastrtps_cpp: 8.4.2 (/opt/ros/jazzy/share/rmw_fastrtps_cpp/cmake)
[1.121s] -- Found OpenSSL: /usr/lib/x86_64-linux-gnu/libcrypto.so (found version "3.0.13")  
[1.149s] -- Found FastRTPS: /opt/ros/jazzy/include (Required is at least version "2.13") 
[1.178s] -- Using RMW implementation 'rmw_fastrtps_cpp' as default
[1.345s] -- Found image_transport: 5.1.7 (/opt/ros/jazzy/share/image_transport/cmake)
[1.517s] -- Configuring done (1.5s)
[1.522s] [31mCMake Error at CMakeLists.txt:18 (add_executable):
[1.522s]   Cannot find source file:
[1.522s] 
[1.522s]     src/hsv_sub.cpp
[1.522s] 
[1.522s]   Tried extensions .c .C .c++ .cc .cpp .cxx .cu .mpp .m .M .mm .ixx .cppm
[1.522s]   .ccm .cxxm .c++m .h .hh .h++ .hm .hpp .hxx .in .txx .f .F .for .f77 .f90
[1.522s]   .f95 .f03 .hip .ispc
[1.522s] 
[1.523s] [0m
[1.528s] [31mCMake Error at CMakeLists.txt:18 (add_executable):
[1.528s]   No SOURCES given to target: tuner
[1.528s] 
[1.528s] [0m
[1.528s] [0mCMake Generate step failed.  Build files cannot be regenerated correctly.[0m
[1.536s] Invoked command in '/home/odm0003/Documents/mech6970-softsys/jetracer_prj/jetracer_ws/build/jetracer' returned '1': CMAKE_PREFIX_PATH=${CMAKE_PREFIX_PATH}:/opt/ros/jazzy DEBUGINFOD_URLS=https://debuginfod.ubuntu.com /usr/bin/cmake /home/odm0003/Documents/mech6970-softsys/jetracer_prj/jetracer_ws/src/jetracer -DCMAKE_INSTALL_PREFIX=/home/odm0003/Documents/mech6970-softsys/jetracer_prj/jetracer_ws/install/jetracer
