-- The C compiler identification is GNU 13.3.0
-- The CXX compiler identification is GNU 13.3.0
-- Detecting C compiler ABI info
-- Detecting C compiler ABI info - done
-- Check for working C compiler: /usr/bin/cc - skipped
-- Detecting C compile features
-- Detecting C compile features - done
-- Detecting CXX compiler ABI info
-- Detecting CXX compiler ABI info - done
-- Check for working CXX compiler: /usr/bin/c++ - skipped
-- Detecting CXX compile features
-- Detecting CXX compile features - done
-- Found ament_cmake: 2.5.4 (/opt/ros/jazzy/share/ament_cmake/cmake)
-- Found Python3: /usr/bin/python3 (found version "3.12.3") found components: Interpreter 
-- Found rclcpp: 28.1.10 (/opt/ros/jazzy/share/rclcpp/cmake)
-- Found rosidl_generator_c: 4.6.5 (/opt/ros/jazzy/share/rosidl_generator_c/cmake)
-- Found rosidl_generator_cpp: 4.6.5 (/opt/ros/jazzy/share/rosidl_generator_cpp/cmake)
-- Using all available rosidl_typesupport_c: rosidl_typesupport_fastrtps_c;rosidl_typesupport_introspection_c
-- Using all available rosidl_typesupport_cpp: rosidl_typesupport_fastrtps_cpp;rosidl_typesupport_introspection_cpp
-- Found rmw_implementation_cmake: 7.3.2 (/opt/ros/jazzy/share/rmw_implementation_cmake/cmake)
-- Found rmw_fastrtps_cpp: 8.4.2 (/opt/ros/jazzy/share/rmw_fastrtps_cpp/cmake)
-- Found OpenSSL: /usr/lib/x86_64-linux-gnu/libcrypto.so (found version "3.0.13")  
-- Found FastRTPS: /opt/ros/jazzy/include (Required is at least version "2.13") 
-- Using RMW implementation 'rmw_fastrtps_cpp' as default
-- Found sensor_msgs: 5.3.6 (/opt/ros/jazzy/share/sensor_msgs/cmake)
-- Found cv_bridge: 4.1.0 (/opt/ros/jazzy/share/cv_bridge/cmake)
-- Found OpenCV: /usr (found version "4.6.0") 
-- Found image_transport: 5.1.7 (/opt/ros/jazzy/share/image_transport/cmake)
-- Found softsys_msgs: 1.0.0 (/home/jcespedes/Documents/softsys-jetracer/jetracer_ws/install/softsys_msgs/share/softsys_msgs/cmake)
-- Configuring done (1.5s)
-- Generating done (0.0s)
-- Build files have been written to: /home/jcespedes/Documents/softsys-jetracer/jetracer_ws/build/jetracer
[ 33%] [32mBuilding CXX object CMakeFiles/tuner.dir/src/hsv_sub.cpp.o[0m
[ 33%] [32mBuilding CXX object CMakeFiles/lead_controller_lib.dir/src/lead_controller.cpp.o[0m
[ 50%] [32m[1mLinking CXX static library liblead_controller_lib.a[0m
[ 50%] Built target lead_controller_lib
[ 66%] [32mBuilding CXX object CMakeFiles/lead_controller_node.dir/src/lead_controller_node.cpp.o[0m
In file included from [01m[K/home/jcespedes/Documents/softsys-jetracer/jetracer_ws/src/jetracer/src/lead_controller_node.cpp:1[m[K:
[01m[K/home/jcespedes/Documents/softsys-jetracer/jetracer_ws/src/jetracer/include/lead_controller_node.hpp:12:70:[m[K [01;35m[Kwarning: [m[Kconverting to ‘[01m[Kconst rclcpp::NodeOptions[m[K’ from initializer list would use explicit constructor ‘[01m[Krclcpp::NodeOptions::[01;32m[KNodeOptions[m[K(rcl_allocator_t)[m[K’
   12 |   explicit LeadControllerNode(const rclcpp::NodeOptions & options = {[01;35m[K}[m[K);
      |                                                                      [01;35m[K^[m[K
[01m[K/home/jcespedes/Documents/softsys-jetracer/jetracer_ws/src/jetracer/include/lead_controller_node.hpp:12:70:[m[K [01;36m[Knote: [m[Kin C++11 and above a default constructor can be explicit
[ 83%] [32m[1mLinking CXX executable lead_controller_node[0m
[ 83%] Built target lead_controller_node
[100%] [32m[1mLinking CXX executable tuner[0m
[100%] Built target tuner
-- Install configuration: ""
-- Installing: /home/jcespedes/Documents/softsys-jetracer/jetracer_ws/install/jetracer/include/jetracer
-- Installing: /home/jcespedes/Documents/softsys-jetracer/jetracer_ws/install/jetracer/include/jetracer/lead_controller.hpp
-- Installing: /home/jcespedes/Documents/softsys-jetracer/jetracer_ws/install/jetracer/include/jetracer/lead_controller_node.hpp
-- Installing: /home/jcespedes/Documents/softsys-jetracer/jetracer_ws/install/jetracer/lib/jetracer/tuner
-- Set non-toolchain portion of runtime path of "/home/jcespedes/Documents/softsys-jetracer/jetracer_ws/install/jetracer/lib/jetracer/tuner" to ""
-- Installing: /home/jcespedes/Documents/softsys-jetracer/jetracer_ws/install/jetracer/lib/jetracer/liblead_controller_lib.a
-- Installing: /home/jcespedes/Documents/softsys-jetracer/jetracer_ws/install/jetracer/lib/jetracer/lead_controller_node
-- Set non-toolchain portion of runtime path of "/home/jcespedes/Documents/softsys-jetracer/jetracer_ws/install/jetracer/lib/jetracer/lead_controller_node" to ""
-- Installing: /home/jcespedes/Documents/softsys-jetracer/jetracer_ws/install/jetracer/share/ament_index/resource_index/package_run_dependencies/jetracer
-- Installing: /home/jcespedes/Documents/softsys-jetracer/jetracer_ws/install/jetracer/share/ament_index/resource_index/parent_prefix_path/jetracer
-- Installing: /home/jcespedes/Documents/softsys-jetracer/jetracer_ws/install/jetracer/share/jetracer/environment/ament_prefix_path.sh
-- Installing: /home/jcespedes/Documents/softsys-jetracer/jetracer_ws/install/jetracer/share/jetracer/environment/ament_prefix_path.dsv
-- Installing: /home/jcespedes/Documents/softsys-jetracer/jetracer_ws/install/jetracer/share/jetracer/environment/path.sh
-- Installing: /home/jcespedes/Documents/softsys-jetracer/jetracer_ws/install/jetracer/share/jetracer/environment/path.dsv
-- Installing: /home/jcespedes/Documents/softsys-jetracer/jetracer_ws/install/jetracer/share/jetracer/local_setup.bash
-- Installing: /home/jcespedes/Documents/softsys-jetracer/jetracer_ws/install/jetracer/share/jetracer/local_setup.sh
-- Installing: /home/jcespedes/Documents/softsys-jetracer/jetracer_ws/install/jetracer/share/jetracer/local_setup.zsh
-- Installing: /home/jcespedes/Documents/softsys-jetracer/jetracer_ws/install/jetracer/share/jetracer/local_setup.dsv
-- Installing: /home/jcespedes/Documents/softsys-jetracer/jetracer_ws/install/jetracer/share/jetracer/package.dsv
-- Installing: /home/jcespedes/Documents/softsys-jetracer/jetracer_ws/install/jetracer/share/ament_index/resource_index/packages/jetracer
-- Installing: /home/jcespedes/Documents/softsys-jetracer/jetracer_ws/install/jetracer/share/jetracer/cmake/jetracerConfig.cmake
-- Installing: /home/jcespedes/Documents/softsys-jetracer/jetracer_ws/install/jetracer/share/jetracer/cmake/jetracerConfig-version.cmake
-- Installing: /home/jcespedes/Documents/softsys-jetracer/jetracer_ws/install/jetracer/share/jetracer/package.xml
