[0.012s] Invoking command in '/home/odm0003/Documents/mech6970-softsys/jetracer_prj/jetracer_ws/build/jetracer': CMAKE_PREFIX_PATH=${CMAKE_PREFIX_PATH}:/opt/ros/jazzy DEBUGINFOD_URLS=https://debuginfod.ubuntu.com /usr/bin/cmake --build /home/odm0003/Documents/mech6970-softsys/jetracer_prj/jetracer_ws/build/jetracer -- -j2 -l2
[0.120s] [ 50%] [32mBuilding CXX object CMakeFiles/tuner.dir/src/hsv_sub.cpp.o[0m
[11.691s] [100%] [32m[1mLinking CXX executable tuner[0m
[12.893s] [100%] Built target tuner
[12.910s] Invoked command in '/home/odm0003/Documents/mech6970-softsys/jetracer_prj/jetracer_ws/build/jetracer' returned '0': CMAKE_PREFIX_PATH=${CMAKE_PREFIX_PATH}:/opt/ros/jazzy DEBUGINFOD_URLS=https://debuginfod.ubuntu.com /usr/bin/cmake --build /home/odm0003/Documents/mech6970-softsys/jetracer_prj/jetracer_ws/build/jetracer -- -j2 -l2
[12.927s] Invoking command in '/home/odm0003/Documents/mech6970-softsys/jetracer_prj/jetracer_ws/build/jetracer': CMAKE_PREFIX_PATH=${CMAKE_PREFIX_PATH}:/opt/ros/jazzy DEBUGINFOD_URLS=https://debuginfod.ubuntu.com /usr/bin/cmake --install /home/odm0003/Documents/mech6970-softsys/jetracer_prj/jetracer_ws/build/jetracer
[12.939s] -- Install configuration: ""
[12.942s] -- Installing: /home/odm0003/Documents/mech6970-softsys/jetracer_prj/jetracer_ws/install/jetracer/lib/jetracer/tuner
[12.950s] -- Set non-toolchain portion of runtime path of "/home/odm0003/Documents/mech6970-softsys/jetracer_prj/jetracer_ws/install/jetracer/lib/jetracer/tuner" to ""
[12.950s] -- Up-to-date: /home/odm0003/Documents/mech6970-softsys/jetracer_prj/jetracer_ws/install/jetracer/share/ament_index/resource_index/package_run_dependencies/jetracer
[12.951s] -- Up-to-date: /home/odm0003/Documents/mech6970-softsys/jetracer_prj/jetracer_ws/install/jetracer/share/ament_index/resource_index/parent_prefix_path/jetracer
[12.952s] -- Up-to-date: /home/odm0003/Documents/mech6970-softsys/jetracer_prj/jetracer_ws/install/jetracer/share/jetracer/environment/ament_prefix_path.sh
[12.952s] -- Up-to-date: /home/odm0003/Documents/mech6970-softsys/jetracer_prj/jetracer_ws/install/jetracer/share/jetracer/environment/ament_prefix_path.dsv
[12.952s] -- Up-to-date: /home/odm0003/Documents/mech6970-softsys/jetracer_prj/jetracer_ws/install/jetracer/share/jetracer/environment/path.sh
[12.953s] -- Up-to-date: /home/odm0003/Documents/mech6970-softsys/jetracer_prj/jetracer_ws/install/jetracer/share/jetracer/environment/path.dsv
[12.954s] -- Up-to-date: /home/odm0003/Documents/mech6970-softsys/jetracer_prj/jetracer_ws/install/jetracer/share/jetracer/local_setup.bash
[12.954s] -- Up-to-date: /home/odm0003/Documents/mech6970-softsys/jetracer_prj/jetracer_ws/install/jetracer/share/jetracer/local_setup.sh
[12.954s] -- Up-to-date: /home/odm0003/Documents/mech6970-softsys/jetracer_prj/jetracer_ws/install/jetracer/share/jetracer/local_setup.zsh
[12.954s] -- Up-to-date: /home/odm0003/Documents/mech6970-softsys/jetracer_prj/jetracer_ws/install/jetracer/share/jetracer/local_setup.dsv
[12.954s] -- Installing: /home/odm0003/Documents/mech6970-softsys/jetracer_prj/jetracer_ws/install/jetracer/share/jetracer/package.dsv
[12.958s] -- Up-to-date: /home/odm0003/Documents/mech6970-softsys/jetracer_prj/jetracer_ws/install/jetracer/share/ament_index/resource_index/packages/jetracer
[12.958s] -- Up-to-date: /home/odm0003/Documents/mech6970-softsys/jetracer_prj/jetracer_ws/install/jetracer/share/jetracer/cmake/jetracerConfig.cmake
[12.958s] -- Up-to-date: /home/odm0003/Documents/mech6970-softsys/jetracer_prj/jetracer_ws/install/jetracer/share/jetracer/cmake/jetracerConfig-version.cmake
[12.958s] -- Up-to-date: /home/odm0003/Documents/mech6970-softsys/jetracer_prj/jetracer_ws/install/jetracer/share/jetracer/package.xml
[12.960s] Invoked command in '/home/odm0003/Documents/mech6970-softsys/jetracer_prj/jetracer_ws/build/jetracer' returned '0': CMAKE_PREFIX_PATH=${CMAKE_PREFIX_PATH}:/opt/ros/jazzy DEBUGINFOD_URLS=https://debuginfod.ubuntu.com /usr/bin/cmake --install /home/odm0003/Documents/mech6970-softsys/jetracer_prj/jetracer_ws/build/jetracer
