-- Found ament_cmake: 2.5.4 (/opt/ros/jazzy/share/ament_cmake/cmake)
-- Found rosidl_default_generators: 1.6.0 (/opt/ros/jazzy/share/rosidl_default_generators/cmake)
-- Using all available rosidl_typesupport_c: rosidl_typesupport_fastrtps_c;rosidl_typesupport_introspection_c
-- Using all available rosidl_typesupport_cpp: rosidl_typesupport_fastrtps_cpp;rosidl_typesupport_introspection_cpp
-- Found rosidl_adapter: 4.6.5 (/opt/ros/jazzy/share/rosidl_adapter/cmake)
-- Found std_msgs: 5.3.6 (/opt/ros/jazzy/share/std_msgs/cmake)
-- Found geometry_msgs: 5.3.6 (/opt/ros/jazzy/share/geometry_msgs/cmake)
-- Found ament_cmake_ros: 0.12.0 (/opt/ros/jazzy/share/ament_cmake_ros/cmake)
-- Using all available rosidl_typesupport_c: rosidl_typesupport_fastrtps_c;rosidl_typesupport_introspection_c
-- Using all available rosidl_typesupport_cpp: rosidl_typesupport_fastrtps_cpp;rosidl_typesupport_introspection_cpp
-- Found python_cmake_module: 0.11.1 (/opt/ros/jazzy/share/python_cmake_module/cmake)
-- Found PythonExtra: /usr/bin/python3  
-- Found Python3: /usr/bin/python3 (found version "3.12.3") found components: Interpreter Development NumPy Development.Module Development.Embed 
-- Configuring done (3.8s)
-- Generating done (0.1s)
-- Build files have been written to: /home/odm0003/Documents/mech6970-softsys/jetracer_prj/jetracer_ws/build/softsys_msgs
[  1%] [34m[1mGenerating type hashes for ROS interfaces[0m
[  1%] Built target ament_cmake_python_copy_softsys_msgs
[  1%] Built target softsys_msgs__rosidl_generator_type_description
[  3%] [34m[1mGenerating C code for ROS interfaces[0m
running egg_info
creating softsys_msgs.egg-info
writing softsys_msgs.egg-info/PKG-INFO
writing dependency_links to softsys_msgs.egg-info/dependency_links.txt
writing top-level names to softsys_msgs.egg-info/top_level.txt
writing manifest file 'softsys_msgs.egg-info/SOURCES.txt'
reading manifest file 'softsys_msgs.egg-info/SOURCES.txt'
writing manifest file 'softsys_msgs.egg-info/SOURCES.txt'
[  3%] Built target ament_cmake_python_build_softsys_msgs_egg
[  5%] [34m[1mGenerating C++ code for ROS interfaces[0m
[  7%] [32mBuilding C object CMakeFiles/softsys_msgs__rosidl_generator_c.dir/rosidl_generator_c/softsys_msgs/msg/detail/throttle__description.c.o[0m
[  9%] [32mBuilding C object CMakeFiles/softsys_msgs__rosidl_generator_c.dir/rosidl_generator_c/softsys_msgs/msg/detail/throttle__functions.c.o[0m
[  9%] Built target softsys_msgs__cpp
[ 11%] [32mBuilding C object CMakeFiles/softsys_msgs__rosidl_generator_c.dir/rosidl_generator_c/softsys_msgs/msg/detail/throttle__type_support.c.o[0m
[ 12%] [32mBuilding C object CMakeFiles/softsys_msgs__rosidl_generator_c.dir/rosidl_generator_c/softsys_msgs/msg/detail/steer__description.c.o[0m
[ 14%] [32mBuilding C object CMakeFiles/softsys_msgs__rosidl_generator_c.dir/rosidl_generator_c/softsys_msgs/msg/detail/steer__functions.c.o[0m
[ 16%] [32mBuilding C object CMakeFiles/softsys_msgs__rosidl_generator_c.dir/rosidl_generator_c/softsys_msgs/msg/detail/steer__type_support.c.o[0m
[ 18%] [32mBuilding C object CMakeFiles/softsys_msgs__rosidl_generator_c.dir/rosidl_generator_c/softsys_msgs/msg/detail/safety__description.c.o[0m
[ 20%] [32mBuilding C object CMakeFiles/softsys_msgs__rosidl_generator_c.dir/rosidl_generator_c/softsys_msgs/msg/detail/safety__functions.c.o[0m
[ 22%] [32mBuilding C object CMakeFiles/softsys_msgs__rosidl_generator_c.dir/rosidl_generator_c/softsys_msgs/msg/detail/safety__type_support.c.o[0m
[ 24%] [32m[1mLinking C shared library libsoftsys_msgs__rosidl_generator_c.so[0m
[ 24%] Built target softsys_msgs__rosidl_generator_c
[ 27%] [34m[1mGenerating C introspection for ROS interfaces[0m
[ 27%] [34m[1mGenerating C type support dispatch for ROS interfaces[0m
[ 29%] [32mBuilding CXX object CMakeFiles/softsys_msgs__rosidl_typesupport_c.dir/rosidl_typesupport_c/softsys_msgs/msg/throttle__type_support.cpp.o[0m
[ 31%] [32mBuilding C object CMakeFiles/softsys_msgs__rosidl_typesupport_introspection_c.dir/rosidl_typesupport_introspection_c/softsys_msgs/msg/detail/throttle__type_support.c.o[0m
[ 33%] [32mBuilding C object CMakeFiles/softsys_msgs__rosidl_typesupport_introspection_c.dir/rosidl_typesupport_introspection_c/softsys_msgs/msg/detail/steer__type_support.c.o[0m
[ 35%] [32mBuilding C object CMakeFiles/softsys_msgs__rosidl_typesupport_introspection_c.dir/rosidl_typesupport_introspection_c/softsys_msgs/msg/detail/safety__type_support.c.o[0m
[ 37%] [32mBuilding CXX object CMakeFiles/softsys_msgs__rosidl_typesupport_c.dir/rosidl_typesupport_c/softsys_msgs/msg/steer__type_support.cpp.o[0m
[ 38%] [32m[1mLinking C shared library libsoftsys_msgs__rosidl_typesupport_introspection_c.so[0m
[ 40%] [32mBuilding CXX object CMakeFiles/softsys_msgs__rosidl_typesupport_c.dir/rosidl_typesupport_c/softsys_msgs/msg/safety__type_support.cpp.o[0m
[ 40%] Built target softsys_msgs__rosidl_typesupport_introspection_c
[ 42%] [34m[1mGenerating C++ type support for eProsima Fast-RTPS[0m
[ 44%] [32m[1mLinking CXX shared library libsoftsys_msgs__rosidl_typesupport_c.so[0m
[ 44%] Built target softsys_msgs__rosidl_typesupport_c
[ 46%] [34m[1mGenerating C++ introspection for ROS interfaces[0m
[ 48%] [32mBuilding CXX object CMakeFiles/softsys_msgs__rosidl_typesupport_fastrtps_cpp.dir/rosidl_typesupport_fastrtps_cpp/softsys_msgs/msg/detail/dds_fastrtps/throttle__type_support.cpp.o[0m
[ 50%] [32mBuilding CXX object CMakeFiles/softsys_msgs__rosidl_typesupport_introspection_cpp.dir/rosidl_typesupport_introspection_cpp/softsys_msgs/msg/detail/throttle__type_support.cpp.o[0m
[ 51%] [32mBuilding CXX object CMakeFiles/softsys_msgs__rosidl_typesupport_introspection_cpp.dir/rosidl_typesupport_introspection_cpp/softsys_msgs/msg/detail/steer__type_support.cpp.o[0m
[ 53%] [32mBuilding CXX object CMakeFiles/softsys_msgs__rosidl_typesupport_fastrtps_cpp.dir/rosidl_typesupport_fastrtps_cpp/softsys_msgs/msg/detail/dds_fastrtps/steer__type_support.cpp.o[0m
[ 55%] [32mBuilding CXX object CMakeFiles/softsys_msgs__rosidl_typesupport_introspection_cpp.dir/rosidl_typesupport_introspection_cpp/softsys_msgs/msg/detail/safety__type_support.cpp.o[0m
[ 57%] [32m[1mLinking CXX shared library libsoftsys_msgs__rosidl_typesupport_introspection_cpp.so[0m
[ 57%] Built target softsys_msgs__rosidl_typesupport_introspection_cpp
[ 59%] [32mBuilding CXX object CMakeFiles/softsys_msgs__rosidl_typesupport_fastrtps_cpp.dir/rosidl_typesupport_fastrtps_cpp/softsys_msgs/msg/detail/dds_fastrtps/safety__type_support.cpp.o[0m
[ 61%] [34m[1mGenerating C++ type support dispatch for ROS interfaces[0m
[ 62%] [32mBuilding CXX object CMakeFiles/softsys_msgs__rosidl_typesupport_cpp.dir/rosidl_typesupport_cpp/softsys_msgs/msg/throttle__type_support.cpp.o[0m
[ 64%] [32m[1mLinking CXX shared library libsoftsys_msgs__rosidl_typesupport_fastrtps_cpp.so[0m
[ 64%] Built target softsys_msgs__rosidl_typesupport_fastrtps_cpp
[ 66%] [34m[1mGenerating C type support for eProsima Fast-RTPS[0m
[ 68%] [32mBuilding CXX object CMakeFiles/softsys_msgs__rosidl_typesupport_cpp.dir/rosidl_typesupport_cpp/softsys_msgs/msg/steer__type_support.cpp.o[0m
[ 70%] [32mBuilding CXX object CMakeFiles/softsys_msgs__rosidl_typesupport_cpp.dir/rosidl_typesupport_cpp/softsys_msgs/msg/safety__type_support.cpp.o[0m
[ 72%] [32mBuilding CXX object CMakeFiles/softsys_msgs__rosidl_typesupport_fastrtps_c.dir/rosidl_typesupport_fastrtps_c/softsys_msgs/msg/detail/throttle__type_support_c.cpp.o[0m
[ 74%] [32m[1mLinking CXX shared library libsoftsys_msgs__rosidl_typesupport_cpp.so[0m
[ 74%] Built target softsys_msgs__rosidl_typesupport_cpp
[ 75%] [32mBuilding CXX object CMakeFiles/softsys_msgs__rosidl_typesupport_fastrtps_c.dir/rosidl_typesupport_fastrtps_c/softsys_msgs/msg/detail/steer__type_support_c.cpp.o[0m
[ 77%] [32mBuilding CXX object CMakeFiles/softsys_msgs__rosidl_typesupport_fastrtps_c.dir/rosidl_typesupport_fastrtps_c/softsys_msgs/msg/detail/safety__type_support_c.cpp.o[0m
[ 79%] [32m[1mLinking CXX shared library libsoftsys_msgs__rosidl_typesupport_fastrtps_c.so[0m
[ 79%] Built target softsys_msgs__rosidl_typesupport_fastrtps_c
[ 79%] Built target softsys_msgs
[ 81%] [34m[1mGenerating Python code for ROS interfaces[0m
[ 81%] Built target softsys_msgs__py
[ 85%] [32mBuilding C object CMakeFiles/softsys_msgs__rosidl_generator_py.dir/rosidl_generator_py/softsys_msgs/msg/_throttle_s.c.o[0m
[ 85%] [32mBuilding C object CMakeFiles/softsys_msgs__rosidl_generator_py.dir/rosidl_generator_py/softsys_msgs/msg/_steer_s.c.o[0m
[ 87%] [32mBuilding C object CMakeFiles/softsys_msgs__rosidl_generator_py.dir/rosidl_generator_py/softsys_msgs/msg/_safety_s.c.o[0m
[ 88%] [32m[1mLinking C shared library libsoftsys_msgs__rosidl_generator_py.so[0m
[ 88%] Built target softsys_msgs__rosidl_generator_py
[ 92%] [32mBuilding C object CMakeFiles/softsys_msgs_s__rosidl_typesupport_fastrtps_c.dir/rosidl_generator_py/softsys_msgs/_softsys_msgs_s.ep.rosidl_typesupport_fastrtps_c.c.o[0m
[ 92%] [32mBuilding C object CMakeFiles/softsys_msgs_s__rosidl_typesupport_introspection_c.dir/rosidl_generator_py/softsys_msgs/_softsys_msgs_s.ep.rosidl_typesupport_introspection_c.c.o[0m
[ 94%] [32m[1mLinking C shared module rosidl_generator_py/softsys_msgs/softsys_msgs_s__rosidl_typesupport_fastrtps_c.so[0m
[ 96%] [32m[1mLinking C shared module rosidl_generator_py/softsys_msgs/softsys_msgs_s__rosidl_typesupport_introspection_c.so[0m
[ 96%] Built target softsys_msgs_s__rosidl_typesupport_fastrtps_c
[ 96%] Built target softsys_msgs_s__rosidl_typesupport_introspection_c
[ 98%] [32mBuilding C object CMakeFiles/softsys_msgs_s__rosidl_typesupport_c.dir/rosidl_generator_py/softsys_msgs/_softsys_msgs_s.ep.rosidl_typesupport_c.c.o[0m
[100%] [32m[1mLinking C shared module rosidl_generator_py/softsys_msgs/softsys_msgs_s__rosidl_typesupport_c.so[0m
[100%] Built target softsys_msgs_s__rosidl_typesupport_c
-- Install configuration: ""
-- Installing: /home/odm0003/Documents/mech6970-softsys/jetracer_prj/jetracer_ws/install/softsys_msgs/share/ament_index/resource_index/rosidl_interfaces/softsys_msgs
-- Installing: /home/odm0003/Documents/mech6970-softsys/jetracer_prj/jetracer_ws/install/softsys_msgs/share/softsys_msgs/msg/Throttle.json
-- Installing: /home/odm0003/Documents/mech6970-softsys/jetracer_prj/jetracer_ws/install/softsys_msgs/share/softsys_msgs/msg/Steer.json
-- Installing: /home/odm0003/Documents/mech6970-softsys/jetracer_prj/jetracer_ws/install/softsys_msgs/share/softsys_msgs/msg/Safety.json
-- Installing: /home/odm0003/Documents/mech6970-softsys/jetracer_prj/jetracer_ws/install/softsys_msgs/include/softsys_msgs/softsys_msgs
-- Installing: /home/odm0003/Documents/mech6970-softsys/jetracer_prj/jetracer_ws/install/softsys_msgs/include/softsys_msgs/softsys_msgs/msg
-- Installing: /home/odm0003/Documents/mech6970-softsys/jetracer_prj/jetracer_ws/install/softsys_msgs/include/softsys_msgs/softsys_msgs/msg/steer.h
-- Installing: /home/odm0003/Documents/mech6970-softsys/jetracer_prj/jetracer_ws/install/softsys_msgs/include/softsys_msgs/softsys_msgs/msg/detail
-- Installing: /home/odm0003/Documents/mech6970-softsys/jetracer_prj/jetracer_ws/install/softsys_msgs/include/softsys_msgs/softsys_msgs/msg/detail/steer__description.c
-- Installing: /home/odm0003/Documents/mech6970-softsys/jetracer_prj/jetracer_ws/install/softsys_msgs/include/softsys_msgs/softsys_msgs/msg/detail/safety__description.c
-- Installing: /home/odm0003/Documents/mech6970-softsys/jetracer_prj/jetracer_ws/install/softsys_msgs/include/softsys_msgs/softsys_msgs/msg/detail/steer__type_support.c
-- Installing: /home/odm0003/Documents/mech6970-softsys/jetracer_prj/jetracer_ws/install/softsys_msgs/include/softsys_msgs/softsys_msgs/msg/detail/throttle__struct.h
-- Installing: /home/odm0003/Documents/mech6970-softsys/jetracer_prj/jetracer_ws/install/softsys_msgs/include/softsys_msgs/softsys_msgs/msg/detail/steer__type_support.h
-- Installing: /home/odm0003/Documents/mech6970-softsys/jetracer_prj/jetracer_ws/install/softsys_msgs/include/softsys_msgs/softsys_msgs/msg/detail/safety__struct.h
-- Installing: /home/odm0003/Documents/mech6970-softsys/jetracer_prj/jetracer_ws/install/softsys_msgs/include/softsys_msgs/softsys_msgs/msg/detail/steer__struct.h
-- Installing: /home/odm0003/Documents/mech6970-softsys/jetracer_prj/jetracer_ws/install/softsys_msgs/include/softsys_msgs/softsys_msgs/msg/detail/throttle__type_support.h
-- Installing: /home/odm0003/Documents/mech6970-softsys/jetracer_prj/jetracer_ws/install/softsys_msgs/include/softsys_msgs/softsys_msgs/msg/detail/safety__functions.h
-- Installing: /home/odm0003/Documents/mech6970-softsys/jetracer_prj/jetracer_ws/install/softsys_msgs/include/softsys_msgs/softsys_msgs/msg/detail/throttle__description.c
-- Installing: /home/odm0003/Documents/mech6970-softsys/jetracer_prj/jetracer_ws/install/softsys_msgs/include/softsys_msgs/softsys_msgs/msg/detail/safety__functions.c
-- Installing: /home/odm0003/Documents/mech6970-softsys/jetracer_prj/jetracer_ws/install/softsys_msgs/include/softsys_msgs/softsys_msgs/msg/detail/throttle__functions.h
-- Installing: /home/odm0003/Documents/mech6970-softsys/jetracer_prj/jetracer_ws/install/softsys_msgs/include/softsys_msgs/softsys_msgs/msg/detail/throttle__type_support.c
-- Installing: /home/odm0003/Documents/mech6970-softsys/jetracer_prj/jetracer_ws/install/softsys_msgs/include/softsys_msgs/softsys_msgs/msg/detail/steer__functions.c
-- Installing: /home/odm0003/Documents/mech6970-softsys/jetracer_prj/jetracer_ws/install/softsys_msgs/include/softsys_msgs/softsys_msgs/msg/detail/steer__functions.h
-- Installing: /home/odm0003/Documents/mech6970-softsys/jetracer_prj/jetracer_ws/install/softsys_msgs/include/softsys_msgs/softsys_msgs/msg/detail/safety__type_support.h
-- Installing: /home/odm0003/Documents/mech6970-softsys/jetracer_prj/jetracer_ws/install/softsys_msgs/include/softsys_msgs/softsys_msgs/msg/detail/throttle__functions.c
-- Installing: /home/odm0003/Documents/mech6970-softsys/jetracer_prj/jetracer_ws/install/softsys_msgs/include/softsys_msgs/softsys_msgs/msg/detail/safety__type_support.c
-- Installing: /home/odm0003/Documents/mech6970-softsys/jetracer_prj/jetracer_ws/install/softsys_msgs/include/softsys_msgs/softsys_msgs/msg/safety.h
-- Installing: /home/odm0003/Documents/mech6970-softsys/jetracer_prj/jetracer_ws/install/softsys_msgs/include/softsys_msgs/softsys_msgs/msg/rosidl_generator_c__visibility_control.h
-- Installing: /home/odm0003/Documents/mech6970-softsys/jetracer_prj/jetracer_ws/install/softsys_msgs/include/softsys_msgs/softsys_msgs/msg/throttle.h
-- Installing: /home/odm0003/Documents/mech6970-softsys/jetracer_prj/jetracer_ws/install/softsys_msgs/share/softsys_msgs/environment/library_path.sh
-- Installing: /home/odm0003/Documents/mech6970-softsys/jetracer_prj/jetracer_ws/install/softsys_msgs/share/softsys_msgs/environment/library_path.dsv
-- Installing: /home/odm0003/Documents/mech6970-softsys/jetracer_prj/jetracer_ws/install/softsys_msgs/lib/libsoftsys_msgs__rosidl_generator_c.so
-- Set non-toolchain portion of runtime path of "/home/odm0003/Documents/mech6970-softsys/jetracer_prj/jetracer_ws/install/softsys_msgs/lib/libsoftsys_msgs__rosidl_generator_c.so" to ""
-- Up-to-date: /home/odm0003/Documents/mech6970-softsys/jetracer_prj/jetracer_ws/install/softsys_msgs/include/softsys_msgs/softsys_msgs
-- Up-to-date: /home/odm0003/Documents/mech6970-softsys/jetracer_prj/jetracer_ws/install/softsys_msgs/include/softsys_msgs/softsys_msgs/msg
-- Up-to-date: /home/odm0003/Documents/mech6970-softsys/jetracer_prj/jetracer_ws/install/softsys_msgs/include/softsys_msgs/softsys_msgs/msg/detail
-- Installing: /home/odm0003/Documents/mech6970-softsys/jetracer_prj/jetracer_ws/install/softsys_msgs/include/softsys_msgs/softsys_msgs/msg/detail/steer__rosidl_typesupport_fastrtps_c.h
-- Installing: /home/odm0003/Documents/mech6970-softsys/jetracer_prj/jetracer_ws/install/softsys_msgs/include/softsys_msgs/softsys_msgs/msg/detail/safety__rosidl_typesupport_fastrtps_c.h
-- Installing: /home/odm0003/Documents/mech6970-softsys/jetracer_prj/jetracer_ws/install/softsys_msgs/include/softsys_msgs/softsys_msgs/msg/detail/throttle__rosidl_typesupport_fastrtps_c.h
-- Installing: /home/odm0003/Documents/mech6970-softsys/jetracer_prj/jetracer_ws/install/softsys_msgs/include/softsys_msgs/softsys_msgs/msg/rosidl_typesupport_fastrtps_c__visibility_control.h
-- Installing: /home/odm0003/Documents/mech6970-softsys/jetracer_prj/jetracer_ws/install/softsys_msgs/lib/libsoftsys_msgs__rosidl_typesupport_fastrtps_c.so
-- Set non-toolchain portion of runtime path of "/home/odm0003/Documents/mech6970-softsys/jetracer_prj/jetracer_ws/install/softsys_msgs/lib/libsoftsys_msgs__rosidl_typesupport_fastrtps_c.so" to ""
-- Up-to-date: /home/odm0003/Documents/mech6970-softsys/jetracer_prj/jetracer_ws/install/softsys_msgs/include/softsys_msgs/softsys_msgs
-- Up-to-date: /home/odm0003/Documents/mech6970-softsys/jetracer_prj/jetracer_ws/install/softsys_msgs/include/softsys_msgs/softsys_msgs/msg
-- Up-to-date: /home/odm0003/Documents/mech6970-softsys/jetracer_prj/jetracer_ws/install/softsys_msgs/include/softsys_msgs/softsys_msgs/msg/detail
-- Installing: /home/odm0003/Documents/mech6970-softsys/jetracer_prj/jetracer_ws/install/softsys_msgs/include/softsys_msgs/softsys_msgs/msg/detail/safety__rosidl_typesupport_introspection_c.h
-- Installing: /home/odm0003/Documents/mech6970-softsys/jetracer_prj/jetracer_ws/install/softsys_msgs/include/softsys_msgs/softsys_msgs/msg/detail/steer__type_support.c
-- Installing: /home/odm0003/Documents/mech6970-softsys/jetracer_prj/jetracer_ws/install/softsys_msgs/include/softsys_msgs/softsys_msgs/msg/detail/throttle__type_support.c
-- Installing: /home/odm0003/Documents/mech6970-softsys/jetracer_prj/jetracer_ws/install/softsys_msgs/include/softsys_msgs/softsys_msgs/msg/detail/throttle__rosidl_typesupport_introspection_c.h
-- Installing: /home/odm0003/Documents/mech6970-softsys/jetracer_prj/jetracer_ws/install/softsys_msgs/include/softsys_msgs/softsys_msgs/msg/detail/steer__rosidl_typesupport_introspection_c.h
-- Installing: /home/odm0003/Documents/mech6970-softsys/jetracer_prj/jetracer_ws/install/softsys_msgs/include/softsys_msgs/softsys_msgs/msg/detail/safety__type_support.c
-- Installing: /home/odm0003/Documents/mech6970-softsys/jetracer_prj/jetracer_ws/install/softsys_msgs/include/softsys_msgs/softsys_msgs/msg/rosidl_typesupport_introspection_c__visibility_control.h
-- Installing: /home/odm0003/Documents/mech6970-softsys/jetracer_prj/jetracer_ws/install/softsys_msgs/lib/libsoftsys_msgs__rosidl_typesupport_introspection_c.so
-- Set non-toolchain portion of runtime path of "/home/odm0003/Documents/mech6970-softsys/jetracer_prj/jetracer_ws/install/softsys_msgs/lib/libsoftsys_msgs__rosidl_typesupport_introspection_c.so" to ""
-- Installing: /home/odm0003/Documents/mech6970-softsys/jetracer_prj/jetracer_ws/install/softsys_msgs/lib/libsoftsys_msgs__rosidl_typesupport_c.so
-- Set non-toolchain portion of runtime path of "/home/odm0003/Documents/mech6970-softsys/jetracer_prj/jetracer_ws/install/softsys_msgs/lib/libsoftsys_msgs__rosidl_typesupport_c.so" to ""
-- Up-to-date: /home/odm0003/Documents/mech6970-softsys/jetracer_prj/jetracer_ws/install/softsys_msgs/include/softsys_msgs/softsys_msgs
-- Up-to-date: /home/odm0003/Documents/mech6970-softsys/jetracer_prj/jetracer_ws/install/softsys_msgs/include/softsys_msgs/softsys_msgs/msg
-- Up-to-date: /home/odm0003/Documents/mech6970-softsys/jetracer_prj/jetracer_ws/install/softsys_msgs/include/softsys_msgs/softsys_msgs/msg/detail
-- Installing: /home/odm0003/Documents/mech6970-softsys/jetracer_prj/jetracer_ws/install/softsys_msgs/include/softsys_msgs/softsys_msgs/msg/detail/steer__struct.hpp
-- Installing: /home/odm0003/Documents/mech6970-softsys/jetracer_prj/jetracer_ws/install/softsys_msgs/include/softsys_msgs/softsys_msgs/msg/detail/safety__type_support.hpp
-- Installing: /home/odm0003/Documents/mech6970-softsys/jetracer_prj/jetracer_ws/install/softsys_msgs/include/softsys_msgs/softsys_msgs/msg/detail/steer__traits.hpp
-- Installing: /home/odm0003/Documents/mech6970-softsys/jetracer_prj/jetracer_ws/install/softsys_msgs/include/softsys_msgs/softsys_msgs/msg/detail/safety__struct.hpp
-- Installing: /home/odm0003/Documents/mech6970-softsys/jetracer_prj/jetracer_ws/install/softsys_msgs/include/softsys_msgs/softsys_msgs/msg/detail/throttle__builder.hpp
-- Installing: /home/odm0003/Documents/mech6970-softsys/jetracer_prj/jetracer_ws/install/softsys_msgs/include/softsys_msgs/softsys_msgs/msg/detail/steer__builder.hpp
-- Installing: /home/odm0003/Documents/mech6970-softsys/jetracer_prj/jetracer_ws/install/softsys_msgs/include/softsys_msgs/softsys_msgs/msg/detail/throttle__type_support.hpp
-- Installing: /home/odm0003/Documents/mech6970-softsys/jetracer_prj/jetracer_ws/install/softsys_msgs/include/softsys_msgs/softsys_msgs/msg/detail/safety__traits.hpp
-- Installing: /home/odm0003/Documents/mech6970-softsys/jetracer_prj/jetracer_ws/install/softsys_msgs/include/softsys_msgs/softsys_msgs/msg/detail/throttle__struct.hpp
-- Installing: /home/odm0003/Documents/mech6970-softsys/jetracer_prj/jetracer_ws/install/softsys_msgs/include/softsys_msgs/softsys_msgs/msg/detail/safety__builder.hpp
-- Installing: /home/odm0003/Documents/mech6970-softsys/jetracer_prj/jetracer_ws/install/softsys_msgs/include/softsys_msgs/softsys_msgs/msg/detail/throttle__traits.hpp
-- Installing: /home/odm0003/Documents/mech6970-softsys/jetracer_prj/jetracer_ws/install/softsys_msgs/include/softsys_msgs/softsys_msgs/msg/detail/steer__type_support.hpp
-- Installing: /home/odm0003/Documents/mech6970-softsys/jetracer_prj/jetracer_ws/install/softsys_msgs/include/softsys_msgs/softsys_msgs/msg/steer.hpp
-- Installing: /home/odm0003/Documents/mech6970-softsys/jetracer_prj/jetracer_ws/install/softsys_msgs/include/softsys_msgs/softsys_msgs/msg/throttle.hpp
-- Installing: /home/odm0003/Documents/mech6970-softsys/jetracer_prj/jetracer_ws/install/softsys_msgs/include/softsys_msgs/softsys_msgs/msg/rosidl_generator_cpp__visibility_control.hpp
-- Installing: /home/odm0003/Documents/mech6970-softsys/jetracer_prj/jetracer_ws/install/softsys_msgs/include/softsys_msgs/softsys_msgs/msg/safety.hpp
-- Up-to-date: /home/odm0003/Documents/mech6970-softsys/jetracer_prj/jetracer_ws/install/softsys_msgs/include/softsys_msgs/softsys_msgs
-- Up-to-date: /home/odm0003/Documents/mech6970-softsys/jetracer_prj/jetracer_ws/install/softsys_msgs/include/softsys_msgs/softsys_msgs/msg
-- Up-to-date: /home/odm0003/Documents/mech6970-softsys/jetracer_prj/jetracer_ws/install/softsys_msgs/include/softsys_msgs/softsys_msgs/msg/detail
-- Installing: /home/odm0003/Documents/mech6970-softsys/jetracer_prj/jetracer_ws/install/softsys_msgs/include/softsys_msgs/softsys_msgs/msg/detail/dds_fastrtps
-- Installing: /home/odm0003/Documents/mech6970-softsys/jetracer_prj/jetracer_ws/install/softsys_msgs/include/softsys_msgs/softsys_msgs/msg/detail/safety__rosidl_typesupport_fastrtps_cpp.hpp
-- Installing: /home/odm0003/Documents/mech6970-softsys/jetracer_prj/jetracer_ws/install/softsys_msgs/include/softsys_msgs/softsys_msgs/msg/detail/throttle__rosidl_typesupport_fastrtps_cpp.hpp
-- Installing: /home/odm0003/Documents/mech6970-softsys/jetracer_prj/jetracer_ws/install/softsys_msgs/include/softsys_msgs/softsys_msgs/msg/detail/steer__rosidl_typesupport_fastrtps_cpp.hpp
-- Installing: /home/odm0003/Documents/mech6970-softsys/jetracer_prj/jetracer_ws/install/softsys_msgs/include/softsys_msgs/softsys_msgs/msg/rosidl_typesupport_fastrtps_cpp__visibility_control.h
-- Installing: /home/odm0003/Documents/mech6970-softsys/jetracer_prj/jetracer_ws/install/softsys_msgs/lib/libsoftsys_msgs__rosidl_typesupport_fastrtps_cpp.so
-- Set non-toolchain portion of runtime path of "/home/odm0003/Documents/mech6970-softsys/jetracer_prj/jetracer_ws/install/softsys_msgs/lib/libsoftsys_msgs__rosidl_typesupport_fastrtps_cpp.so" to ""
-- Up-to-date: /home/odm0003/Documents/mech6970-softsys/jetracer_prj/jetracer_ws/install/softsys_msgs/include/softsys_msgs/softsys_msgs
-- Up-to-date: /home/odm0003/Documents/mech6970-softsys/jetracer_prj/jetracer_ws/install/softsys_msgs/include/softsys_msgs/softsys_msgs/msg
-- Up-to-date: /home/odm0003/Documents/mech6970-softsys/jetracer_prj/jetracer_ws/install/softsys_msgs/include/softsys_msgs/softsys_msgs/msg/detail
-- Installing: /home/odm0003/Documents/mech6970-softsys/jetracer_prj/jetracer_ws/install/softsys_msgs/include/softsys_msgs/softsys_msgs/msg/detail/throttle__rosidl_typesupport_introspection_cpp.hpp
-- Installing: /home/odm0003/Documents/mech6970-softsys/jetracer_prj/jetracer_ws/install/softsys_msgs/include/softsys_msgs/softsys_msgs/msg/detail/safety__type_support.cpp
-- Installing: /home/odm0003/Documents/mech6970-softsys/jetracer_prj/jetracer_ws/install/softsys_msgs/include/softsys_msgs/softsys_msgs/msg/detail/throttle__type_support.cpp
-- Installing: /home/odm0003/Documents/mech6970-softsys/jetracer_prj/jetracer_ws/install/softsys_msgs/include/softsys_msgs/softsys_msgs/msg/detail/safety__rosidl_typesupport_introspection_cpp.hpp
-- Installing: /home/odm0003/Documents/mech6970-softsys/jetracer_prj/jetracer_ws/install/softsys_msgs/include/softsys_msgs/softsys_msgs/msg/detail/steer__rosidl_typesupport_introspection_cpp.hpp
-- Installing: /home/odm0003/Documents/mech6970-softsys/jetracer_prj/jetracer_ws/install/softsys_msgs/include/softsys_msgs/softsys_msgs/msg/detail/steer__type_support.cpp
-- Installing: /home/odm0003/Documents/mech6970-softsys/jetracer_prj/jetracer_ws/install/softsys_msgs/lib/libsoftsys_msgs__rosidl_typesupport_introspection_cpp.so
-- Set non-toolchain portion of runtime path of "/home/odm0003/Documents/mech6970-softsys/jetracer_prj/jetracer_ws/install/softsys_msgs/lib/libsoftsys_msgs__rosidl_typesupport_introspection_cpp.so" to ""
-- Installing: /home/odm0003/Documents/mech6970-softsys/jetracer_prj/jetracer_ws/install/softsys_msgs/lib/libsoftsys_msgs__rosidl_typesupport_cpp.so
-- Set non-toolchain portion of runtime path of "/home/odm0003/Documents/mech6970-softsys/jetracer_prj/jetracer_ws/install/softsys_msgs/lib/libsoftsys_msgs__rosidl_typesupport_cpp.so" to ""
-- Installing: /home/odm0003/Documents/mech6970-softsys/jetracer_prj/jetracer_ws/install/softsys_msgs/share/softsys_msgs/environment/pythonpath.sh
-- Installing: /home/odm0003/Documents/mech6970-softsys/jetracer_prj/jetracer_ws/install/softsys_msgs/share/softsys_msgs/environment/pythonpath.dsv
-- Installing: /home/odm0003/Documents/mech6970-softsys/jetracer_prj/jetracer_ws/install/softsys_msgs/lib/python3.12/site-packages/softsys_msgs-1.0.0-py3.12.egg-info
-- Installing: /home/odm0003/Documents/mech6970-softsys/jetracer_prj/jetracer_ws/install/softsys_msgs/lib/python3.12/site-packages/softsys_msgs-1.0.0-py3.12.egg-info/top_level.txt
-- Installing: /home/odm0003/Documents/mech6970-softsys/jetracer_prj/jetracer_ws/install/softsys_msgs/lib/python3.12/site-packages/softsys_msgs-1.0.0-py3.12.egg-info/PKG-INFO
-- Installing: /home/odm0003/Documents/mech6970-softsys/jetracer_prj/jetracer_ws/install/softsys_msgs/lib/python3.12/site-packages/softsys_msgs-1.0.0-py3.12.egg-info/SOURCES.txt
-- Installing: /home/odm0003/Documents/mech6970-softsys/jetracer_prj/jetracer_ws/install/softsys_msgs/lib/python3.12/site-packages/softsys_msgs-1.0.0-py3.12.egg-info/dependency_links.txt
-- Installing: /home/odm0003/Documents/mech6970-softsys/jetracer_prj/jetracer_ws/install/softsys_msgs/lib/python3.12/site-packages/softsys_msgs
-- Installing: /home/odm0003/Documents/mech6970-softsys/jetracer_prj/jetracer_ws/install/softsys_msgs/lib/python3.12/site-packages/softsys_msgs/_softsys_msgs_s.ep.rosidl_typesupport_c.c
-- Installing: /home/odm0003/Documents/mech6970-softsys/jetracer_prj/jetracer_ws/install/softsys_msgs/lib/python3.12/site-packages/softsys_msgs/msg
-- Installing: /home/odm0003/Documents/mech6970-softsys/jetracer_prj/jetracer_ws/install/softsys_msgs/lib/python3.12/site-packages/softsys_msgs/msg/_steer_s.c
-- Installing: /home/odm0003/Documents/mech6970-softsys/jetracer_prj/jetracer_ws/install/softsys_msgs/lib/python3.12/site-packages/softsys_msgs/msg/__init__.py
-- Installing: /home/odm0003/Documents/mech6970-softsys/jetracer_prj/jetracer_ws/install/softsys_msgs/lib/python3.12/site-packages/softsys_msgs/msg/_throttle_s.c
-- Installing: /home/odm0003/Documents/mech6970-softsys/jetracer_prj/jetracer_ws/install/softsys_msgs/lib/python3.12/site-packages/softsys_msgs/msg/_steer.py
-- Installing: /home/odm0003/Documents/mech6970-softsys/jetracer_prj/jetracer_ws/install/softsys_msgs/lib/python3.12/site-packages/softsys_msgs/msg/_safety.py
-- Installing: /home/odm0003/Documents/mech6970-softsys/jetracer_prj/jetracer_ws/install/softsys_msgs/lib/python3.12/site-packages/softsys_msgs/msg/_throttle.py
-- Installing: /home/odm0003/Documents/mech6970-softsys/jetracer_prj/jetracer_ws/install/softsys_msgs/lib/python3.12/site-packages/softsys_msgs/msg/_safety_s.c
-- Installing: /home/odm0003/Documents/mech6970-softsys/jetracer_prj/jetracer_ws/install/softsys_msgs/lib/python3.12/site-packages/softsys_msgs/softsys_msgs_s__rosidl_typesupport_c.so
-- Installing: /home/odm0003/Documents/mech6970-softsys/jetracer_prj/jetracer_ws/install/softsys_msgs/lib/python3.12/site-packages/softsys_msgs/_softsys_msgs_s.ep.rosidl_typesupport_introspection_c.c
-- Installing: /home/odm0003/Documents/mech6970-softsys/jetracer_prj/jetracer_ws/install/softsys_msgs/lib/python3.12/site-packages/softsys_msgs/_softsys_msgs_s.ep.rosidl_typesupport_fastrtps_c.c
-- Installing: /home/odm0003/Documents/mech6970-softsys/jetracer_prj/jetracer_ws/install/softsys_msgs/lib/python3.12/site-packages/softsys_msgs/softsys_msgs_s__rosidl_typesupport_fastrtps_c.so
-- Installing: /home/odm0003/Documents/mech6970-softsys/jetracer_prj/jetracer_ws/install/softsys_msgs/lib/python3.12/site-packages/softsys_msgs/softsys_msgs_s__rosidl_typesupport_introspection_c.so
-- Installing: /home/odm0003/Documents/mech6970-softsys/jetracer_prj/jetracer_ws/install/softsys_msgs/lib/python3.12/site-packages/softsys_msgs/__init__.py
Listing '/home/odm0003/Documents/mech6970-softsys/jetracer_prj/jetracer_ws/install/softsys_msgs/lib/python3.12/site-packages/softsys_msgs'...
Compiling '/home/odm0003/Documents/mech6970-softsys/jetracer_prj/jetracer_ws/install/softsys_msgs/lib/python3.12/site-packages/softsys_msgs/__init__.py'...
Listing '/home/odm0003/Documents/mech6970-softsys/jetracer_prj/jetracer_ws/install/softsys_msgs/lib/python3.12/site-packages/softsys_msgs/msg'...
Compiling '/home/odm0003/Documents/mech6970-softsys/jetracer_prj/jetracer_ws/install/softsys_msgs/lib/python3.12/site-packages/softsys_msgs/msg/__init__.py'...
Compiling '/home/odm0003/Documents/mech6970-softsys/jetracer_prj/jetracer_ws/install/softsys_msgs/lib/python3.12/site-packages/softsys_msgs/msg/_safety.py'...
Compiling '/home/odm0003/Documents/mech6970-softsys/jetracer_prj/jetracer_ws/install/softsys_msgs/lib/python3.12/site-packages/softsys_msgs/msg/_steer.py'...
Compiling '/home/odm0003/Documents/mech6970-softsys/jetracer_prj/jetracer_ws/install/softsys_msgs/lib/python3.12/site-packages/softsys_msgs/msg/_throttle.py'...
-- Installing: /home/odm0003/Documents/mech6970-softsys/jetracer_prj/jetracer_ws/install/softsys_msgs/lib/python3.12/site-packages/softsys_msgs/softsys_msgs_s__rosidl_typesupport_fastrtps_c.so
-- Set non-toolchain portion of runtime path of "/home/odm0003/Documents/mech6970-softsys/jetracer_prj/jetracer_ws/install/softsys_msgs/lib/python3.12/site-packages/softsys_msgs/softsys_msgs_s__rosidl_typesupport_fastrtps_c.so" to ""
-- Installing: /home/odm0003/Documents/mech6970-softsys/jetracer_prj/jetracer_ws/install/softsys_msgs/lib/python3.12/site-packages/softsys_msgs/softsys_msgs_s__rosidl_typesupport_introspection_c.so
-- Set non-toolchain portion of runtime path of "/home/odm0003/Documents/mech6970-softsys/jetracer_prj/jetracer_ws/install/softsys_msgs/lib/python3.12/site-packages/softsys_msgs/softsys_msgs_s__rosidl_typesupport_introspection_c.so" to ""
-- Installing: /home/odm0003/Documents/mech6970-softsys/jetracer_prj/jetracer_ws/install/softsys_msgs/lib/python3.12/site-packages/softsys_msgs/softsys_msgs_s__rosidl_typesupport_c.so
-- Set non-toolchain portion of runtime path of "/home/odm0003/Documents/mech6970-softsys/jetracer_prj/jetracer_ws/install/softsys_msgs/lib/python3.12/site-packages/softsys_msgs/softsys_msgs_s__rosidl_typesupport_c.so" to ""
-- Installing: /home/odm0003/Documents/mech6970-softsys/jetracer_prj/jetracer_ws/install/softsys_msgs/lib/libsoftsys_msgs__rosidl_generator_py.so
-- Set non-toolchain portion of runtime path of "/home/odm0003/Documents/mech6970-softsys/jetracer_prj/jetracer_ws/install/softsys_msgs/lib/libsoftsys_msgs__rosidl_generator_py.so" to ""
-- Installing: /home/odm0003/Documents/mech6970-softsys/jetracer_prj/jetracer_ws/install/softsys_msgs/share/softsys_msgs/msg/Throttle.idl
-- Installing: /home/odm0003/Documents/mech6970-softsys/jetracer_prj/jetracer_ws/install/softsys_msgs/share/softsys_msgs/msg/Steer.idl
-- Installing: /home/odm0003/Documents/mech6970-softsys/jetracer_prj/jetracer_ws/install/softsys_msgs/share/softsys_msgs/msg/Safety.idl
-- Installing: /home/odm0003/Documents/mech6970-softsys/jetracer_prj/jetracer_ws/install/softsys_msgs/share/softsys_msgs/msg/Throttle.msg
-- Installing: /home/odm0003/Documents/mech6970-softsys/jetracer_prj/jetracer_ws/install/softsys_msgs/share/softsys_msgs/msg/Steer.msg
-- Installing: /home/odm0003/Documents/mech6970-softsys/jetracer_prj/jetracer_ws/install/softsys_msgs/share/softsys_msgs/msg/Safety.msg
-- Installing: /home/odm0003/Documents/mech6970-softsys/jetracer_prj/jetracer_ws/install/softsys_msgs/share/ament_index/resource_index/package_run_dependencies/softsys_msgs
-- Installing: /home/odm0003/Documents/mech6970-softsys/jetracer_prj/jetracer_ws/install/softsys_msgs/share/ament_index/resource_index/parent_prefix_path/softsys_msgs
-- Installing: /home/odm0003/Documents/mech6970-softsys/jetracer_prj/jetracer_ws/install/softsys_msgs/share/softsys_msgs/environment/ament_prefix_path.sh
-- Installing: /home/odm0003/Documents/mech6970-softsys/jetracer_prj/jetracer_ws/install/softsys_msgs/share/softsys_msgs/environment/ament_prefix_path.dsv
-- Installing: /home/odm0003/Documents/mech6970-softsys/jetracer_prj/jetracer_ws/install/softsys_msgs/share/softsys_msgs/environment/path.sh
-- Installing: /home/odm0003/Documents/mech6970-softsys/jetracer_prj/jetracer_ws/install/softsys_msgs/share/softsys_msgs/environment/path.dsv
-- Installing: /home/odm0003/Documents/mech6970-softsys/jetracer_prj/jetracer_ws/install/softsys_msgs/share/softsys_msgs/local_setup.bash
-- Installing: /home/odm0003/Documents/mech6970-softsys/jetracer_prj/jetracer_ws/install/softsys_msgs/share/softsys_msgs/local_setup.sh
-- Installing: /home/odm0003/Documents/mech6970-softsys/jetracer_prj/jetracer_ws/install/softsys_msgs/share/softsys_msgs/local_setup.zsh
-- Installing: /home/odm0003/Documents/mech6970-softsys/jetracer_prj/jetracer_ws/install/softsys_msgs/share/softsys_msgs/local_setup.dsv
-- Installing: /home/odm0003/Documents/mech6970-softsys/jetracer_prj/jetracer_ws/install/softsys_msgs/share/softsys_msgs/package.dsv
-- Installing: /home/odm0003/Documents/mech6970-softsys/jetracer_prj/jetracer_ws/install/softsys_msgs/share/ament_index/resource_index/packages/softsys_msgs
-- Installing: /home/odm0003/Documents/mech6970-softsys/jetracer_prj/jetracer_ws/install/softsys_msgs/share/softsys_msgs/cmake/export_softsys_msgs__rosidl_generator_cExport.cmake
-- Installing: /home/odm0003/Documents/mech6970-softsys/jetracer_prj/jetracer_ws/install/softsys_msgs/share/softsys_msgs/cmake/export_softsys_msgs__rosidl_generator_cExport-noconfig.cmake
-- Installing: /home/odm0003/Documents/mech6970-softsys/jetracer_prj/jetracer_ws/install/softsys_msgs/share/softsys_msgs/cmake/export_softsys_msgs__rosidl_typesupport_fastrtps_cExport.cmake
-- Installing: /home/odm0003/Documents/mech6970-softsys/jetracer_prj/jetracer_ws/install/softsys_msgs/share/softsys_msgs/cmake/export_softsys_msgs__rosidl_typesupport_fastrtps_cExport-noconfig.cmake
-- Installing: /home/odm0003/Documents/mech6970-softsys/jetracer_prj/jetracer_ws/install/softsys_msgs/share/softsys_msgs/cmake/softsys_msgs__rosidl_typesupport_introspection_cExport.cmake
-- Installing: /home/odm0003/Documents/mech6970-softsys/jetracer_prj/jetracer_ws/install/softsys_msgs/share/softsys_msgs/cmake/softsys_msgs__rosidl_typesupport_introspection_cExport-noconfig.cmake
-- Installing: /home/odm0003/Documents/mech6970-softsys/jetracer_prj/jetracer_ws/install/softsys_msgs/share/softsys_msgs/cmake/softsys_msgs__rosidl_typesupport_cExport.cmake
-- Installing: /home/odm0003/Documents/mech6970-softsys/jetracer_prj/jetracer_ws/install/softsys_msgs/share/softsys_msgs/cmake/softsys_msgs__rosidl_typesupport_cExport-noconfig.cmake
-- Installing: /home/odm0003/Documents/mech6970-softsys/jetracer_prj/jetracer_ws/install/softsys_msgs/share/softsys_msgs/cmake/export_softsys_msgs__rosidl_generator_cppExport.cmake
-- Installing: /home/odm0003/Documents/mech6970-softsys/jetracer_prj/jetracer_ws/install/softsys_msgs/share/softsys_msgs/cmake/export_softsys_msgs__rosidl_typesupport_fastrtps_cppExport.cmake
-- Installing: /home/odm0003/Documents/mech6970-softsys/jetracer_prj/jetracer_ws/install/softsys_msgs/share/softsys_msgs/cmake/export_softsys_msgs__rosidl_typesupport_fastrtps_cppExport-noconfig.cmake
-- Installing: /home/odm0003/Documents/mech6970-softsys/jetracer_prj/jetracer_ws/install/softsys_msgs/share/softsys_msgs/cmake/softsys_msgs__rosidl_typesupport_introspection_cppExport.cmake
-- Installing: /home/odm0003/Documents/mech6970-softsys/jetracer_prj/jetracer_ws/install/softsys_msgs/share/softsys_msgs/cmake/softsys_msgs__rosidl_typesupport_introspection_cppExport-noconfig.cmake
-- Installing: /home/odm0003/Documents/mech6970-softsys/jetracer_prj/jetracer_ws/install/softsys_msgs/share/softsys_msgs/cmake/softsys_msgs__rosidl_typesupport_cppExport.cmake
-- Installing: /home/odm0003/Documents/mech6970-softsys/jetracer_prj/jetracer_ws/install/softsys_msgs/share/softsys_msgs/cmake/softsys_msgs__rosidl_typesupport_cppExport-noconfig.cmake
-- Installing: /home/odm0003/Documents/mech6970-softsys/jetracer_prj/jetracer_ws/install/softsys_msgs/share/softsys_msgs/cmake/export_softsys_msgs__rosidl_generator_pyExport.cmake
-- Installing: /home/odm0003/Documents/mech6970-softsys/jetracer_prj/jetracer_ws/install/softsys_msgs/share/softsys_msgs/cmake/export_softsys_msgs__rosidl_generator_pyExport-noconfig.cmake
-- Installing: /home/odm0003/Documents/mech6970-softsys/jetracer_prj/jetracer_ws/install/softsys_msgs/share/softsys_msgs/cmake/rosidl_cmake-extras.cmake
-- Installing: /home/odm0003/Documents/mech6970-softsys/jetracer_prj/jetracer_ws/install/softsys_msgs/share/softsys_msgs/cmake/ament_cmake_export_dependencies-extras.cmake
-- Installing: /home/odm0003/Documents/mech6970-softsys/jetracer_prj/jetracer_ws/install/softsys_msgs/share/softsys_msgs/cmake/ament_cmake_export_include_directories-extras.cmake
-- Installing: /home/odm0003/Documents/mech6970-softsys/jetracer_prj/jetracer_ws/install/softsys_msgs/share/softsys_msgs/cmake/ament_cmake_export_libraries-extras.cmake
-- Installing: /home/odm0003/Documents/mech6970-softsys/jetracer_prj/jetracer_ws/install/softsys_msgs/share/softsys_msgs/cmake/ament_cmake_export_targets-extras.cmake
-- Installing: /home/odm0003/Documents/mech6970-softsys/jetracer_prj/jetracer_ws/install/softsys_msgs/share/softsys_msgs/cmake/rosidl_cmake_export_typesupport_targets-extras.cmake
-- Installing: /home/odm0003/Documents/mech6970-softsys/jetracer_prj/jetracer_ws/install/softsys_msgs/share/softsys_msgs/cmake/rosidl_cmake_export_typesupport_libraries-extras.cmake
-- Installing: /home/odm0003/Documents/mech6970-softsys/jetracer_prj/jetracer_ws/install/softsys_msgs/share/softsys_msgs/cmake/softsys_msgsConfig.cmake
-- Installing: /home/odm0003/Documents/mech6970-softsys/jetracer_prj/jetracer_ws/install/softsys_msgs/share/softsys_msgs/cmake/softsys_msgsConfig-version.cmake
-- Installing: /home/odm0003/Documents/mech6970-softsys/jetracer_prj/jetracer_ws/install/softsys_msgs/share/softsys_msgs/package.xml
