[0.025s] Invoking command in '/home/odm0003/Documents/mech6970-softsys/jetracer_prj/jetracer_ws/build/softsys_msgs': CMAKE_PREFIX_PATH=${CMAKE_PREFIX_PATH}:/opt/ros/jazzy DEBUGINFOD_URLS=https://debuginfod.ubuntu.com /usr/bin/cmake /home/odm0003/Documents/mech6970-softsys/jetracer_prj/jetracer_ws/src/softsys_msgs -DCMAKE_INSTALL_PREFIX=/home/odm0003/Documents/mech6970-softsys/jetracer_prj/jetracer_ws/install/softsys_msgs
[0.105s] -- Found ament_cmake: 2.5.4 (/opt/ros/jazzy/share/ament_cmake/cmake)
[0.484s] -- Found rosidl_default_generators: 1.6.0 (/opt/ros/jazzy/share/rosidl_default_generators/cmake)
[0.492s] -- Using all available rosidl_typesupport_c: rosidl_typesupport_fastrtps_c;rosidl_typesupport_introspection_c
[0.596s] -- Using all available rosidl_typesupport_cpp: rosidl_typesupport_fastrtps_cpp;rosidl_typesupport_introspection_cpp
[0.677s] -- Found rosidl_adapter: 4.6.5 (/opt/ros/jazzy/share/rosidl_adapter/cmake)
[0.685s] -- Found std_msgs: 5.3.6 (/opt/ros/jazzy/share/std_msgs/cmake)
[0.751s] -- Found geometry_msgs: 5.3.6 (/opt/ros/jazzy/share/geometry_msgs/cmake)
[1.579s] -- Found ament_cmake_ros: 0.12.0 (/opt/ros/jazzy/share/ament_cmake_ros/cmake)
[2.163s] -- Using all available rosidl_typesupport_c: rosidl_typesupport_fastrtps_c;rosidl_typesupport_introspection_c
[2.984s] -- Using all available rosidl_typesupport_cpp: rosidl_typesupport_fastrtps_cpp;rosidl_typesupport_introspection_cpp
[2.987s] -- Found python_cmake_module: 0.11.1 (/opt/ros/jazzy/share/python_cmake_module/cmake)
[3.150s] -- Found PythonExtra: /usr/bin/python3  
[3.769s] -- Found Python3: /usr/bin/python3 (found version "3.12.3") found components: Interpreter Development NumPy Development.Module Development.Embed 
[3.858s] -- Configuring done (3.8s)
[3.925s] -- Generating done (0.1s)
[3.942s] -- Build files have been written to: /home/odm0003/Documents/mech6970-softsys/jetracer_prj/jetracer_ws/build/softsys_msgs
[3.950s] Invoked command in '/home/odm0003/Documents/mech6970-softsys/jetracer_prj/jetracer_ws/build/softsys_msgs' returned '0': CMAKE_PREFIX_PATH=${CMAKE_PREFIX_PATH}:/opt/ros/jazzy DEBUGINFOD_URLS=https://debuginfod.ubuntu.com /usr/bin/cmake /home/odm0003/Documents/mech6970-softsys/jetracer_prj/jetracer_ws/src/softsys_msgs -DCMAKE_INSTALL_PREFIX=/home/odm0003/Documents/mech6970-softsys/jetracer_prj/jetracer_ws/install/softsys_msgs
[3.951s] Invoking command in '/home/odm0003/Documents/mech6970-softsys/jetracer_prj/jetracer_ws/build/softsys_msgs': CMAKE_PREFIX_PATH=${CMAKE_PREFIX_PATH}:/opt/ros/jazzy DEBUGINFOD_URLS=https://debuginfod.ubuntu.com /usr/bin/cmake --build /home/odm0003/Documents/mech6970-softsys/jetracer_prj/jetracer_ws/build/softsys_msgs -- -j2 -l2
[4.058s] [  1%] [34m[1mGenerating type hashes for ROS interfaces[0m
[4.073s] [  1%] Built target ament_cmake_python_copy_softsys_msgs
[4.346s] [  1%] Built target softsys_msgs__rosidl_generator_type_description
[4.363s] [  3%] [34m[1mGenerating C code for ROS interfaces[0m
[4.469s] running egg_info
[4.470s] creating softsys_msgs.egg-info
[4.496s] writing softsys_msgs.egg-info/PKG-INFO
[4.496s] writing dependency_links to softsys_msgs.egg-info/dependency_links.txt
[4.496s] writing top-level names to softsys_msgs.egg-info/top_level.txt
[4.496s] writing manifest file 'softsys_msgs.egg-info/SOURCES.txt'
[4.592s] reading manifest file 'softsys_msgs.egg-info/SOURCES.txt'
[4.593s] writing manifest file 'softsys_msgs.egg-info/SOURCES.txt'
[4.635s] [  3%] Built target ament_cmake_python_build_softsys_msgs_egg
[4.667s] [  5%] [34m[1mGenerating C++ code for ROS interfaces[0m
[5.034s] [  7%] [32mBuilding C object CMakeFiles/softsys_msgs__rosidl_generator_c.dir/rosidl_generator_c/softsys_msgs/msg/detail/throttle__description.c.o[0m
[5.215s] [  9%] [32mBuilding C object CMakeFiles/softsys_msgs__rosidl_generator_c.dir/rosidl_generator_c/softsys_msgs/msg/detail/throttle__functions.c.o[0m
[5.244s] [  9%] Built target softsys_msgs__cpp
[5.257s] [ 11%] [32mBuilding C object CMakeFiles/softsys_msgs__rosidl_generator_c.dir/rosidl_generator_c/softsys_msgs/msg/detail/throttle__type_support.c.o[0m
[5.295s] [ 12%] [32mBuilding C object CMakeFiles/softsys_msgs__rosidl_generator_c.dir/rosidl_generator_c/softsys_msgs/msg/detail/steer__description.c.o[0m
[5.301s] [ 14%] [32mBuilding C object CMakeFiles/softsys_msgs__rosidl_generator_c.dir/rosidl_generator_c/softsys_msgs/msg/detail/steer__functions.c.o[0m
[5.353s] [ 16%] [32mBuilding C object CMakeFiles/softsys_msgs__rosidl_generator_c.dir/rosidl_generator_c/softsys_msgs/msg/detail/steer__type_support.c.o[0m
[5.367s] [ 18%] [32mBuilding C object CMakeFiles/softsys_msgs__rosidl_generator_c.dir/rosidl_generator_c/softsys_msgs/msg/detail/safety__description.c.o[0m
[5.394s] [ 20%] [32mBuilding C object CMakeFiles/softsys_msgs__rosidl_generator_c.dir/rosidl_generator_c/softsys_msgs/msg/detail/safety__functions.c.o[0m
[5.417s] [ 22%] [32mBuilding C object CMakeFiles/softsys_msgs__rosidl_generator_c.dir/rosidl_generator_c/softsys_msgs/msg/detail/safety__type_support.c.o[0m
[5.483s] [ 24%] [32m[1mLinking C shared library libsoftsys_msgs__rosidl_generator_c.so[0m
[5.564s] [ 24%] Built target softsys_msgs__rosidl_generator_c
[5.580s] [ 27%] [34m[1mGenerating C introspection for ROS interfaces[0m
[5.580s] [ 27%] [34m[1mGenerating C type support dispatch for ROS interfaces[0m
[5.988s] [ 29%] [32mBuilding CXX object CMakeFiles/softsys_msgs__rosidl_typesupport_c.dir/rosidl_typesupport_c/softsys_msgs/msg/throttle__type_support.cpp.o[0m
[6.011s] [ 31%] [32mBuilding C object CMakeFiles/softsys_msgs__rosidl_typesupport_introspection_c.dir/rosidl_typesupport_introspection_c/softsys_msgs/msg/detail/throttle__type_support.c.o[0m
[6.077s] [ 33%] [32mBuilding C object CMakeFiles/softsys_msgs__rosidl_typesupport_introspection_c.dir/rosidl_typesupport_introspection_c/softsys_msgs/msg/detail/steer__type_support.c.o[0m
[6.142s] [ 35%] [32mBuilding C object CMakeFiles/softsys_msgs__rosidl_typesupport_introspection_c.dir/rosidl_typesupport_introspection_c/softsys_msgs/msg/detail/safety__type_support.c.o[0m
[6.187s] [ 37%] [32mBuilding CXX object CMakeFiles/softsys_msgs__rosidl_typesupport_c.dir/rosidl_typesupport_c/softsys_msgs/msg/steer__type_support.cpp.o[0m
[6.196s] [ 38%] [32m[1mLinking C shared library libsoftsys_msgs__rosidl_typesupport_introspection_c.so[0m
[6.249s] [ 40%] [32mBuilding CXX object CMakeFiles/softsys_msgs__rosidl_typesupport_c.dir/rosidl_typesupport_c/softsys_msgs/msg/safety__type_support.cpp.o[0m
[6.251s] [ 40%] Built target softsys_msgs__rosidl_typesupport_introspection_c
[6.267s] [ 42%] [34m[1mGenerating C++ type support for eProsima Fast-RTPS[0m
[6.305s] [ 44%] [32m[1mLinking CXX shared library libsoftsys_msgs__rosidl_typesupport_c.so[0m
[6.401s] [ 44%] Built target softsys_msgs__rosidl_typesupport_c
[6.418s] [ 46%] [34m[1mGenerating C++ introspection for ROS interfaces[0m
[6.775s] [ 48%] [32mBuilding CXX object CMakeFiles/softsys_msgs__rosidl_typesupport_fastrtps_cpp.dir/rosidl_typesupport_fastrtps_cpp/softsys_msgs/msg/detail/dds_fastrtps/throttle__type_support.cpp.o[0m
[6.899s] [ 50%] [32mBuilding CXX object CMakeFiles/softsys_msgs__rosidl_typesupport_introspection_cpp.dir/rosidl_typesupport_introspection_cpp/softsys_msgs/msg/detail/throttle__type_support.cpp.o[0m
[7.618s] [ 51%] [32mBuilding CXX object CMakeFiles/softsys_msgs__rosidl_typesupport_introspection_cpp.dir/rosidl_typesupport_introspection_cpp/softsys_msgs/msg/detail/steer__type_support.cpp.o[0m
[7.906s] [ 53%] [32mBuilding CXX object CMakeFiles/softsys_msgs__rosidl_typesupport_fastrtps_cpp.dir/rosidl_typesupport_fastrtps_cpp/softsys_msgs/msg/detail/dds_fastrtps/steer__type_support.cpp.o[0m
[7.977s] [ 55%] [32mBuilding CXX object CMakeFiles/softsys_msgs__rosidl_typesupport_introspection_cpp.dir/rosidl_typesupport_introspection_cpp/softsys_msgs/msg/detail/safety__type_support.cpp.o[0m
[8.346s] [ 57%] [32m[1mLinking CXX shared library libsoftsys_msgs__rosidl_typesupport_introspection_cpp.so[0m
[8.434s] [ 57%] Built target softsys_msgs__rosidl_typesupport_introspection_cpp
[8.448s] [ 59%] [32mBuilding CXX object CMakeFiles/softsys_msgs__rosidl_typesupport_fastrtps_cpp.dir/rosidl_typesupport_fastrtps_cpp/softsys_msgs/msg/detail/dds_fastrtps/safety__type_support.cpp.o[0m
[8.458s] [ 61%] [34m[1mGenerating C++ type support dispatch for ROS interfaces[0m
[8.790s] [ 62%] [32mBuilding CXX object CMakeFiles/softsys_msgs__rosidl_typesupport_cpp.dir/rosidl_typesupport_cpp/softsys_msgs/msg/throttle__type_support.cpp.o[0m
[9.025s] [ 64%] [32m[1mLinking CXX shared library libsoftsys_msgs__rosidl_typesupport_fastrtps_cpp.so[0m
[9.108s] [ 64%] Built target softsys_msgs__rosidl_typesupport_fastrtps_cpp
[9.124s] [ 66%] [34m[1mGenerating C type support for eProsima Fast-RTPS[0m
[9.145s] [ 68%] [32mBuilding CXX object CMakeFiles/softsys_msgs__rosidl_typesupport_cpp.dir/rosidl_typesupport_cpp/softsys_msgs/msg/steer__type_support.cpp.o[0m
[9.541s] [ 70%] [32mBuilding CXX object CMakeFiles/softsys_msgs__rosidl_typesupport_cpp.dir/rosidl_typesupport_cpp/softsys_msgs/msg/safety__type_support.cpp.o[0m
[9.596s] [ 72%] [32mBuilding CXX object CMakeFiles/softsys_msgs__rosidl_typesupport_fastrtps_c.dir/rosidl_typesupport_fastrtps_c/softsys_msgs/msg/detail/throttle__type_support_c.cpp.o[0m
[9.933s] [ 74%] [32m[1mLinking CXX shared library libsoftsys_msgs__rosidl_typesupport_cpp.so[0m
[10.009s] [ 74%] Built target softsys_msgs__rosidl_typesupport_cpp
[10.026s] [ 75%] [32mBuilding CXX object CMakeFiles/softsys_msgs__rosidl_typesupport_fastrtps_c.dir/rosidl_typesupport_fastrtps_c/softsys_msgs/msg/detail/steer__type_support_c.cpp.o[0m
[10.355s] [ 77%] [32mBuilding CXX object CMakeFiles/softsys_msgs__rosidl_typesupport_fastrtps_c.dir/rosidl_typesupport_fastrtps_c/softsys_msgs/msg/detail/safety__type_support_c.cpp.o[0m
[10.974s] [ 79%] [32m[1mLinking CXX shared library libsoftsys_msgs__rosidl_typesupport_fastrtps_c.so[0m
[11.056s] [ 79%] Built target softsys_msgs__rosidl_typesupport_fastrtps_c
[11.102s] [ 79%] Built target softsys_msgs
[11.142s] [ 81%] [34m[1mGenerating Python code for ROS interfaces[0m
[11.713s] [ 81%] Built target softsys_msgs__py
[11.754s] [ 85%] [32mBuilding C object CMakeFiles/softsys_msgs__rosidl_generator_py.dir/rosidl_generator_py/softsys_msgs/msg/_throttle_s.c.o[0m
[11.754s] [ 85%] [32mBuilding C object CMakeFiles/softsys_msgs__rosidl_generator_py.dir/rosidl_generator_py/softsys_msgs/msg/_steer_s.c.o[0m
[12.022s] [ 87%] [32mBuilding C object CMakeFiles/softsys_msgs__rosidl_generator_py.dir/rosidl_generator_py/softsys_msgs/msg/_safety_s.c.o[0m
[12.200s] [ 88%] [32m[1mLinking C shared library libsoftsys_msgs__rosidl_generator_py.so[0m
[12.284s] [ 88%] Built target softsys_msgs__rosidl_generator_py
[12.323s] [ 92%] [32mBuilding C object CMakeFiles/softsys_msgs_s__rosidl_typesupport_fastrtps_c.dir/rosidl_generator_py/softsys_msgs/_softsys_msgs_s.ep.rosidl_typesupport_fastrtps_c.c.o[0m
[12.323s] [ 92%] [32mBuilding C object CMakeFiles/softsys_msgs_s__rosidl_typesupport_introspection_c.dir/rosidl_generator_py/softsys_msgs/_softsys_msgs_s.ep.rosidl_typesupport_introspection_c.c.o[0m
[12.497s] [ 94%] [32m[1mLinking C shared module rosidl_generator_py/softsys_msgs/softsys_msgs_s__rosidl_typesupport_fastrtps_c.so[0m
[12.498s] [ 96%] [32m[1mLinking C shared module rosidl_generator_py/softsys_msgs/softsys_msgs_s__rosidl_typesupport_introspection_c.so[0m
[12.556s] [ 96%] Built target softsys_msgs_s__rosidl_typesupport_fastrtps_c
[12.565s] [ 96%] Built target softsys_msgs_s__rosidl_typesupport_introspection_c
[12.599s] [ 98%] [32mBuilding C object CMakeFiles/softsys_msgs_s__rosidl_typesupport_c.dir/rosidl_generator_py/softsys_msgs/_softsys_msgs_s.ep.rosidl_typesupport_c.c.o[0m
[12.750s] [100%] [32m[1mLinking C shared module rosidl_generator_py/softsys_msgs/softsys_msgs_s__rosidl_typesupport_c.so[0m
[12.811s] [100%] Built target softsys_msgs_s__rosidl_typesupport_c
[12.831s] Invoked command in '/home/odm0003/Documents/mech6970-softsys/jetracer_prj/jetracer_ws/build/softsys_msgs' returned '0': CMAKE_PREFIX_PATH=${CMAKE_PREFIX_PATH}:/opt/ros/jazzy DEBUGINFOD_URLS=https://debuginfod.ubuntu.com /usr/bin/cmake --build /home/odm0003/Documents/mech6970-softsys/jetracer_prj/jetracer_ws/build/softsys_msgs -- -j2 -l2
[12.846s] Invoking command in '/home/odm0003/Documents/mech6970-softsys/jetracer_prj/jetracer_ws/build/softsys_msgs': CMAKE_PREFIX_PATH=${CMAKE_PREFIX_PATH}:/opt/ros/jazzy DEBUGINFOD_URLS=https://debuginfod.ubuntu.com /usr/bin/cmake --install /home/odm0003/Documents/mech6970-softsys/jetracer_prj/jetracer_ws/build/softsys_msgs
[12.861s] -- Install configuration: ""
[12.861s] -- Installing: /home/odm0003/Documents/mech6970-softsys/jetracer_prj/jetracer_ws/install/softsys_msgs/share/ament_index/resource_index/rosidl_interfaces/softsys_msgs
[12.862s] -- Installing: /home/odm0003/Documents/mech6970-softsys/jetracer_prj/jetracer_ws/install/softsys_msgs/share/softsys_msgs/msg/Throttle.json
[12.862s] -- Installing: /home/odm0003/Documents/mech6970-softsys/jetracer_prj/jetracer_ws/install/softsys_msgs/share/softsys_msgs/msg/Steer.json
[12.862s] -- Installing: /home/odm0003/Documents/mech6970-softsys/jetracer_prj/jetracer_ws/install/softsys_msgs/share/softsys_msgs/msg/Safety.json
[12.863s] -- Installing: /home/odm0003/Documents/mech6970-softsys/jetracer_prj/jetracer_ws/install/softsys_msgs/include/softsys_msgs/softsys_msgs
[12.863s] -- Installing: /home/odm0003/Documents/mech6970-softsys/jetracer_prj/jetracer_ws/install/softsys_msgs/include/softsys_msgs/softsys_msgs/msg
[12.863s] -- Installing: /home/odm0003/Documents/mech6970-softsys/jetracer_prj/jetracer_ws/install/softsys_msgs/include/softsys_msgs/softsys_msgs/msg/steer.h
[12.863s] -- Installing: /home/odm0003/Documents/mech6970-softsys/jetracer_prj/jetracer_ws/install/softsys_msgs/include/softsys_msgs/softsys_msgs/msg/detail
[12.863s] -- Installing: /home/odm0003/Documents/mech6970-softsys/jetracer_prj/jetracer_ws/install/softsys_msgs/include/softsys_msgs/softsys_msgs/msg/detail/steer__description.c
[12.863s] -- Installing: /home/odm0003/Documents/mech6970-softsys/jetracer_prj/jetracer_ws/install/softsys_msgs/include/softsys_msgs/softsys_msgs/msg/detail/safety__description.c
[12.864s] -- Installing: /home/odm0003/Documents/mech6970-softsys/jetracer_prj/jetracer_ws/install/softsys_msgs/include/softsys_msgs/softsys_msgs/msg/detail/steer__type_support.c
[12.864s] -- Installing: /home/odm0003/Documents/mech6970-softsys/jetracer_prj/jetracer_ws/install/softsys_msgs/include/softsys_msgs/softsys_msgs/msg/detail/throttle__struct.h
[12.864s] -- Installing: /home/odm0003/Documents/mech6970-softsys/jetracer_prj/jetracer_ws/install/softsys_msgs/include/softsys_msgs/softsys_msgs/msg/detail/steer__type_support.h
[12.864s] -- Installing: /home/odm0003/Documents/mech6970-softsys/jetracer_prj/jetracer_ws/install/softsys_msgs/include/softsys_msgs/softsys_msgs/msg/detail/safety__struct.h
[12.864s] -- Installing: /home/odm0003/Documents/mech6970-softsys/jetracer_prj/jetracer_ws/install/softsys_msgs/include/softsys_msgs/softsys_msgs/msg/detail/steer__struct.h
[12.864s] -- Installing: /home/odm0003/Documents/mech6970-softsys/jetracer_prj/jetracer_ws/install/softsys_msgs/include/softsys_msgs/softsys_msgs/msg/detail/throttle__type_support.h
[12.864s] -- Installing: /home/odm0003/Documents/mech6970-softsys/jetracer_prj/jetracer_ws/install/softsys_msgs/include/softsys_msgs/softsys_msgs/msg/detail/safety__functions.h
[12.864s] -- Installing: /home/odm0003/Documents/mech6970-softsys/jetracer_prj/jetracer_ws/install/softsys_msgs/include/softsys_msgs/softsys_msgs/msg/detail/throttle__description.c
[12.866s] -- Installing: /home/odm0003/Documents/mech6970-softsys/jetracer_prj/jetracer_ws/install/softsys_msgs/include/softsys_msgs/softsys_msgs/msg/detail/safety__functions.c
[12.866s] -- Installing: /home/odm0003/Documents/mech6970-softsys/jetracer_prj/jetracer_ws/install/softsys_msgs/include/softsys_msgs/softsys_msgs/msg/detail/throttle__functions.h
[12.866s] -- Installing: /home/odm0003/Documents/mech6970-softsys/jetracer_prj/jetracer_ws/install/softsys_msgs/include/softsys_msgs/softsys_msgs/msg/detail/throttle__type_support.c
[12.866s] -- Installing: /home/odm0003/Documents/mech6970-softsys/jetracer_prj/jetracer_ws/install/softsys_msgs/include/softsys_msgs/softsys_msgs/msg/detail/steer__functions.c
[12.866s] -- Installing: /home/odm0003/Documents/mech6970-softsys/jetracer_prj/jetracer_ws/install/softsys_msgs/include/softsys_msgs/softsys_msgs/msg/detail/steer__functions.h
[12.866s] -- Installing: /home/odm0003/Documents/mech6970-softsys/jetracer_prj/jetracer_ws/install/softsys_msgs/include/softsys_msgs/softsys_msgs/msg/detail/safety__type_support.h
[12.866s] -- Installing: /home/odm0003/Documents/mech6970-softsys/jetracer_prj/jetracer_ws/install/softsys_msgs/include/softsys_msgs/softsys_msgs/msg/detail/throttle__functions.c
[12.866s] -- Installing: /home/odm0003/Documents/mech6970-softsys/jetracer_prj/jetracer_ws/install/softsys_msgs/include/softsys_msgs/softsys_msgs/msg/detail/safety__type_support.c
[12.866s] -- Installing: /home/odm0003/Documents/mech6970-softsys/jetracer_prj/jetracer_ws/install/softsys_msgs/include/softsys_msgs/softsys_msgs/msg/safety.h
[12.867s] -- Installing: /home/odm0003/Documents/mech6970-softsys/jetracer_prj/jetracer_ws/install/softsys_msgs/include/softsys_msgs/softsys_msgs/msg/rosidl_generator_c__visibility_control.h
[12.867s] -- Installing: /home/odm0003/Documents/mech6970-softsys/jetracer_prj/jetracer_ws/install/softsys_msgs/include/softsys_msgs/softsys_msgs/msg/throttle.h
[12.867s] -- Installing: /home/odm0003/Documents/mech6970-softsys/jetracer_prj/jetracer_ws/install/softsys_msgs/share/softsys_msgs/environment/library_path.sh
[12.867s] -- Installing: /home/odm0003/Documents/mech6970-softsys/jetracer_prj/jetracer_ws/install/softsys_msgs/share/softsys_msgs/environment/library_path.dsv
[12.867s] -- Installing: /home/odm0003/Documents/mech6970-softsys/jetracer_prj/jetracer_ws/install/softsys_msgs/lib/libsoftsys_msgs__rosidl_generator_c.so
[12.868s] -- Set non-toolchain portion of runtime path of "/home/odm0003/Documents/mech6970-softsys/jetracer_prj/jetracer_ws/install/softsys_msgs/lib/libsoftsys_msgs__rosidl_generator_c.so" to ""
[12.868s] -- Up-to-date: /home/odm0003/Documents/mech6970-softsys/jetracer_prj/jetracer_ws/install/softsys_msgs/include/softsys_msgs/softsys_msgs
[12.868s] -- Up-to-date: /home/odm0003/Documents/mech6970-softsys/jetracer_prj/jetracer_ws/install/softsys_msgs/include/softsys_msgs/softsys_msgs/msg
[12.868s] -- Up-to-date: /home/odm0003/Documents/mech6970-softsys/jetracer_prj/jetracer_ws/install/softsys_msgs/include/softsys_msgs/softsys_msgs/msg/detail
[12.868s] -- Installing: /home/odm0003/Documents/mech6970-softsys/jetracer_prj/jetracer_ws/install/softsys_msgs/include/softsys_msgs/softsys_msgs/msg/detail/steer__rosidl_typesupport_fastrtps_c.h
[12.868s] -- Installing: /home/odm0003/Documents/mech6970-softsys/jetracer_prj/jetracer_ws/install/softsys_msgs/include/softsys_msgs/softsys_msgs/msg/detail/safety__rosidl_typesupport_fastrtps_c.h
[12.868s] -- Installing: /home/odm0003/Documents/mech6970-softsys/jetracer_prj/jetracer_ws/install/softsys_msgs/include/softsys_msgs/softsys_msgs/msg/detail/throttle__rosidl_typesupport_fastrtps_c.h
[12.869s] -- Installing: /home/odm0003/Documents/mech6970-softsys/jetracer_prj/jetracer_ws/install/softsys_msgs/include/softsys_msgs/softsys_msgs/msg/rosidl_typesupport_fastrtps_c__visibility_control.h
[12.869s] -- Installing: /home/odm0003/Documents/mech6970-softsys/jetracer_prj/jetracer_ws/install/softsys_msgs/lib/libsoftsys_msgs__rosidl_typesupport_fastrtps_c.so
[12.869s] -- Set non-toolchain portion of runtime path of "/home/odm0003/Documents/mech6970-softsys/jetracer_prj/jetracer_ws/install/softsys_msgs/lib/libsoftsys_msgs__rosidl_typesupport_fastrtps_c.so" to ""
[12.869s] -- Up-to-date: /home/odm0003/Documents/mech6970-softsys/jetracer_prj/jetracer_ws/install/softsys_msgs/include/softsys_msgs/softsys_msgs
[12.870s] -- Up-to-date: /home/odm0003/Documents/mech6970-softsys/jetracer_prj/jetracer_ws/install/softsys_msgs/include/softsys_msgs/softsys_msgs/msg
[12.870s] -- Up-to-date: /home/odm0003/Documents/mech6970-softsys/jetracer_prj/jetracer_ws/install/softsys_msgs/include/softsys_msgs/softsys_msgs/msg/detail
[12.870s] -- Installing: /home/odm0003/Documents/mech6970-softsys/jetracer_prj/jetracer_ws/install/softsys_msgs/include/softsys_msgs/softsys_msgs/msg/detail/safety__rosidl_typesupport_introspection_c.h
[12.870s] -- Installing: /home/odm0003/Documents/mech6970-softsys/jetracer_prj/jetracer_ws/install/softsys_msgs/include/softsys_msgs/softsys_msgs/msg/detail/steer__type_support.c
[12.870s] -- Installing: /home/odm0003/Documents/mech6970-softsys/jetracer_prj/jetracer_ws/install/softsys_msgs/include/softsys_msgs/softsys_msgs/msg/detail/throttle__type_support.c
[12.870s] -- Installing: /home/odm0003/Documents/mech6970-softsys/jetracer_prj/jetracer_ws/install/softsys_msgs/include/softsys_msgs/softsys_msgs/msg/detail/throttle__rosidl_typesupport_introspection_c.h
[12.870s] -- Installing: /home/odm0003/Documents/mech6970-softsys/jetracer_prj/jetracer_ws/install/softsys_msgs/include/softsys_msgs/softsys_msgs/msg/detail/steer__rosidl_typesupport_introspection_c.h
[12.870s] -- Installing: /home/odm0003/Documents/mech6970-softsys/jetracer_prj/jetracer_ws/install/softsys_msgs/include/softsys_msgs/softsys_msgs/msg/detail/safety__type_support.c
[12.870s] -- Installing: /home/odm0003/Documents/mech6970-softsys/jetracer_prj/jetracer_ws/install/softsys_msgs/include/softsys_msgs/softsys_msgs/msg/rosidl_typesupport_introspection_c__visibility_control.h
[12.871s] -- Installing: /home/odm0003/Documents/mech6970-softsys/jetracer_prj/jetracer_ws/install/softsys_msgs/lib/libsoftsys_msgs__rosidl_typesupport_introspection_c.so
[12.871s] -- Set non-toolchain portion of runtime path of "/home/odm0003/Documents/mech6970-softsys/jetracer_prj/jetracer_ws/install/softsys_msgs/lib/libsoftsys_msgs__rosidl_typesupport_introspection_c.so" to ""
[12.871s] -- Installing: /home/odm0003/Documents/mech6970-softsys/jetracer_prj/jetracer_ws/install/softsys_msgs/lib/libsoftsys_msgs__rosidl_typesupport_c.so
[12.872s] -- Set non-toolchain portion of runtime path of "/home/odm0003/Documents/mech6970-softsys/jetracer_prj/jetracer_ws/install/softsys_msgs/lib/libsoftsys_msgs__rosidl_typesupport_c.so" to ""
[12.872s] -- Up-to-date: /home/odm0003/Documents/mech6970-softsys/jetracer_prj/jetracer_ws/install/softsys_msgs/include/softsys_msgs/softsys_msgs
[12.872s] -- Up-to-date: /home/odm0003/Documents/mech6970-softsys/jetracer_prj/jetracer_ws/install/softsys_msgs/include/softsys_msgs/softsys_msgs/msg
[12.872s] -- Up-to-date: /home/odm0003/Documents/mech6970-softsys/jetracer_prj/jetracer_ws/install/softsys_msgs/include/softsys_msgs/softsys_msgs/msg/detail
[12.872s] -- Installing: /home/odm0003/Documents/mech6970-softsys/jetracer_prj/jetracer_ws/install/softsys_msgs/include/softsys_msgs/softsys_msgs/msg/detail/steer__struct.hpp
[12.872s] -- Installing: /home/odm0003/Documents/mech6970-softsys/jetracer_prj/jetracer_ws/install/softsys_msgs/include/softsys_msgs/softsys_msgs/msg/detail/safety__type_support.hpp
[12.873s] -- Installing: /home/odm0003/Documents/mech6970-softsys/jetracer_prj/jetracer_ws/install/softsys_msgs/include/softsys_msgs/softsys_msgs/msg/detail/steer__traits.hpp
[12.873s] -- Installing: /home/odm0003/Documents/mech6970-softsys/jetracer_prj/jetracer_ws/install/softsys_msgs/include/softsys_msgs/softsys_msgs/msg/detail/safety__struct.hpp
[12.873s] -- Installing: /home/odm0003/Documents/mech6970-softsys/jetracer_prj/jetracer_ws/install/softsys_msgs/include/softsys_msgs/softsys_msgs/msg/detail/throttle__builder.hpp
[12.873s] -- Installing: /home/odm0003/Documents/mech6970-softsys/jetracer_prj/jetracer_ws/install/softsys_msgs/include/softsys_msgs/softsys_msgs/msg/detail/steer__builder.hpp
[12.873s] -- Installing: /home/odm0003/Documents/mech6970-softsys/jetracer_prj/jetracer_ws/install/softsys_msgs/include/softsys_msgs/softsys_msgs/msg/detail/throttle__type_support.hpp
[12.873s] -- Installing: /home/odm0003/Documents/mech6970-softsys/jetracer_prj/jetracer_ws/install/softsys_msgs/include/softsys_msgs/softsys_msgs/msg/detail/safety__traits.hpp
[12.873s] -- Installing: /home/odm0003/Documents/mech6970-softsys/jetracer_prj/jetracer_ws/install/softsys_msgs/include/softsys_msgs/softsys_msgs/msg/detail/throttle__struct.hpp
[12.874s] -- Installing: /home/odm0003/Documents/mech6970-softsys/jetracer_prj/jetracer_ws/install/softsys_msgs/include/softsys_msgs/softsys_msgs/msg/detail/safety__builder.hpp
[12.874s] -- Installing: /home/odm0003/Documents/mech6970-softsys/jetracer_prj/jetracer_ws/install/softsys_msgs/include/softsys_msgs/softsys_msgs/msg/detail/throttle__traits.hpp
[12.874s] -- Installing: /home/odm0003/Documents/mech6970-softsys/jetracer_prj/jetracer_ws/install/softsys_msgs/include/softsys_msgs/softsys_msgs/msg/detail/steer__type_support.hpp
[12.874s] -- Installing: /home/odm0003/Documents/mech6970-softsys/jetracer_prj/jetracer_ws/install/softsys_msgs/include/softsys_msgs/softsys_msgs/msg/steer.hpp
[12.875s] -- Installing: /home/odm0003/Documents/mech6970-softsys/jetracer_prj/jetracer_ws/install/softsys_msgs/include/softsys_msgs/softsys_msgs/msg/throttle.hpp
[12.875s] -- Installing: /home/odm0003/Documents/mech6970-softsys/jetracer_prj/jetracer_ws/install/softsys_msgs/include/softsys_msgs/softsys_msgs/msg/rosidl_generator_cpp__visibility_control.hpp
[12.875s] -- Installing: /home/odm0003/Documents/mech6970-softsys/jetracer_prj/jetracer_ws/install/softsys_msgs/include/softsys_msgs/softsys_msgs/msg/safety.hpp
[12.875s] -- Up-to-date: /home/odm0003/Documents/mech6970-softsys/jetracer_prj/jetracer_ws/install/softsys_msgs/include/softsys_msgs/softsys_msgs
[12.875s] -- Up-to-date: /home/odm0003/Documents/mech6970-softsys/jetracer_prj/jetracer_ws/install/softsys_msgs/include/softsys_msgs/softsys_msgs/msg
[12.875s] -- Up-to-date: /home/odm0003/Documents/mech6970-softsys/jetracer_prj/jetracer_ws/install/softsys_msgs/include/softsys_msgs/softsys_msgs/msg/detail
[12.875s] -- Installing: /home/odm0003/Documents/mech6970-softsys/jetracer_prj/jetracer_ws/install/softsys_msgs/include/softsys_msgs/softsys_msgs/msg/detail/dds_fastrtps
[12.876s] -- Installing: /home/odm0003/Documents/mech6970-softsys/jetracer_prj/jetracer_ws/install/softsys_msgs/include/softsys_msgs/softsys_msgs/msg/detail/safety__rosidl_typesupport_fastrtps_cpp.hpp
[12.876s] -- Installing: /home/odm0003/Documents/mech6970-softsys/jetracer_prj/jetracer_ws/install/softsys_msgs/include/softsys_msgs/softsys_msgs/msg/detail/throttle__rosidl_typesupport_fastrtps_cpp.hpp
[12.876s] -- Installing: /home/odm0003/Documents/mech6970-softsys/jetracer_prj/jetracer_ws/install/softsys_msgs/include/softsys_msgs/softsys_msgs/msg/detail/steer__rosidl_typesupport_fastrtps_cpp.hpp
[12.876s] -- Installing: /home/odm0003/Documents/mech6970-softsys/jetracer_prj/jetracer_ws/install/softsys_msgs/include/softsys_msgs/softsys_msgs/msg/rosidl_typesupport_fastrtps_cpp__visibility_control.h
[12.876s] -- Installing: /home/odm0003/Documents/mech6970-softsys/jetracer_prj/jetracer_ws/install/softsys_msgs/lib/libsoftsys_msgs__rosidl_typesupport_fastrtps_cpp.so
[12.878s] -- Set non-toolchain portion of runtime path of "/home/odm0003/Documents/mech6970-softsys/jetracer_prj/jetracer_ws/install/softsys_msgs/lib/libsoftsys_msgs__rosidl_typesupport_fastrtps_cpp.so" to ""
[12.879s] -- Up-to-date: /home/odm0003/Documents/mech6970-softsys/jetracer_prj/jetracer_ws/install/softsys_msgs/include/softsys_msgs/softsys_msgs
[12.879s] -- Up-to-date: /home/odm0003/Documents/mech6970-softsys/jetracer_prj/jetracer_ws/install/softsys_msgs/include/softsys_msgs/softsys_msgs/msg
[12.879s] -- Up-to-date: /home/odm0003/Documents/mech6970-softsys/jetracer_prj/jetracer_ws/install/softsys_msgs/include/softsys_msgs/softsys_msgs/msg/detail
[12.880s] -- Installing: /home/odm0003/Documents/mech6970-softsys/jetracer_prj/jetracer_ws/install/softsys_msgs/include/softsys_msgs/softsys_msgs/msg/detail/throttle__rosidl_typesupport_introspection_cpp.hpp
[12.880s] -- Installing: /home/odm0003/Documents/mech6970-softsys/jetracer_prj/jetracer_ws/install/softsys_msgs/include/softsys_msgs/softsys_msgs/msg/detail/safety__type_support.cpp
[12.880s] -- Installing: /home/odm0003/Documents/mech6970-softsys/jetracer_prj/jetracer_ws/install/softsys_msgs/include/softsys_msgs/softsys_msgs/msg/detail/throttle__type_support.cpp
[12.880s] -- Installing: /home/odm0003/Documents/mech6970-softsys/jetracer_prj/jetracer_ws/install/softsys_msgs/include/softsys_msgs/softsys_msgs/msg/detail/safety__rosidl_typesupport_introspection_cpp.hpp
[12.880s] -- Installing: /home/odm0003/Documents/mech6970-softsys/jetracer_prj/jetracer_ws/install/softsys_msgs/include/softsys_msgs/softsys_msgs/msg/detail/steer__rosidl_typesupport_introspection_cpp.hpp
[12.880s] -- Installing: /home/odm0003/Documents/mech6970-softsys/jetracer_prj/jetracer_ws/install/softsys_msgs/include/softsys_msgs/softsys_msgs/msg/detail/steer__type_support.cpp
[12.881s] -- Installing: /home/odm0003/Documents/mech6970-softsys/jetracer_prj/jetracer_ws/install/softsys_msgs/lib/libsoftsys_msgs__rosidl_typesupport_introspection_cpp.so
[12.883s] -- Set non-toolchain portion of runtime path of "/home/odm0003/Documents/mech6970-softsys/jetracer_prj/jetracer_ws/install/softsys_msgs/lib/libsoftsys_msgs__rosidl_typesupport_introspection_cpp.so" to ""
[12.883s] -- Installing: /home/odm0003/Documents/mech6970-softsys/jetracer_prj/jetracer_ws/install/softsys_msgs/lib/libsoftsys_msgs__rosidl_typesupport_cpp.so
[12.885s] -- Set non-toolchain portion of runtime path of "/home/odm0003/Documents/mech6970-softsys/jetracer_prj/jetracer_ws/install/softsys_msgs/lib/libsoftsys_msgs__rosidl_typesupport_cpp.so" to ""
[12.885s] -- Installing: /home/odm0003/Documents/mech6970-softsys/jetracer_prj/jetracer_ws/install/softsys_msgs/share/softsys_msgs/environment/pythonpath.sh
[12.885s] -- Installing: /home/odm0003/Documents/mech6970-softsys/jetracer_prj/jetracer_ws/install/softsys_msgs/share/softsys_msgs/environment/pythonpath.dsv
[12.885s] -- Installing: /home/odm0003/Documents/mech6970-softsys/jetracer_prj/jetracer_ws/install/softsys_msgs/lib/python3.12/site-packages/softsys_msgs-1.0.0-py3.12.egg-info
[12.885s] -- Installing: /home/odm0003/Documents/mech6970-softsys/jetracer_prj/jetracer_ws/install/softsys_msgs/lib/python3.12/site-packages/softsys_msgs-1.0.0-py3.12.egg-info/top_level.txt
[12.885s] -- Installing: /home/odm0003/Documents/mech6970-softsys/jetracer_prj/jetracer_ws/install/softsys_msgs/lib/python3.12/site-packages/softsys_msgs-1.0.0-py3.12.egg-info/PKG-INFO
[12.885s] -- Installing: /home/odm0003/Documents/mech6970-softsys/jetracer_prj/jetracer_ws/install/softsys_msgs/lib/python3.12/site-packages/softsys_msgs-1.0.0-py3.12.egg-info/SOURCES.txt
[12.886s] -- Installing: /home/odm0003/Documents/mech6970-softsys/jetracer_prj/jetracer_ws/install/softsys_msgs/lib/python3.12/site-packages/softsys_msgs-1.0.0-py3.12.egg-info/dependency_links.txt
[12.886s] -- Installing: /home/odm0003/Documents/mech6970-softsys/jetracer_prj/jetracer_ws/install/softsys_msgs/lib/python3.12/site-packages/softsys_msgs
[12.886s] -- Installing: /home/odm0003/Documents/mech6970-softsys/jetracer_prj/jetracer_ws/install/softsys_msgs/lib/python3.12/site-packages/softsys_msgs/_softsys_msgs_s.ep.rosidl_typesupport_c.c
[12.886s] -- Installing: /home/odm0003/Documents/mech6970-softsys/jetracer_prj/jetracer_ws/install/softsys_msgs/lib/python3.12/site-packages/softsys_msgs/msg
[12.886s] -- Installing: /home/odm0003/Documents/mech6970-softsys/jetracer_prj/jetracer_ws/install/softsys_msgs/lib/python3.12/site-packages/softsys_msgs/msg/_steer_s.c
[12.886s] -- Installing: /home/odm0003/Documents/mech6970-softsys/jetracer_prj/jetracer_ws/install/softsys_msgs/lib/python3.12/site-packages/softsys_msgs/msg/__init__.py
[12.886s] -- Installing: /home/odm0003/Documents/mech6970-softsys/jetracer_prj/jetracer_ws/install/softsys_msgs/lib/python3.12/site-packages/softsys_msgs/msg/_throttle_s.c
[12.886s] -- Installing: /home/odm0003/Documents/mech6970-softsys/jetracer_prj/jetracer_ws/install/softsys_msgs/lib/python3.12/site-packages/softsys_msgs/msg/_steer.py
[12.888s] -- Installing: /home/odm0003/Documents/mech6970-softsys/jetracer_prj/jetracer_ws/install/softsys_msgs/lib/python3.12/site-packages/softsys_msgs/msg/_safety.py
[12.888s] -- Installing: /home/odm0003/Documents/mech6970-softsys/jetracer_prj/jetracer_ws/install/softsys_msgs/lib/python3.12/site-packages/softsys_msgs/msg/_throttle.py
[12.888s] -- Installing: /home/odm0003/Documents/mech6970-softsys/jetracer_prj/jetracer_ws/install/softsys_msgs/lib/python3.12/site-packages/softsys_msgs/msg/_safety_s.c
[12.888s] -- Installing: /home/odm0003/Documents/mech6970-softsys/jetracer_prj/jetracer_ws/install/softsys_msgs/lib/python3.12/site-packages/softsys_msgs/softsys_msgs_s__rosidl_typesupport_c.so
[12.888s] -- Installing: /home/odm0003/Documents/mech6970-softsys/jetracer_prj/jetracer_ws/install/softsys_msgs/lib/python3.12/site-packages/softsys_msgs/_softsys_msgs_s.ep.rosidl_typesupport_introspection_c.c
[12.888s] -- Installing: /home/odm0003/Documents/mech6970-softsys/jetracer_prj/jetracer_ws/install/softsys_msgs/lib/python3.12/site-packages/softsys_msgs/_softsys_msgs_s.ep.rosidl_typesupport_fastrtps_c.c
[12.888s] -- Installing: /home/odm0003/Documents/mech6970-softsys/jetracer_prj/jetracer_ws/install/softsys_msgs/lib/python3.12/site-packages/softsys_msgs/softsys_msgs_s__rosidl_typesupport_fastrtps_c.so
[12.888s] -- Installing: /home/odm0003/Documents/mech6970-softsys/jetracer_prj/jetracer_ws/install/softsys_msgs/lib/python3.12/site-packages/softsys_msgs/softsys_msgs_s__rosidl_typesupport_introspection_c.so
[12.888s] -- Installing: /home/odm0003/Documents/mech6970-softsys/jetracer_prj/jetracer_ws/install/softsys_msgs/lib/python3.12/site-packages/softsys_msgs/__init__.py
[12.939s] Listing '/home/odm0003/Documents/mech6970-softsys/jetracer_prj/jetracer_ws/install/softsys_msgs/lib/python3.12/site-packages/softsys_msgs'...
[12.939s] Compiling '/home/odm0003/Documents/mech6970-softsys/jetracer_prj/jetracer_ws/install/softsys_msgs/lib/python3.12/site-packages/softsys_msgs/__init__.py'...
[12.940s] Listing '/home/odm0003/Documents/mech6970-softsys/jetracer_prj/jetracer_ws/install/softsys_msgs/lib/python3.12/site-packages/softsys_msgs/msg'...
[12.940s] Compiling '/home/odm0003/Documents/mech6970-softsys/jetracer_prj/jetracer_ws/install/softsys_msgs/lib/python3.12/site-packages/softsys_msgs/msg/__init__.py'...
[12.940s] Compiling '/home/odm0003/Documents/mech6970-softsys/jetracer_prj/jetracer_ws/install/softsys_msgs/lib/python3.12/site-packages/softsys_msgs/msg/_safety.py'...
[12.940s] Compiling '/home/odm0003/Documents/mech6970-softsys/jetracer_prj/jetracer_ws/install/softsys_msgs/lib/python3.12/site-packages/softsys_msgs/msg/_steer.py'...
[12.940s] Compiling '/home/odm0003/Documents/mech6970-softsys/jetracer_prj/jetracer_ws/install/softsys_msgs/lib/python3.12/site-packages/softsys_msgs/msg/_throttle.py'...
[12.946s] -- Installing: /home/odm0003/Documents/mech6970-softsys/jetracer_prj/jetracer_ws/install/softsys_msgs/lib/python3.12/site-packages/softsys_msgs/softsys_msgs_s__rosidl_typesupport_fastrtps_c.so
[12.947s] -- Set non-toolchain portion of runtime path of "/home/odm0003/Documents/mech6970-softsys/jetracer_prj/jetracer_ws/install/softsys_msgs/lib/python3.12/site-packages/softsys_msgs/softsys_msgs_s__rosidl_typesupport_fastrtps_c.so" to ""
[12.947s] -- Installing: /home/odm0003/Documents/mech6970-softsys/jetracer_prj/jetracer_ws/install/softsys_msgs/lib/python3.12/site-packages/softsys_msgs/softsys_msgs_s__rosidl_typesupport_introspection_c.so
[12.947s] -- Set non-toolchain portion of runtime path of "/home/odm0003/Documents/mech6970-softsys/jetracer_prj/jetracer_ws/install/softsys_msgs/lib/python3.12/site-packages/softsys_msgs/softsys_msgs_s__rosidl_typesupport_introspection_c.so" to ""
[12.948s] -- Installing: /home/odm0003/Documents/mech6970-softsys/jetracer_prj/jetracer_ws/install/softsys_msgs/lib/python3.12/site-packages/softsys_msgs/softsys_msgs_s__rosidl_typesupport_c.so
[12.948s] -- Set non-toolchain portion of runtime path of "/home/odm0003/Documents/mech6970-softsys/jetracer_prj/jetracer_ws/install/softsys_msgs/lib/python3.12/site-packages/softsys_msgs/softsys_msgs_s__rosidl_typesupport_c.so" to ""
[12.948s] -- Installing: /home/odm0003/Documents/mech6970-softsys/jetracer_prj/jetracer_ws/install/softsys_msgs/lib/libsoftsys_msgs__rosidl_generator_py.so
[12.949s] -- Set non-toolchain portion of runtime path of "/home/odm0003/Documents/mech6970-softsys/jetracer_prj/jetracer_ws/install/softsys_msgs/lib/libsoftsys_msgs__rosidl_generator_py.so" to ""
[12.949s] -- Installing: /home/odm0003/Documents/mech6970-softsys/jetracer_prj/jetracer_ws/install/softsys_msgs/share/softsys_msgs/msg/Throttle.idl
[12.949s] -- Installing: /home/odm0003/Documents/mech6970-softsys/jetracer_prj/jetracer_ws/install/softsys_msgs/share/softsys_msgs/msg/Steer.idl
[12.949s] -- Installing: /home/odm0003/Documents/mech6970-softsys/jetracer_prj/jetracer_ws/install/softsys_msgs/share/softsys_msgs/msg/Safety.idl
[12.950s] -- Installing: /home/odm0003/Documents/mech6970-softsys/jetracer_prj/jetracer_ws/install/softsys_msgs/share/softsys_msgs/msg/Throttle.msg
[12.950s] -- Installing: /home/odm0003/Documents/mech6970-softsys/jetracer_prj/jetracer_ws/install/softsys_msgs/share/softsys_msgs/msg/Steer.msg
[12.950s] -- Installing: /home/odm0003/Documents/mech6970-softsys/jetracer_prj/jetracer_ws/install/softsys_msgs/share/softsys_msgs/msg/Safety.msg
[12.950s] -- Installing: /home/odm0003/Documents/mech6970-softsys/jetracer_prj/jetracer_ws/install/softsys_msgs/share/ament_index/resource_index/package_run_dependencies/softsys_msgs
[12.951s] -- Installing: /home/odm0003/Documents/mech6970-softsys/jetracer_prj/jetracer_ws/install/softsys_msgs/share/ament_index/resource_index/parent_prefix_path/softsys_msgs
[12.951s] -- Installing: /home/odm0003/Documents/mech6970-softsys/jetracer_prj/jetracer_ws/install/softsys_msgs/share/softsys_msgs/environment/ament_prefix_path.sh
[12.951s] -- Installing: /home/odm0003/Documents/mech6970-softsys/jetracer_prj/jetracer_ws/install/softsys_msgs/share/softsys_msgs/environment/ament_prefix_path.dsv
[12.951s] -- Installing: /home/odm0003/Documents/mech6970-softsys/jetracer_prj/jetracer_ws/install/softsys_msgs/share/softsys_msgs/environment/path.sh
[12.952s] -- Installing: /home/odm0003/Documents/mech6970-softsys/jetracer_prj/jetracer_ws/install/softsys_msgs/share/softsys_msgs/environment/path.dsv
[12.952s] -- Installing: /home/odm0003/Documents/mech6970-softsys/jetracer_prj/jetracer_ws/install/softsys_msgs/share/softsys_msgs/local_setup.bash
[12.952s] -- Installing: /home/odm0003/Documents/mech6970-softsys/jetracer_prj/jetracer_ws/install/softsys_msgs/share/softsys_msgs/local_setup.sh
[12.952s] -- Installing: /home/odm0003/Documents/mech6970-softsys/jetracer_prj/jetracer_ws/install/softsys_msgs/share/softsys_msgs/local_setup.zsh
[12.952s] -- Installing: /home/odm0003/Documents/mech6970-softsys/jetracer_prj/jetracer_ws/install/softsys_msgs/share/softsys_msgs/local_setup.dsv
[12.953s] -- Installing: /home/odm0003/Documents/mech6970-softsys/jetracer_prj/jetracer_ws/install/softsys_msgs/share/softsys_msgs/package.dsv
[12.953s] -- Installing: /home/odm0003/Documents/mech6970-softsys/jetracer_prj/jetracer_ws/install/softsys_msgs/share/ament_index/resource_index/packages/softsys_msgs
[12.953s] -- Installing: /home/odm0003/Documents/mech6970-softsys/jetracer_prj/jetracer_ws/install/softsys_msgs/share/softsys_msgs/cmake/export_softsys_msgs__rosidl_generator_cExport.cmake
[12.953s] -- Installing: /home/odm0003/Documents/mech6970-softsys/jetracer_prj/jetracer_ws/install/softsys_msgs/share/softsys_msgs/cmake/export_softsys_msgs__rosidl_generator_cExport-noconfig.cmake
[12.954s] -- Installing: /home/odm0003/Documents/mech6970-softsys/jetracer_prj/jetracer_ws/install/softsys_msgs/share/softsys_msgs/cmake/export_softsys_msgs__rosidl_typesupport_fastrtps_cExport.cmake
[12.954s] -- Installing: /home/odm0003/Documents/mech6970-softsys/jetracer_prj/jetracer_ws/install/softsys_msgs/share/softsys_msgs/cmake/export_softsys_msgs__rosidl_typesupport_fastrtps_cExport-noconfig.cmake
[12.954s] -- Installing: /home/odm0003/Documents/mech6970-softsys/jetracer_prj/jetracer_ws/install/softsys_msgs/share/softsys_msgs/cmake/softsys_msgs__rosidl_typesupport_introspection_cExport.cmake
[12.954s] -- Installing: /home/odm0003/Documents/mech6970-softsys/jetracer_prj/jetracer_ws/install/softsys_msgs/share/softsys_msgs/cmake/softsys_msgs__rosidl_typesupport_introspection_cExport-noconfig.cmake
[12.955s] -- Installing: /home/odm0003/Documents/mech6970-softsys/jetracer_prj/jetracer_ws/install/softsys_msgs/share/softsys_msgs/cmake/softsys_msgs__rosidl_typesupport_cExport.cmake
[12.955s] -- Installing: /home/odm0003/Documents/mech6970-softsys/jetracer_prj/jetracer_ws/install/softsys_msgs/share/softsys_msgs/cmake/softsys_msgs__rosidl_typesupport_cExport-noconfig.cmake
[12.956s] -- Installing: /home/odm0003/Documents/mech6970-softsys/jetracer_prj/jetracer_ws/install/softsys_msgs/share/softsys_msgs/cmake/export_softsys_msgs__rosidl_generator_cppExport.cmake
[12.956s] -- Installing: /home/odm0003/Documents/mech6970-softsys/jetracer_prj/jetracer_ws/install/softsys_msgs/share/softsys_msgs/cmake/export_softsys_msgs__rosidl_typesupport_fastrtps_cppExport.cmake
[12.956s] -- Installing: /home/odm0003/Documents/mech6970-softsys/jetracer_prj/jetracer_ws/install/softsys_msgs/share/softsys_msgs/cmake/export_softsys_msgs__rosidl_typesupport_fastrtps_cppExport-noconfig.cmake
[12.956s] -- Installing: /home/odm0003/Documents/mech6970-softsys/jetracer_prj/jetracer_ws/install/softsys_msgs/share/softsys_msgs/cmake/softsys_msgs__rosidl_typesupport_introspection_cppExport.cmake
[12.957s] -- Installing: /home/odm0003/Documents/mech6970-softsys/jetracer_prj/jetracer_ws/install/softsys_msgs/share/softsys_msgs/cmake/softsys_msgs__rosidl_typesupport_introspection_cppExport-noconfig.cmake
[12.957s] -- Installing: /home/odm0003/Documents/mech6970-softsys/jetracer_prj/jetracer_ws/install/softsys_msgs/share/softsys_msgs/cmake/softsys_msgs__rosidl_typesupport_cppExport.cmake
[12.957s] -- Installing: /home/odm0003/Documents/mech6970-softsys/jetracer_prj/jetracer_ws/install/softsys_msgs/share/softsys_msgs/cmake/softsys_msgs__rosidl_typesupport_cppExport-noconfig.cmake
[12.957s] -- Installing: /home/odm0003/Documents/mech6970-softsys/jetracer_prj/jetracer_ws/install/softsys_msgs/share/softsys_msgs/cmake/export_softsys_msgs__rosidl_generator_pyExport.cmake
[12.957s] -- Installing: /home/odm0003/Documents/mech6970-softsys/jetracer_prj/jetracer_ws/install/softsys_msgs/share/softsys_msgs/cmake/export_softsys_msgs__rosidl_generator_pyExport-noconfig.cmake
[12.958s] -- Installing: /home/odm0003/Documents/mech6970-softsys/jetracer_prj/jetracer_ws/install/softsys_msgs/share/softsys_msgs/cmake/rosidl_cmake-extras.cmake
[12.958s] -- Installing: /home/odm0003/Documents/mech6970-softsys/jetracer_prj/jetracer_ws/install/softsys_msgs/share/softsys_msgs/cmake/ament_cmake_export_dependencies-extras.cmake
[12.958s] -- Installing: /home/odm0003/Documents/mech6970-softsys/jetracer_prj/jetracer_ws/install/softsys_msgs/share/softsys_msgs/cmake/ament_cmake_export_include_directories-extras.cmake
[12.958s] -- Installing: /home/odm0003/Documents/mech6970-softsys/jetracer_prj/jetracer_ws/install/softsys_msgs/share/softsys_msgs/cmake/ament_cmake_export_libraries-extras.cmake
[12.959s] -- Installing: /home/odm0003/Documents/mech6970-softsys/jetracer_prj/jetracer_ws/install/softsys_msgs/share/softsys_msgs/cmake/ament_cmake_export_targets-extras.cmake
[12.959s] -- Installing: /home/odm0003/Documents/mech6970-softsys/jetracer_prj/jetracer_ws/install/softsys_msgs/share/softsys_msgs/cmake/rosidl_cmake_export_typesupport_targets-extras.cmake
[12.959s] -- Installing: /home/odm0003/Documents/mech6970-softsys/jetracer_prj/jetracer_ws/install/softsys_msgs/share/softsys_msgs/cmake/rosidl_cmake_export_typesupport_libraries-extras.cmake
[12.959s] -- Installing: /home/odm0003/Documents/mech6970-softsys/jetracer_prj/jetracer_ws/install/softsys_msgs/share/softsys_msgs/cmake/softsys_msgsConfig.cmake
[12.959s] -- Installing: /home/odm0003/Documents/mech6970-softsys/jetracer_prj/jetracer_ws/install/softsys_msgs/share/softsys_msgs/cmake/softsys_msgsConfig-version.cmake
[12.960s] -- Installing: /home/odm0003/Documents/mech6970-softsys/jetracer_prj/jetracer_ws/install/softsys_msgs/share/softsys_msgs/package.xml
[12.962s] Invoked command in '/home/odm0003/Documents/mech6970-softsys/jetracer_prj/jetracer_ws/build/softsys_msgs' returned '0': CMAKE_PREFIX_PATH=${CMAKE_PREFIX_PATH}:/opt/ros/jazzy DEBUGINFOD_URLS=https://debuginfod.ubuntu.com /usr/bin/cmake --install /home/odm0003/Documents/mech6970-softsys/jetracer_prj/jetracer_ws/build/softsys_msgs
