[0.218s] DEBUG:colcon:Command line arguments: ['/usr/bin/colcon', 'build']
[0.218s] DEBUG:colcon:Parsed command line arguments: Namespace(log_base=None, log_level=None, verb_name='build', build_base='build', install_base='install', merge_install=False, symlink_install=False, test_result_base=None, continue_on_error=False, executor='parallel', parallel_workers=8, event_handlers=None, ignore_user_meta=False, metas=['./colcon.meta'], base_paths=['.'], packages_ignore=None, packages_ignore_regex=None, paths=None, packages_up_to=None, packages_up_to_regex=None, packages_above=None, packages_above_and_dependencies=None, packages_above_depth=None, packages_select_by_dep=None, packages_skip_by_dep=None, packages_skip_up_to=None, packages_select_build_failed=False, packages_skip_build_finished=False, packages_select_test_failures=False, packages_skip_test_passed=False, packages_select=None, packages_skip=None, packages_select_regex=None, packages_skip_regex=None, packages_start=None, packages_end=None, allow_overriding=[], cmake_args=None, cmake_target=None, cmake_target_skip_unavailable=False, cmake_clean_cache=False, cmake_clean_first=False, cmake_force_configure=False, ament_cmake_args=None, catkin_cmake_args=None, catkin_skip_building_tests=False, mixin_files=None, mixin=None, verb_parser=<colcon_mixin.mixin.mixin_argument.MixinArgumentDecorator object at 0x700069b07980>, verb_extension=<colcon_core.verb.build.BuildVerb object at 0x700069c934d0>, main=<bound method BuildVerb.main of <colcon_core.verb.build.BuildVerb object at 0x700069c934d0>>, mixin_verb=('build',))
[0.303s] Level 1:colcon.colcon_core.package_discovery:discover_packages(colcon_meta) check parameters
[0.304s] Level 1:colcon.colcon_core.package_discovery:discover_packages(recursive) check parameters
[0.304s] Level 1:colcon.colcon_core.package_discovery:discover_packages(ignore) check parameters
[0.304s] Level 1:colcon.colcon_core.package_discovery:discover_packages(path) check parameters
[0.304s] Level 1:colcon.colcon_core.package_discovery:discover_packages(colcon_meta) discover
[0.304s] Level 1:colcon.colcon_core.package_discovery:discover_packages(recursive) discover
[0.304s] INFO:colcon.colcon_core.package_discovery:Crawling recursively for packages in '/home/jcespedes/Documents/softsys-jetracer/jetracer_ws'
[0.304s] Level 1:colcon.colcon_core.package_identification:_identify(.) by extensions ['ignore', 'ignore_ament_install']
[0.304s] Level 1:colcon.colcon_core.package_identification:_identify(.) by extension 'ignore'
[0.304s] Level 1:colcon.colcon_core.package_identification:_identify(.) by extension 'ignore_ament_install'
[0.304s] Level 1:colcon.colcon_core.package_identification:_identify(.) by extensions ['colcon_pkg']
[0.304s] Level 1:colcon.colcon_core.package_identification:_identify(.) by extension 'colcon_pkg'
[0.304s] Level 1:colcon.colcon_core.package_identification:_identify(.) by extensions ['colcon_meta']
[0.304s] Level 1:colcon.colcon_core.package_identification:_identify(.) by extension 'colcon_meta'
[0.304s] Level 1:colcon.colcon_core.package_identification:_identify(.) by extensions ['ros']
[0.304s] Level 1:colcon.colcon_core.package_identification:_identify(.) by extension 'ros'
[0.342s] Level 1:colcon.colcon_core.package_identification:_identify(.) by extensions ['cmake', 'python']
[0.342s] Level 1:colcon.colcon_core.package_identification:_identify(.) by extension 'cmake'
[0.342s] Level 1:colcon.colcon_core.package_identification:_identify(.) by extension 'python'
[0.342s] Level 1:colcon.colcon_core.package_identification:_identify(.) by extensions ['python_setup_py']
[0.342s] Level 1:colcon.colcon_core.package_identification:_identify(.) by extension 'python_setup_py'
[0.342s] Level 1:colcon.colcon_core.package_identification:_identify(build) by extensions ['ignore', 'ignore_ament_install']
[0.343s] Level 1:colcon.colcon_core.package_identification:_identify(build) by extension 'ignore'
[0.343s] Level 1:colcon.colcon_core.package_identification:_identify(build) ignored
[0.343s] Level 1:colcon.colcon_core.package_identification:_identify(install) by extensions ['ignore', 'ignore_ament_install']
[0.343s] Level 1:colcon.colcon_core.package_identification:_identify(install) by extension 'ignore'
[0.343s] Level 1:colcon.colcon_core.package_identification:_identify(install) ignored
[0.343s] Level 1:colcon.colcon_core.package_identification:_identify(log) by extensions ['ignore', 'ignore_ament_install']
[0.343s] Level 1:colcon.colcon_core.package_identification:_identify(log) by extension 'ignore'
[0.343s] Level 1:colcon.colcon_core.package_identification:_identify(log) ignored
[0.343s] Level 1:colcon.colcon_core.package_identification:_identify(src) by extensions ['ignore', 'ignore_ament_install']
[0.343s] Level 1:colcon.colcon_core.package_identification:_identify(src) by extension 'ignore'
[0.343s] Level 1:colcon.colcon_core.package_identification:_identify(src) by extension 'ignore_ament_install'
[0.343s] Level 1:colcon.colcon_core.package_identification:_identify(src) by extensions ['colcon_pkg']
[0.343s] Level 1:colcon.colcon_core.package_identification:_identify(src) by extension 'colcon_pkg'
[0.343s] Level 1:colcon.colcon_core.package_identification:_identify(src) by extensions ['colcon_meta']
[0.343s] Level 1:colcon.colcon_core.package_identification:_identify(src) by extension 'colcon_meta'
[0.343s] Level 1:colcon.colcon_core.package_identification:_identify(src) by extensions ['ros']
[0.343s] Level 1:colcon.colcon_core.package_identification:_identify(src) by extension 'ros'
[0.343s] Level 1:colcon.colcon_core.package_identification:_identify(src) by extensions ['cmake', 'python']
[0.343s] Level 1:colcon.colcon_core.package_identification:_identify(src) by extension 'cmake'
[0.344s] Level 1:colcon.colcon_core.package_identification:_identify(src) by extension 'python'
[0.344s] Level 1:colcon.colcon_core.package_identification:_identify(src) by extensions ['python_setup_py']
[0.344s] Level 1:colcon.colcon_core.package_identification:_identify(src) by extension 'python_setup_py'
[0.344s] Level 1:colcon.colcon_core.package_identification:_identify(src/jetracer) by extensions ['ignore', 'ignore_ament_install']
[0.344s] Level 1:colcon.colcon_core.package_identification:_identify(src/jetracer) by extension 'ignore'
[0.344s] Level 1:colcon.colcon_core.package_identification:_identify(src/jetracer) by extension 'ignore_ament_install'
[0.344s] Level 1:colcon.colcon_core.package_identification:_identify(src/jetracer) by extensions ['colcon_pkg']
[0.344s] Level 1:colcon.colcon_core.package_identification:_identify(src/jetracer) by extension 'colcon_pkg'
[0.344s] Level 1:colcon.colcon_core.package_identification:_identify(src/jetracer) by extensions ['colcon_meta']
[0.344s] Level 1:colcon.colcon_core.package_identification:_identify(src/jetracer) by extension 'colcon_meta'
[0.344s] Level 1:colcon.colcon_core.package_identification:_identify(src/jetracer) by extensions ['ros']
[0.344s] Level 1:colcon.colcon_core.package_identification:_identify(src/jetracer) by extension 'ros'
[0.348s] DEBUG:colcon.colcon_core.package_identification:Package 'src/jetracer' with type 'ros.ament_cmake' and name 'jetracer'
[0.348s] Level 1:colcon.colcon_core.package_identification:_identify(src/softsys_msgs) by extensions ['ignore', 'ignore_ament_install']
[0.348s] Level 1:colcon.colcon_core.package_identification:_identify(src/softsys_msgs) by extension 'ignore'
[0.348s] Level 1:colcon.colcon_core.package_identification:_identify(src/softsys_msgs) by extension 'ignore_ament_install'
[0.348s] Level 1:colcon.colcon_core.package_identification:_identify(src/softsys_msgs) by extensions ['colcon_pkg']
[0.348s] Level 1:colcon.colcon_core.package_identification:_identify(src/softsys_msgs) by extension 'colcon_pkg'
[0.348s] Level 1:colcon.colcon_core.package_identification:_identify(src/softsys_msgs) by extensions ['colcon_meta']
[0.348s] Level 1:colcon.colcon_core.package_identification:_identify(src/softsys_msgs) by extension 'colcon_meta'
[0.348s] Level 1:colcon.colcon_core.package_identification:_identify(src/softsys_msgs) by extensions ['ros']
[0.348s] Level 1:colcon.colcon_core.package_identification:_identify(src/softsys_msgs) by extension 'ros'
[0.349s] DEBUG:colcon.colcon_core.package_identification:Package 'src/softsys_msgs' with type 'ros.ament_cmake' and name 'softsys_msgs'
[0.349s] Level 1:colcon.colcon_core.package_discovery:discover_packages(recursive) using defaults
[0.350s] Level 1:colcon.colcon_core.package_discovery:discover_packages(ignore) discover
[0.350s] Level 1:colcon.colcon_core.package_discovery:discover_packages(ignore) using defaults
[0.350s] Level 1:colcon.colcon_core.package_discovery:discover_packages(path) discover
[0.350s] Level 1:colcon.colcon_core.package_discovery:discover_packages(path) using defaults
[0.379s] Level 1:colcon.colcon_core.package_discovery:discover_packages(prefix_path) check parameters
[0.379s] Level 1:colcon.colcon_core.package_discovery:discover_packages(prefix_path) discover
[0.385s] DEBUG:colcon.colcon_installed_package_information.package_discovery:Found 285 installed packages in /opt/ros/jazzy
[0.386s] Level 1:colcon.colcon_core.package_discovery:discover_packages(prefix_path) using defaults
[0.436s] Level 5:colcon.colcon_core.verb:set package 'softsys_msgs' build argument 'cmake_args' from command line to 'None'
[0.436s] Level 5:colcon.colcon_core.verb:set package 'softsys_msgs' build argument 'cmake_target' from command line to 'None'
[0.436s] Level 5:colcon.colcon_core.verb:set package 'softsys_msgs' build argument 'cmake_target_skip_unavailable' from command line to 'False'
[0.436s] Level 5:colcon.colcon_core.verb:set package 'softsys_msgs' build argument 'cmake_clean_cache' from command line to 'False'
[0.437s] Level 5:colcon.colcon_core.verb:set package 'softsys_msgs' build argument 'cmake_clean_first' from command line to 'False'
[0.437s] Level 5:colcon.colcon_core.verb:set package 'softsys_msgs' build argument 'cmake_force_configure' from command line to 'False'
[0.437s] Level 5:colcon.colcon_core.verb:set package 'softsys_msgs' build argument 'ament_cmake_args' from command line to 'None'
[0.437s] Level 5:colcon.colcon_core.verb:set package 'softsys_msgs' build argument 'catkin_cmake_args' from command line to 'None'
[0.437s] Level 5:colcon.colcon_core.verb:set package 'softsys_msgs' build argument 'catkin_skip_building_tests' from command line to 'False'
[0.437s] DEBUG:colcon.colcon_core.verb:Building package 'softsys_msgs' with the following arguments: {'ament_cmake_args': None, 'build_base': '/home/jcespedes/Documents/softsys-jetracer/jetracer_ws/build/softsys_msgs', 'catkin_cmake_args': None, 'catkin_skip_building_tests': False, 'cmake_args': None, 'cmake_clean_cache': False, 'cmake_clean_first': False, 'cmake_force_configure': False, 'cmake_target': None, 'cmake_target_skip_unavailable': False, 'install_base': '/home/jcespedes/Documents/softsys-jetracer/jetracer_ws/install/softsys_msgs', 'merge_install': False, 'path': '/home/jcespedes/Documents/softsys-jetracer/jetracer_ws/src/softsys_msgs', 'symlink_install': False, 'test_result_base': None}
[0.437s] Level 5:colcon.colcon_core.verb:set package 'jetracer' build argument 'cmake_args' from command line to 'None'
[0.437s] Level 5:colcon.colcon_core.verb:set package 'jetracer' build argument 'cmake_target' from command line to 'None'
[0.437s] Level 5:colcon.colcon_core.verb:set package 'jetracer' build argument 'cmake_target_skip_unavailable' from command line to 'False'
[0.437s] Level 5:colcon.colcon_core.verb:set package 'jetracer' build argument 'cmake_clean_cache' from command line to 'False'
[0.437s] Level 5:colcon.colcon_core.verb:set package 'jetracer' build argument 'cmake_clean_first' from command line to 'False'
[0.437s] Level 5:colcon.colcon_core.verb:set package 'jetracer' build argument 'cmake_force_configure' from command line to 'False'
[0.437s] Level 5:colcon.colcon_core.verb:set package 'jetracer' build argument 'ament_cmake_args' from command line to 'None'
[0.437s] Level 5:colcon.colcon_core.verb:set package 'jetracer' build argument 'catkin_cmake_args' from command line to 'None'
[0.437s] Level 5:colcon.colcon_core.verb:set package 'jetracer' build argument 'catkin_skip_building_tests' from command line to 'False'
[0.437s] DEBUG:colcon.colcon_core.verb:Building package 'jetracer' with the following arguments: {'ament_cmake_args': None, 'build_base': '/home/jcespedes/Documents/softsys-jetracer/jetracer_ws/build/jetracer', 'catkin_cmake_args': None, 'catkin_skip_building_tests': False, 'cmake_args': None, 'cmake_clean_cache': False, 'cmake_clean_first': False, 'cmake_force_configure': False, 'cmake_target': None, 'cmake_target_skip_unavailable': False, 'install_base': '/home/jcespedes/Documents/softsys-jetracer/jetracer_ws/install/jetracer', 'merge_install': False, 'path': '/home/jcespedes/Documents/softsys-jetracer/jetracer_ws/src/jetracer', 'symlink_install': False, 'test_result_base': None}
[0.437s] INFO:colcon.colcon_core.executor:Executing jobs using 'parallel' executor
[0.438s] DEBUG:colcon.colcon_parallel_executor.executor.parallel:run_until_complete
[0.439s] INFO:colcon.colcon_ros.task.ament_cmake.build:Building ROS package in '/home/jcespedes/Documents/softsys-jetracer/jetracer_ws/src/softsys_msgs' with build type 'ament_cmake'
[0.439s] INFO:colcon.colcon_cmake.task.cmake.build:Building CMake package in '/home/jcespedes/Documents/softsys-jetracer/jetracer_ws/src/softsys_msgs'
[0.448s] INFO:colcon.colcon_core.plugin_system:Skipping extension 'colcon_core.shell.bat': Not used on non-Windows systems
[0.448s] INFO:colcon.colcon_core.shell:Skip shell extension 'powershell' for command environment: Not usable outside of PowerShell
[0.448s] DEBUG:colcon.colcon_core.shell:Skip shell extension 'dsv' for command environment
[0.457s] DEBUG:colcon.colcon_core.event_handler.log_command:Invoking command in '/home/jcespedes/Documents/softsys-jetracer/jetracer_ws/build/softsys_msgs': CMAKE_PREFIX_PATH=${CMAKE_PREFIX_PATH}:/opt/ros/jazzy DEBUGINFOD_URLS=https://debuginfod.ubuntu.com /usr/bin/cmake /home/jcespedes/Documents/softsys-jetracer/jetracer_ws/src/softsys_msgs -DCMAKE_INSTALL_PREFIX=/home/jcespedes/Documents/softsys-jetracer/jetracer_ws/install/softsys_msgs
[5.531s] DEBUG:colcon.colcon_core.event_handler.log_command:Invoked command in '/home/jcespedes/Documents/softsys-jetracer/jetracer_ws/build/softsys_msgs' returned '0': CMAKE_PREFIX_PATH=${CMAKE_PREFIX_PATH}:/opt/ros/jazzy DEBUGINFOD_URLS=https://debuginfod.ubuntu.com /usr/bin/cmake /home/jcespedes/Documents/softsys-jetracer/jetracer_ws/src/softsys_msgs -DCMAKE_INSTALL_PREFIX=/home/jcespedes/Documents/softsys-jetracer/jetracer_ws/install/softsys_msgs
[5.533s] DEBUG:colcon.colcon_core.event_handler.log_command:Invoking command in '/home/jcespedes/Documents/softsys-jetracer/jetracer_ws/build/softsys_msgs': CMAKE_PREFIX_PATH=${CMAKE_PREFIX_PATH}:/opt/ros/jazzy DEBUGINFOD_URLS=https://debuginfod.ubuntu.com /usr/bin/cmake --build /home/jcespedes/Documents/softsys-jetracer/jetracer_ws/build/softsys_msgs -- -j8 -l8
[8.750s] DEBUG:colcon.colcon_core.event_handler.log_command:Invoked command in '/home/jcespedes/Documents/softsys-jetracer/jetracer_ws/build/softsys_msgs' returned '0': CMAKE_PREFIX_PATH=${CMAKE_PREFIX_PATH}:/opt/ros/jazzy DEBUGINFOD_URLS=https://debuginfod.ubuntu.com /usr/bin/cmake --build /home/jcespedes/Documents/softsys-jetracer/jetracer_ws/build/softsys_msgs -- -j8 -l8
[8.760s] DEBUG:colcon.colcon_core.event_handler.log_command:Invoking command in '/home/jcespedes/Documents/softsys-jetracer/jetracer_ws/build/softsys_msgs': CMAKE_PREFIX_PATH=${CMAKE_PREFIX_PATH}:/opt/ros/jazzy DEBUGINFOD_URLS=https://debuginfod.ubuntu.com /usr/bin/cmake --install /home/jcespedes/Documents/softsys-jetracer/jetracer_ws/build/softsys_msgs
[8.847s] Level 1:colcon.colcon_core.environment:create_environment_scripts_only(softsys_msgs)
[8.848s] DEBUG:colcon.colcon_core.event_handler.log_command:Invoked command in '/home/jcespedes/Documents/softsys-jetracer/jetracer_ws/build/softsys_msgs' returned '0': CMAKE_PREFIX_PATH=${CMAKE_PREFIX_PATH}:/opt/ros/jazzy DEBUGINFOD_URLS=https://debuginfod.ubuntu.com /usr/bin/cmake --install /home/jcespedes/Documents/softsys-jetracer/jetracer_ws/build/softsys_msgs
[8.857s] Level 1:colcon.colcon_core.environment:checking '/home/jcespedes/Documents/softsys-jetracer/jetracer_ws/install/softsys_msgs' for CMake module files
[8.857s] Level 1:colcon.colcon_core.environment:checking '/home/jcespedes/Documents/softsys-jetracer/jetracer_ws/install/softsys_msgs' for CMake config files
[8.858s] Level 1:colcon.colcon_core.shell:create_environment_hook('softsys_msgs', 'cmake_prefix_path')
[8.858s] INFO:colcon.colcon_core.shell:Creating environment hook '/home/jcespedes/Documents/softsys-jetracer/jetracer_ws/install/softsys_msgs/share/softsys_msgs/hook/cmake_prefix_path.ps1'
[8.859s] INFO:colcon.colcon_core.shell:Creating environment descriptor '/home/jcespedes/Documents/softsys-jetracer/jetracer_ws/install/softsys_msgs/share/softsys_msgs/hook/cmake_prefix_path.dsv'
[8.860s] INFO:colcon.colcon_core.shell:Creating environment hook '/home/jcespedes/Documents/softsys-jetracer/jetracer_ws/install/softsys_msgs/share/softsys_msgs/hook/cmake_prefix_path.sh'
[8.861s] Level 1:colcon.colcon_core.environment:checking '/home/jcespedes/Documents/softsys-jetracer/jetracer_ws/install/softsys_msgs/lib'
[8.862s] Level 1:colcon.colcon_core.shell:create_environment_hook('softsys_msgs', 'ld_library_path_lib')
[8.862s] INFO:colcon.colcon_core.shell:Creating environment hook '/home/jcespedes/Documents/softsys-jetracer/jetracer_ws/install/softsys_msgs/share/softsys_msgs/hook/ld_library_path_lib.ps1'
[8.862s] INFO:colcon.colcon_core.shell:Creating environment descriptor '/home/jcespedes/Documents/softsys-jetracer/jetracer_ws/install/softsys_msgs/share/softsys_msgs/hook/ld_library_path_lib.dsv'
[8.862s] INFO:colcon.colcon_core.shell:Creating environment hook '/home/jcespedes/Documents/softsys-jetracer/jetracer_ws/install/softsys_msgs/share/softsys_msgs/hook/ld_library_path_lib.sh'
[8.863s] Level 1:colcon.colcon_core.environment:checking '/home/jcespedes/Documents/softsys-jetracer/jetracer_ws/install/softsys_msgs/bin'
[8.863s] Level 1:colcon.colcon_core.environment:checking '/home/jcespedes/Documents/softsys-jetracer/jetracer_ws/install/softsys_msgs/lib/pkgconfig/softsys_msgs.pc'
[8.863s] Level 1:colcon.colcon_core.environment:checking '/home/jcespedes/Documents/softsys-jetracer/jetracer_ws/install/softsys_msgs/lib/python3.12/site-packages'
[8.863s] Level 1:colcon.colcon_core.shell:create_environment_hook('softsys_msgs', 'pythonpath')
[8.863s] INFO:colcon.colcon_core.shell:Creating environment hook '/home/jcespedes/Documents/softsys-jetracer/jetracer_ws/install/softsys_msgs/share/softsys_msgs/hook/pythonpath.ps1'
[8.864s] INFO:colcon.colcon_core.shell:Creating environment descriptor '/home/jcespedes/Documents/softsys-jetracer/jetracer_ws/install/softsys_msgs/share/softsys_msgs/hook/pythonpath.dsv'
[8.864s] INFO:colcon.colcon_core.shell:Creating environment hook '/home/jcespedes/Documents/softsys-jetracer/jetracer_ws/install/softsys_msgs/share/softsys_msgs/hook/pythonpath.sh'
[8.864s] Level 1:colcon.colcon_core.environment:checking '/home/jcespedes/Documents/softsys-jetracer/jetracer_ws/install/softsys_msgs/bin'
[8.864s] INFO:colcon.colcon_core.shell:Creating package script '/home/jcespedes/Documents/softsys-jetracer/jetracer_ws/install/softsys_msgs/share/softsys_msgs/package.ps1'
[8.865s] INFO:colcon.colcon_core.shell:Creating package descriptor '/home/jcespedes/Documents/softsys-jetracer/jetracer_ws/install/softsys_msgs/share/softsys_msgs/package.dsv'
[8.867s] INFO:colcon.colcon_core.shell:Creating package script '/home/jcespedes/Documents/softsys-jetracer/jetracer_ws/install/softsys_msgs/share/softsys_msgs/package.sh'
[8.868s] INFO:colcon.colcon_core.shell:Creating package script '/home/jcespedes/Documents/softsys-jetracer/jetracer_ws/install/softsys_msgs/share/softsys_msgs/package.bash'
[8.868s] INFO:colcon.colcon_core.shell:Creating package script '/home/jcespedes/Documents/softsys-jetracer/jetracer_ws/install/softsys_msgs/share/softsys_msgs/package.zsh'
[8.869s] Level 1:colcon.colcon_core.environment:create_file_with_runtime_dependencies(/home/jcespedes/Documents/softsys-jetracer/jetracer_ws/install/softsys_msgs/share/colcon-core/packages/softsys_msgs)
[8.870s] Level 1:colcon.colcon_core.environment:create_environment_scripts_only(softsys_msgs)
[8.870s] Level 1:colcon.colcon_core.environment:checking '/home/jcespedes/Documents/softsys-jetracer/jetracer_ws/install/softsys_msgs' for CMake module files
[8.871s] Level 1:colcon.colcon_core.environment:checking '/home/jcespedes/Documents/softsys-jetracer/jetracer_ws/install/softsys_msgs' for CMake config files
[8.871s] Level 1:colcon.colcon_core.shell:create_environment_hook('softsys_msgs', 'cmake_prefix_path')
[8.871s] INFO:colcon.colcon_core.shell:Creating environment hook '/home/jcespedes/Documents/softsys-jetracer/jetracer_ws/install/softsys_msgs/share/softsys_msgs/hook/cmake_prefix_path.ps1'
[8.872s] INFO:colcon.colcon_core.shell:Creating environment descriptor '/home/jcespedes/Documents/softsys-jetracer/jetracer_ws/install/softsys_msgs/share/softsys_msgs/hook/cmake_prefix_path.dsv'
[8.872s] INFO:colcon.colcon_core.shell:Creating environment hook '/home/jcespedes/Documents/softsys-jetracer/jetracer_ws/install/softsys_msgs/share/softsys_msgs/hook/cmake_prefix_path.sh'
[8.873s] Level 1:colcon.colcon_core.environment:checking '/home/jcespedes/Documents/softsys-jetracer/jetracer_ws/install/softsys_msgs/lib'
[8.873s] Level 1:colcon.colcon_core.shell:create_environment_hook('softsys_msgs', 'ld_library_path_lib')
[8.873s] INFO:colcon.colcon_core.shell:Creating environment hook '/home/jcespedes/Documents/softsys-jetracer/jetracer_ws/install/softsys_msgs/share/softsys_msgs/hook/ld_library_path_lib.ps1'
[8.874s] INFO:colcon.colcon_core.shell:Creating environment descriptor '/home/jcespedes/Documents/softsys-jetracer/jetracer_ws/install/softsys_msgs/share/softsys_msgs/hook/ld_library_path_lib.dsv'
[8.875s] INFO:colcon.colcon_core.shell:Creating environment hook '/home/jcespedes/Documents/softsys-jetracer/jetracer_ws/install/softsys_msgs/share/softsys_msgs/hook/ld_library_path_lib.sh'
[8.875s] Level 1:colcon.colcon_core.environment:checking '/home/jcespedes/Documents/softsys-jetracer/jetracer_ws/install/softsys_msgs/bin'
[8.876s] Level 1:colcon.colcon_core.environment:checking '/home/jcespedes/Documents/softsys-jetracer/jetracer_ws/install/softsys_msgs/lib/pkgconfig/softsys_msgs.pc'
[8.876s] Level 1:colcon.colcon_core.environment:checking '/home/jcespedes/Documents/softsys-jetracer/jetracer_ws/install/softsys_msgs/lib/python3.12/site-packages'
[8.876s] Level 1:colcon.colcon_core.shell:create_environment_hook('softsys_msgs', 'pythonpath')
[8.876s] INFO:colcon.colcon_core.shell:Creating environment hook '/home/jcespedes/Documents/softsys-jetracer/jetracer_ws/install/softsys_msgs/share/softsys_msgs/hook/pythonpath.ps1'
[8.877s] INFO:colcon.colcon_core.shell:Creating environment descriptor '/home/jcespedes/Documents/softsys-jetracer/jetracer_ws/install/softsys_msgs/share/softsys_msgs/hook/pythonpath.dsv'
[8.877s] INFO:colcon.colcon_core.shell:Creating environment hook '/home/jcespedes/Documents/softsys-jetracer/jetracer_ws/install/softsys_msgs/share/softsys_msgs/hook/pythonpath.sh'
[8.878s] Level 1:colcon.colcon_core.environment:checking '/home/jcespedes/Documents/softsys-jetracer/jetracer_ws/install/softsys_msgs/bin'
[8.878s] INFO:colcon.colcon_core.shell:Creating package script '/home/jcespedes/Documents/softsys-jetracer/jetracer_ws/install/softsys_msgs/share/softsys_msgs/package.ps1'
[8.879s] INFO:colcon.colcon_core.shell:Creating package descriptor '/home/jcespedes/Documents/softsys-jetracer/jetracer_ws/install/softsys_msgs/share/softsys_msgs/package.dsv'
[8.880s] INFO:colcon.colcon_core.shell:Creating package script '/home/jcespedes/Documents/softsys-jetracer/jetracer_ws/install/softsys_msgs/share/softsys_msgs/package.sh'
[8.880s] INFO:colcon.colcon_core.shell:Creating package script '/home/jcespedes/Documents/softsys-jetracer/jetracer_ws/install/softsys_msgs/share/softsys_msgs/package.bash'
[8.881s] INFO:colcon.colcon_core.shell:Creating package script '/home/jcespedes/Documents/softsys-jetracer/jetracer_ws/install/softsys_msgs/share/softsys_msgs/package.zsh'
[8.882s] Level 1:colcon.colcon_core.environment:create_file_with_runtime_dependencies(/home/jcespedes/Documents/softsys-jetracer/jetracer_ws/install/softsys_msgs/share/colcon-core/packages/softsys_msgs)
[8.882s] INFO:colcon.colcon_ros.task.ament_cmake.build:Building ROS package in '/home/jcespedes/Documents/softsys-jetracer/jetracer_ws/src/jetracer' with build type 'ament_cmake'
[8.882s] INFO:colcon.colcon_cmake.task.cmake.build:Building CMake package in '/home/jcespedes/Documents/softsys-jetracer/jetracer_ws/src/jetracer'
[8.883s] INFO:colcon.colcon_core.shell:Skip shell extension 'powershell' for command environment: Not usable outside of PowerShell
[8.883s] DEBUG:colcon.colcon_core.shell:Skip shell extension 'dsv' for command environment
[8.896s] DEBUG:colcon.colcon_core.event_handler.log_command:Invoking command in '/home/jcespedes/Documents/softsys-jetracer/jetracer_ws/build/jetracer': AMENT_PREFIX_PATH=/home/jcespedes/Documents/softsys-jetracer/jetracer_ws/install/softsys_msgs:${AMENT_PREFIX_PATH} CMAKE_PREFIX_PATH=/home/jcespedes/Documents/softsys-jetracer/jetracer_ws/install/softsys_msgs:/opt/ros/jazzy/opt/gz_math_vendor:/opt/ros/jazzy/opt/gz_utils_vendor:/opt/ros/jazzy/opt/gz_cmake_vendor:/opt/ros/jazzy DEBUGINFOD_URLS=https://debuginfod.ubuntu.com LD_LIBRARY_PATH=/home/jcespedes/Documents/softsys-jetracer/jetracer_ws/install/softsys_msgs/lib:${LD_LIBRARY_PATH} PYTHONPATH=/home/jcespedes/Documents/softsys-jetracer/jetracer_ws/install/softsys_msgs/lib/python3.12/site-packages:${PYTHONPATH} /usr/bin/cmake /home/jcespedes/Documents/softsys-jetracer/jetracer_ws/src/jetracer -DCMAKE_INSTALL_PREFIX=/home/jcespedes/Documents/softsys-jetracer/jetracer_ws/install/jetracer
[10.487s] DEBUG:colcon.colcon_core.event_handler.log_command:Invoked command in '/home/jcespedes/Documents/softsys-jetracer/jetracer_ws/build/jetracer' returned '0': AMENT_PREFIX_PATH=/home/jcespedes/Documents/softsys-jetracer/jetracer_ws/install/softsys_msgs:${AMENT_PREFIX_PATH} CMAKE_PREFIX_PATH=/home/jcespedes/Documents/softsys-jetracer/jetracer_ws/install/softsys_msgs:/opt/ros/jazzy/opt/gz_math_vendor:/opt/ros/jazzy/opt/gz_utils_vendor:/opt/ros/jazzy/opt/gz_cmake_vendor:/opt/ros/jazzy DEBUGINFOD_URLS=https://debuginfod.ubuntu.com LD_LIBRARY_PATH=/home/jcespedes/Documents/softsys-jetracer/jetracer_ws/install/softsys_msgs/lib:${LD_LIBRARY_PATH} PYTHONPATH=/home/jcespedes/Documents/softsys-jetracer/jetracer_ws/install/softsys_msgs/lib/python3.12/site-packages:${PYTHONPATH} /usr/bin/cmake /home/jcespedes/Documents/softsys-jetracer/jetracer_ws/src/jetracer -DCMAKE_INSTALL_PREFIX=/home/jcespedes/Documents/softsys-jetracer/jetracer_ws/install/jetracer
[10.489s] DEBUG:colcon.colcon_core.event_handler.log_command:Invoking command in '/home/jcespedes/Documents/softsys-jetracer/jetracer_ws/build/jetracer': AMENT_PREFIX_PATH=/home/jcespedes/Documents/softsys-jetracer/jetracer_ws/install/softsys_msgs:${AMENT_PREFIX_PATH} CMAKE_PREFIX_PATH=/home/jcespedes/Documents/softsys-jetracer/jetracer_ws/install/softsys_msgs:/opt/ros/jazzy/opt/gz_math_vendor:/opt/ros/jazzy/opt/gz_utils_vendor:/opt/ros/jazzy/opt/gz_cmake_vendor:/opt/ros/jazzy DEBUGINFOD_URLS=https://debuginfod.ubuntu.com LD_LIBRARY_PATH=/home/jcespedes/Documents/softsys-jetracer/jetracer_ws/install/softsys_msgs/lib:${LD_LIBRARY_PATH} PYTHONPATH=/home/jcespedes/Documents/softsys-jetracer/jetracer_ws/install/softsys_msgs/lib/python3.12/site-packages:${PYTHONPATH} /usr/bin/cmake --build /home/jcespedes/Documents/softsys-jetracer/jetracer_ws/build/jetracer -- -j8 -l8
[28.895s] DEBUG:colcon.colcon_core.event_handler.log_command:Invoked command in '/home/jcespedes/Documents/softsys-jetracer/jetracer_ws/build/jetracer' returned '0': AMENT_PREFIX_PATH=/home/jcespedes/Documents/softsys-jetracer/jetracer_ws/install/softsys_msgs:${AMENT_PREFIX_PATH} CMAKE_PREFIX_PATH=/home/jcespedes/Documents/softsys-jetracer/jetracer_ws/install/softsys_msgs:/opt/ros/jazzy/opt/gz_math_vendor:/opt/ros/jazzy/opt/gz_utils_vendor:/opt/ros/jazzy/opt/gz_cmake_vendor:/opt/ros/jazzy DEBUGINFOD_URLS=https://debuginfod.ubuntu.com LD_LIBRARY_PATH=/home/jcespedes/Documents/softsys-jetracer/jetracer_ws/install/softsys_msgs/lib:${LD_LIBRARY_PATH} PYTHONPATH=/home/jcespedes/Documents/softsys-jetracer/jetracer_ws/install/softsys_msgs/lib/python3.12/site-packages:${PYTHONPATH} /usr/bin/cmake --build /home/jcespedes/Documents/softsys-jetracer/jetracer_ws/build/jetracer -- -j8 -l8
[28.896s] DEBUG:colcon.colcon_core.event_handler.log_command:Invoking command in '/home/jcespedes/Documents/softsys-jetracer/jetracer_ws/build/jetracer': AMENT_PREFIX_PATH=/home/jcespedes/Documents/softsys-jetracer/jetracer_ws/install/softsys_msgs:${AMENT_PREFIX_PATH} CMAKE_PREFIX_PATH=/home/jcespedes/Documents/softsys-jetracer/jetracer_ws/install/softsys_msgs:/opt/ros/jazzy/opt/gz_math_vendor:/opt/ros/jazzy/opt/gz_utils_vendor:/opt/ros/jazzy/opt/gz_cmake_vendor:/opt/ros/jazzy DEBUGINFOD_URLS=https://debuginfod.ubuntu.com LD_LIBRARY_PATH=/home/jcespedes/Documents/softsys-jetracer/jetracer_ws/install/softsys_msgs/lib:${LD_LIBRARY_PATH} PYTHONPATH=/home/jcespedes/Documents/softsys-jetracer/jetracer_ws/install/softsys_msgs/lib/python3.12/site-packages:${PYTHONPATH} /usr/bin/cmake --install /home/jcespedes/Documents/softsys-jetracer/jetracer_ws/build/jetracer
[28.922s] Level 1:colcon.colcon_core.environment:create_environment_scripts_only(jetracer)
[28.922s] DEBUG:colcon.colcon_core.event_handler.log_command:Invoked command in '/home/jcespedes/Documents/softsys-jetracer/jetracer_ws/build/jetracer' returned '0': AMENT_PREFIX_PATH=/home/jcespedes/Documents/softsys-jetracer/jetracer_ws/install/softsys_msgs:${AMENT_PREFIX_PATH} CMAKE_PREFIX_PATH=/home/jcespedes/Documents/softsys-jetracer/jetracer_ws/install/softsys_msgs:/opt/ros/jazzy/opt/gz_math_vendor:/opt/ros/jazzy/opt/gz_utils_vendor:/opt/ros/jazzy/opt/gz_cmake_vendor:/opt/ros/jazzy DEBUGINFOD_URLS=https://debuginfod.ubuntu.com LD_LIBRARY_PATH=/home/jcespedes/Documents/softsys-jetracer/jetracer_ws/install/softsys_msgs/lib:${LD_LIBRARY_PATH} PYTHONPATH=/home/jcespedes/Documents/softsys-jetracer/jetracer_ws/install/softsys_msgs/lib/python3.12/site-packages:${PYTHONPATH} /usr/bin/cmake --install /home/jcespedes/Documents/softsys-jetracer/jetracer_ws/build/jetracer
[28.922s] Level 1:colcon.colcon_core.environment:checking '/home/jcespedes/Documents/softsys-jetracer/jetracer_ws/install/jetracer' for CMake module files
[28.923s] Level 1:colcon.colcon_core.environment:checking '/home/jcespedes/Documents/softsys-jetracer/jetracer_ws/install/jetracer' for CMake config files
[28.924s] Level 1:colcon.colcon_core.shell:create_environment_hook('jetracer', 'cmake_prefix_path')
[28.924s] INFO:colcon.colcon_core.shell:Creating environment hook '/home/jcespedes/Documents/softsys-jetracer/jetracer_ws/install/jetracer/share/jetracer/hook/cmake_prefix_path.ps1'
[28.924s] INFO:colcon.colcon_core.shell:Creating environment descriptor '/home/jcespedes/Documents/softsys-jetracer/jetracer_ws/install/jetracer/share/jetracer/hook/cmake_prefix_path.dsv'
[28.924s] INFO:colcon.colcon_core.shell:Creating environment hook '/home/jcespedes/Documents/softsys-jetracer/jetracer_ws/install/jetracer/share/jetracer/hook/cmake_prefix_path.sh'
[28.925s] Level 1:colcon.colcon_core.environment:checking '/home/jcespedes/Documents/softsys-jetracer/jetracer_ws/install/jetracer/lib'
[28.925s] Level 1:colcon.colcon_core.environment:checking '/home/jcespedes/Documents/softsys-jetracer/jetracer_ws/install/jetracer/bin'
[28.925s] Level 1:colcon.colcon_core.environment:checking '/home/jcespedes/Documents/softsys-jetracer/jetracer_ws/install/jetracer/lib/pkgconfig/jetracer.pc'
[28.925s] Level 1:colcon.colcon_core.environment:checking '/home/jcespedes/Documents/softsys-jetracer/jetracer_ws/install/jetracer/lib/python3.12/site-packages'
[28.925s] Level 1:colcon.colcon_core.environment:checking '/home/jcespedes/Documents/softsys-jetracer/jetracer_ws/install/jetracer/bin'
[28.926s] INFO:colcon.colcon_core.shell:Creating package script '/home/jcespedes/Documents/softsys-jetracer/jetracer_ws/install/jetracer/share/jetracer/package.ps1'
[28.926s] INFO:colcon.colcon_core.shell:Creating package descriptor '/home/jcespedes/Documents/softsys-jetracer/jetracer_ws/install/jetracer/share/jetracer/package.dsv'
[28.926s] INFO:colcon.colcon_core.shell:Creating package script '/home/jcespedes/Documents/softsys-jetracer/jetracer_ws/install/jetracer/share/jetracer/package.sh'
[28.927s] INFO:colcon.colcon_core.shell:Creating package script '/home/jcespedes/Documents/softsys-jetracer/jetracer_ws/install/jetracer/share/jetracer/package.bash'
[28.927s] INFO:colcon.colcon_core.shell:Creating package script '/home/jcespedes/Documents/softsys-jetracer/jetracer_ws/install/jetracer/share/jetracer/package.zsh'
[28.928s] Level 1:colcon.colcon_core.environment:create_file_with_runtime_dependencies(/home/jcespedes/Documents/softsys-jetracer/jetracer_ws/install/jetracer/share/colcon-core/packages/jetracer)
[28.928s] Level 1:colcon.colcon_core.environment:create_environment_scripts_only(jetracer)
[28.928s] Level 1:colcon.colcon_core.environment:checking '/home/jcespedes/Documents/softsys-jetracer/jetracer_ws/install/jetracer' for CMake module files
[28.929s] Level 1:colcon.colcon_core.environment:checking '/home/jcespedes/Documents/softsys-jetracer/jetracer_ws/install/jetracer' for CMake config files
[28.929s] Level 1:colcon.colcon_core.shell:create_environment_hook('jetracer', 'cmake_prefix_path')
[28.929s] INFO:colcon.colcon_core.shell:Creating environment hook '/home/jcespedes/Documents/softsys-jetracer/jetracer_ws/install/jetracer/share/jetracer/hook/cmake_prefix_path.ps1'
[28.930s] INFO:colcon.colcon_core.shell:Creating environment descriptor '/home/jcespedes/Documents/softsys-jetracer/jetracer_ws/install/jetracer/share/jetracer/hook/cmake_prefix_path.dsv'
[28.930s] INFO:colcon.colcon_core.shell:Creating environment hook '/home/jcespedes/Documents/softsys-jetracer/jetracer_ws/install/jetracer/share/jetracer/hook/cmake_prefix_path.sh'
[28.931s] Level 1:colcon.colcon_core.environment:checking '/home/jcespedes/Documents/softsys-jetracer/jetracer_ws/install/jetracer/lib'
[28.931s] Level 1:colcon.colcon_core.environment:checking '/home/jcespedes/Documents/softsys-jetracer/jetracer_ws/install/jetracer/bin'
[28.931s] Level 1:colcon.colcon_core.environment:checking '/home/jcespedes/Documents/softsys-jetracer/jetracer_ws/install/jetracer/lib/pkgconfig/jetracer.pc'
[28.931s] Level 1:colcon.colcon_core.environment:checking '/home/jcespedes/Documents/softsys-jetracer/jetracer_ws/install/jetracer/lib/python3.12/site-packages'
[28.931s] Level 1:colcon.colcon_core.environment:checking '/home/jcespedes/Documents/softsys-jetracer/jetracer_ws/install/jetracer/bin'
[28.931s] INFO:colcon.colcon_core.shell:Creating package script '/home/jcespedes/Documents/softsys-jetracer/jetracer_ws/install/jetracer/share/jetracer/package.ps1'
[28.932s] INFO:colcon.colcon_core.shell:Creating package descriptor '/home/jcespedes/Documents/softsys-jetracer/jetracer_ws/install/jetracer/share/jetracer/package.dsv'
[28.933s] INFO:colcon.colcon_core.shell:Creating package script '/home/jcespedes/Documents/softsys-jetracer/jetracer_ws/install/jetracer/share/jetracer/package.sh'
[28.933s] INFO:colcon.colcon_core.shell:Creating package script '/home/jcespedes/Documents/softsys-jetracer/jetracer_ws/install/jetracer/share/jetracer/package.bash'
[28.934s] INFO:colcon.colcon_core.shell:Creating package script '/home/jcespedes/Documents/softsys-jetracer/jetracer_ws/install/jetracer/share/jetracer/package.zsh'
[28.934s] Level 1:colcon.colcon_core.environment:create_file_with_runtime_dependencies(/home/jcespedes/Documents/softsys-jetracer/jetracer_ws/install/jetracer/share/colcon-core/packages/jetracer)
[28.934s] DEBUG:colcon.colcon_parallel_executor.executor.parallel:closing loop
[28.935s] DEBUG:colcon.colcon_parallel_executor.executor.parallel:loop closed
[28.935s] DEBUG:colcon.colcon_parallel_executor.executor.parallel:run_until_complete finished with '0'
[28.935s] DEBUG:colcon.colcon_core.event_reactor:joining thread
[28.954s] INFO:colcon.colcon_core.plugin_system:Skipping extension 'colcon_notification.desktop_notification.terminal_notifier': Not used on non-Darwin systems
[28.954s] INFO:colcon.colcon_core.plugin_system:Skipping extension 'colcon_notification.desktop_notification.win32': Not used on non-Windows systems
[28.954s] INFO:colcon.colcon_notification.desktop_notification:Sending desktop notification using 'notify2'
[28.977s] DEBUG:colcon.colcon_core.event_reactor:joined thread
[28.978s] INFO:colcon.colcon_core.shell:Creating prefix script '/home/jcespedes/Documents/softsys-jetracer/jetracer_ws/install/local_setup.ps1'
[28.980s] INFO:colcon.colcon_core.shell:Creating prefix util module '/home/jcespedes/Documents/softsys-jetracer/jetracer_ws/install/_local_setup_util_ps1.py'
[28.981s] INFO:colcon.colcon_core.shell:Creating prefix chain script '/home/jcespedes/Documents/softsys-jetracer/jetracer_ws/install/setup.ps1'
[28.983s] INFO:colcon.colcon_core.shell:Creating prefix script '/home/jcespedes/Documents/softsys-jetracer/jetracer_ws/install/local_setup.sh'
[28.985s] INFO:colcon.colcon_core.shell:Creating prefix util module '/home/jcespedes/Documents/softsys-jetracer/jetracer_ws/install/_local_setup_util_sh.py'
[28.986s] INFO:colcon.colcon_core.shell:Creating prefix chain script '/home/jcespedes/Documents/softsys-jetracer/jetracer_ws/install/setup.sh'
[28.988s] INFO:colcon.colcon_core.shell:Creating prefix script '/home/jcespedes/Documents/softsys-jetracer/jetracer_ws/install/local_setup.bash'
[28.989s] INFO:colcon.colcon_core.shell:Creating prefix chain script '/home/jcespedes/Documents/softsys-jetracer/jetracer_ws/install/setup.bash'
[28.991s] INFO:colcon.colcon_core.shell:Creating prefix script '/home/jcespedes/Documents/softsys-jetracer/jetracer_ws/install/local_setup.zsh'
[28.992s] INFO:colcon.colcon_core.shell:Creating prefix chain script '/home/jcespedes/Documents/softsys-jetracer/jetracer_ws/install/setup.zsh'
