[0.125s] DEBUG:colcon:Command line arguments: ['/usr/bin/colcon', 'build']
[0.125s] DEBUG:colcon:Parsed command line arguments: Namespace(log_base=None, log_level=None, verb_name='build', build_base='build', install_base='install', merge_install=False, symlink_install=False, test_result_base=None, continue_on_error=False, executor='parallel', parallel_workers=2, event_handlers=None, ignore_user_meta=False, metas=['./colcon.meta'], base_paths=['.'], packages_ignore=None, packages_ignore_regex=None, paths=None, packages_up_to=None, packages_up_to_regex=None, packages_above=None, packages_above_and_dependencies=None, packages_above_depth=None, packages_select_by_dep=None, packages_skip_by_dep=None, packages_skip_up_to=None, packages_select_build_failed=False, packages_skip_build_finished=False, packages_select_test_failures=False, packages_skip_test_passed=False, packages_select=None, packages_skip=None, packages_select_regex=None, packages_skip_regex=None, packages_start=None, packages_end=None, allow_overriding=[], cmake_args=None, cmake_target=None, cmake_target_skip_unavailable=False, cmake_clean_cache=False, cmake_clean_first=False, cmake_force_configure=False, ament_cmake_args=None, catkin_cmake_args=None, catkin_skip_building_tests=False, mixin_files=None, mixin=None, verb_parser=<colcon_mixin.mixin.mixin_argument.MixinArgumentDecorator object at 0x72cae269c290>, verb_extension=<colcon_core.verb.build.BuildVerb object at 0x72cae2683f20>, main=<bound method BuildVerb.main of <colcon_core.verb.build.BuildVerb object at 0x72cae2683f20>>, mixin_verb=('build',))
[0.167s] Level 1:colcon.colcon_core.package_discovery:discover_packages(colcon_meta) check parameters
[0.167s] Level 1:colcon.colcon_core.package_discovery:discover_packages(recursive) check parameters
[0.168s] Level 1:colcon.colcon_core.package_discovery:discover_packages(ignore) check parameters
[0.168s] Level 1:colcon.colcon_core.package_discovery:discover_packages(path) check parameters
[0.168s] Level 1:colcon.colcon_core.package_discovery:discover_packages(colcon_meta) discover
[0.168s] Level 1:colcon.colcon_core.package_discovery:discover_packages(recursive) discover
[0.168s] INFO:colcon.colcon_core.package_discovery:Crawling recursively for packages in '/home/odm0003/Documents/mech6970-softsys/jetracer_prj/jetracer_ws'
[0.168s] Level 1:colcon.colcon_core.package_identification:_identify(.) by extensions ['ignore', 'ignore_ament_install']
[0.168s] Level 1:colcon.colcon_core.package_identification:_identify(.) by extension 'ignore'
[0.168s] Level 1:colcon.colcon_core.package_identification:_identify(.) by extension 'ignore_ament_install'
[0.168s] Level 1:colcon.colcon_core.package_identification:_identify(.) by extensions ['colcon_pkg']
[0.168s] Level 1:colcon.colcon_core.package_identification:_identify(.) by extension 'colcon_pkg'
[0.168s] Level 1:colcon.colcon_core.package_identification:_identify(.) by extensions ['colcon_meta']
[0.168s] Level 1:colcon.colcon_core.package_identification:_identify(.) by extension 'colcon_meta'
[0.168s] Level 1:colcon.colcon_core.package_identification:_identify(.) by extensions ['ros']
[0.168s] Level 1:colcon.colcon_core.package_identification:_identify(.) by extension 'ros'
[0.194s] Level 1:colcon.colcon_core.package_identification:_identify(.) by extensions ['cmake', 'python']
[0.194s] Level 1:colcon.colcon_core.package_identification:_identify(.) by extension 'cmake'
[0.194s] Level 1:colcon.colcon_core.package_identification:_identify(.) by extension 'python'
[0.195s] Level 1:colcon.colcon_core.package_identification:_identify(.) by extensions ['python_setup_py']
[0.195s] Level 1:colcon.colcon_core.package_identification:_identify(.) by extension 'python_setup_py'
[0.195s] Level 1:colcon.colcon_core.package_identification:_identify(build) by extensions ['ignore', 'ignore_ament_install']
[0.195s] Level 1:colcon.colcon_core.package_identification:_identify(build) by extension 'ignore'
[0.195s] Level 1:colcon.colcon_core.package_identification:_identify(build) ignored
[0.196s] Level 1:colcon.colcon_core.package_identification:_identify(install) by extensions ['ignore', 'ignore_ament_install']
[0.196s] Level 1:colcon.colcon_core.package_identification:_identify(install) by extension 'ignore'
[0.196s] Level 1:colcon.colcon_core.package_identification:_identify(install) ignored
[0.196s] Level 1:colcon.colcon_core.package_identification:_identify(log) by extensions ['ignore', 'ignore_ament_install']
[0.196s] Level 1:colcon.colcon_core.package_identification:_identify(log) by extension 'ignore'
[0.196s] Level 1:colcon.colcon_core.package_identification:_identify(log) ignored
[0.196s] Level 1:colcon.colcon_core.package_identification:_identify(src) by extensions ['ignore', 'ignore_ament_install']
[0.196s] Level 1:colcon.colcon_core.package_identification:_identify(src) by extension 'ignore'
[0.196s] Level 1:colcon.colcon_core.package_identification:_identify(src) by extension 'ignore_ament_install'
[0.196s] Level 1:colcon.colcon_core.package_identification:_identify(src) by extensions ['colcon_pkg']
[0.196s] Level 1:colcon.colcon_core.package_identification:_identify(src) by extension 'colcon_pkg'
[0.196s] Level 1:colcon.colcon_core.package_identification:_identify(src) by extensions ['colcon_meta']
[0.196s] Level 1:colcon.colcon_core.package_identification:_identify(src) by extension 'colcon_meta'
[0.196s] Level 1:colcon.colcon_core.package_identification:_identify(src) by extensions ['ros']
[0.196s] Level 1:colcon.colcon_core.package_identification:_identify(src) by extension 'ros'
[0.197s] Level 1:colcon.colcon_core.package_identification:_identify(src) by extensions ['cmake', 'python']
[0.197s] Level 1:colcon.colcon_core.package_identification:_identify(src) by extension 'cmake'
[0.197s] Level 1:colcon.colcon_core.package_identification:_identify(src) by extension 'python'
[0.197s] Level 1:colcon.colcon_core.package_identification:_identify(src) by extensions ['python_setup_py']
[0.197s] Level 1:colcon.colcon_core.package_identification:_identify(src) by extension 'python_setup_py'
[0.198s] Level 1:colcon.colcon_core.package_identification:_identify(src/jetracer) by extensions ['ignore', 'ignore_ament_install']
[0.198s] Level 1:colcon.colcon_core.package_identification:_identify(src/jetracer) by extension 'ignore'
[0.198s] Level 1:colcon.colcon_core.package_identification:_identify(src/jetracer) by extension 'ignore_ament_install'
[0.198s] Level 1:colcon.colcon_core.package_identification:_identify(src/jetracer) by extensions ['colcon_pkg']
[0.198s] Level 1:colcon.colcon_core.package_identification:_identify(src/jetracer) by extension 'colcon_pkg'
[0.198s] Level 1:colcon.colcon_core.package_identification:_identify(src/jetracer) by extensions ['colcon_meta']
[0.198s] Level 1:colcon.colcon_core.package_identification:_identify(src/jetracer) by extension 'colcon_meta'
[0.199s] Level 1:colcon.colcon_core.package_identification:_identify(src/jetracer) by extensions ['ros']
[0.199s] Level 1:colcon.colcon_core.package_identification:_identify(src/jetracer) by extension 'ros'
[0.201s] DEBUG:colcon.colcon_core.package_identification:Package 'src/jetracer' with type 'ros.ament_cmake' and name 'jetracer'
[0.201s] Level 1:colcon.colcon_core.package_discovery:discover_packages(recursive) using defaults
[0.201s] Level 1:colcon.colcon_core.package_discovery:discover_packages(ignore) discover
[0.202s] Level 1:colcon.colcon_core.package_discovery:discover_packages(ignore) using defaults
[0.202s] Level 1:colcon.colcon_core.package_discovery:discover_packages(path) discover
[0.202s] Level 1:colcon.colcon_core.package_discovery:discover_packages(path) using defaults
[0.220s] Level 1:colcon.colcon_core.package_discovery:discover_packages(prefix_path) check parameters
[0.220s] Level 1:colcon.colcon_core.package_discovery:discover_packages(prefix_path) discover
[0.222s] DEBUG:colcon.colcon_installed_package_information.package_discovery:Found 1 installed packages in /home/odm0003/Documents/mech6970-softsys/jetracer_prj/jetracer_ws/install
[0.224s] DEBUG:colcon.colcon_installed_package_information.package_discovery:Found 318 installed packages in /opt/ros/jazzy
[0.225s] Level 1:colcon.colcon_core.package_discovery:discover_packages(prefix_path) using defaults
[0.277s] Level 5:colcon.colcon_core.verb:set package 'jetracer' build argument 'cmake_args' from command line to 'None'
[0.277s] Level 5:colcon.colcon_core.verb:set package 'jetracer' build argument 'cmake_target' from command line to 'None'
[0.277s] Level 5:colcon.colcon_core.verb:set package 'jetracer' build argument 'cmake_target_skip_unavailable' from command line to 'False'
[0.277s] Level 5:colcon.colcon_core.verb:set package 'jetracer' build argument 'cmake_clean_cache' from command line to 'False'
[0.277s] Level 5:colcon.colcon_core.verb:set package 'jetracer' build argument 'cmake_clean_first' from command line to 'False'
[0.277s] Level 5:colcon.colcon_core.verb:set package 'jetracer' build argument 'cmake_force_configure' from command line to 'False'
[0.277s] Level 5:colcon.colcon_core.verb:set package 'jetracer' build argument 'ament_cmake_args' from command line to 'None'
[0.277s] Level 5:colcon.colcon_core.verb:set package 'jetracer' build argument 'catkin_cmake_args' from command line to 'None'
[0.277s] Level 5:colcon.colcon_core.verb:set package 'jetracer' build argument 'catkin_skip_building_tests' from command line to 'False'
[0.278s] DEBUG:colcon.colcon_core.verb:Building package 'jetracer' with the following arguments: {'ament_cmake_args': None, 'build_base': '/home/odm0003/Documents/mech6970-softsys/jetracer_prj/jetracer_ws/build/jetracer', 'catkin_cmake_args': None, 'catkin_skip_building_tests': False, 'cmake_args': None, 'cmake_clean_cache': False, 'cmake_clean_first': False, 'cmake_force_configure': False, 'cmake_target': None, 'cmake_target_skip_unavailable': False, 'install_base': '/home/odm0003/Documents/mech6970-softsys/jetracer_prj/jetracer_ws/install/jetracer', 'merge_install': False, 'path': '/home/odm0003/Documents/mech6970-softsys/jetracer_prj/jetracer_ws/src/jetracer', 'symlink_install': False, 'test_result_base': None}
[0.278s] INFO:colcon.colcon_core.executor:Executing jobs using 'parallel' executor
[0.279s] DEBUG:colcon.colcon_parallel_executor.executor.parallel:run_until_complete
[0.279s] INFO:colcon.colcon_ros.task.ament_cmake.build:Building ROS package in '/home/odm0003/Documents/mech6970-softsys/jetracer_prj/jetracer_ws/src/jetracer' with build type 'ament_cmake'
[0.279s] INFO:colcon.colcon_cmake.task.cmake.build:Building CMake package in '/home/odm0003/Documents/mech6970-softsys/jetracer_prj/jetracer_ws/src/jetracer'
[0.281s] INFO:colcon.colcon_core.plugin_system:Skipping extension 'colcon_core.shell.bat': Not used on non-Windows systems
[0.281s] INFO:colcon.colcon_core.shell:Skip shell extension 'powershell' for command environment: Not usable outside of PowerShell
[0.281s] DEBUG:colcon.colcon_core.shell:Skip shell extension 'dsv' for command environment
[0.297s] DEBUG:colcon.colcon_core.event_handler.log_command:Invoking command in '/home/odm0003/Documents/mech6970-softsys/jetracer_prj/jetracer_ws/build/jetracer': CMAKE_PREFIX_PATH=${CMAKE_PREFIX_PATH}:/opt/ros/jazzy DEBUGINFOD_URLS=https://debuginfod.ubuntu.com /usr/bin/cmake --build /home/odm0003/Documents/mech6970-softsys/jetracer_prj/jetracer_ws/build/jetracer -- -j2 -l2
[13.982s] DEBUG:colcon.colcon_core.event_handler.log_command:Invoked command in '/home/odm0003/Documents/mech6970-softsys/jetracer_prj/jetracer_ws/build/jetracer' returned '0': CMAKE_PREFIX_PATH=${CMAKE_PREFIX_PATH}:/opt/ros/jazzy DEBUGINFOD_URLS=https://debuginfod.ubuntu.com /usr/bin/cmake --build /home/odm0003/Documents/mech6970-softsys/jetracer_prj/jetracer_ws/build/jetracer -- -j2 -l2
[14.006s] DEBUG:colcon.colcon_core.event_handler.log_command:Invoking command in '/home/odm0003/Documents/mech6970-softsys/jetracer_prj/jetracer_ws/build/jetracer': CMAKE_PREFIX_PATH=${CMAKE_PREFIX_PATH}:/opt/ros/jazzy DEBUGINFOD_URLS=https://debuginfod.ubuntu.com /usr/bin/cmake --install /home/odm0003/Documents/mech6970-softsys/jetracer_prj/jetracer_ws/build/jetracer
[14.051s] Level 1:colcon.colcon_core.environment:create_environment_scripts_only(jetracer)
[14.052s] DEBUG:colcon.colcon_core.event_handler.log_command:Invoked command in '/home/odm0003/Documents/mech6970-softsys/jetracer_prj/jetracer_ws/build/jetracer' returned '0': CMAKE_PREFIX_PATH=${CMAKE_PREFIX_PATH}:/opt/ros/jazzy DEBUGINFOD_URLS=https://debuginfod.ubuntu.com /usr/bin/cmake --install /home/odm0003/Documents/mech6970-softsys/jetracer_prj/jetracer_ws/build/jetracer
[14.060s] Level 1:colcon.colcon_core.environment:checking '/home/odm0003/Documents/mech6970-softsys/jetracer_prj/jetracer_ws/install/jetracer' for CMake module files
[14.062s] Level 1:colcon.colcon_core.environment:checking '/home/odm0003/Documents/mech6970-softsys/jetracer_prj/jetracer_ws/install/jetracer' for CMake config files
[14.063s] Level 1:colcon.colcon_core.shell:create_environment_hook('jetracer', 'cmake_prefix_path')
[14.063s] INFO:colcon.colcon_core.shell:Creating environment hook '/home/odm0003/Documents/mech6970-softsys/jetracer_prj/jetracer_ws/install/jetracer/share/jetracer/hook/cmake_prefix_path.ps1'
[14.065s] INFO:colcon.colcon_core.shell:Creating environment descriptor '/home/odm0003/Documents/mech6970-softsys/jetracer_prj/jetracer_ws/install/jetracer/share/jetracer/hook/cmake_prefix_path.dsv'
[14.066s] INFO:colcon.colcon_core.shell:Creating environment hook '/home/odm0003/Documents/mech6970-softsys/jetracer_prj/jetracer_ws/install/jetracer/share/jetracer/hook/cmake_prefix_path.sh'
[14.068s] Level 1:colcon.colcon_core.environment:checking '/home/odm0003/Documents/mech6970-softsys/jetracer_prj/jetracer_ws/install/jetracer/lib'
[14.068s] Level 1:colcon.colcon_core.environment:checking '/home/odm0003/Documents/mech6970-softsys/jetracer_prj/jetracer_ws/install/jetracer/bin'
[14.069s] Level 1:colcon.colcon_core.environment:checking '/home/odm0003/Documents/mech6970-softsys/jetracer_prj/jetracer_ws/install/jetracer/lib/pkgconfig/jetracer.pc'
[14.069s] Level 1:colcon.colcon_core.environment:checking '/home/odm0003/Documents/mech6970-softsys/jetracer_prj/jetracer_ws/install/jetracer/lib/python3.12/site-packages'
[14.070s] Level 1:colcon.colcon_core.environment:checking '/home/odm0003/Documents/mech6970-softsys/jetracer_prj/jetracer_ws/install/jetracer/bin'
[14.070s] INFO:colcon.colcon_core.shell:Creating package script '/home/odm0003/Documents/mech6970-softsys/jetracer_prj/jetracer_ws/install/jetracer/share/jetracer/package.ps1'
[14.072s] INFO:colcon.colcon_core.shell:Creating package descriptor '/home/odm0003/Documents/mech6970-softsys/jetracer_prj/jetracer_ws/install/jetracer/share/jetracer/package.dsv'
[14.074s] INFO:colcon.colcon_core.shell:Creating package script '/home/odm0003/Documents/mech6970-softsys/jetracer_prj/jetracer_ws/install/jetracer/share/jetracer/package.sh'
[14.076s] INFO:colcon.colcon_core.shell:Creating package script '/home/odm0003/Documents/mech6970-softsys/jetracer_prj/jetracer_ws/install/jetracer/share/jetracer/package.bash'
[14.078s] INFO:colcon.colcon_core.shell:Creating package script '/home/odm0003/Documents/mech6970-softsys/jetracer_prj/jetracer_ws/install/jetracer/share/jetracer/package.zsh'
[14.080s] Level 1:colcon.colcon_core.environment:create_file_with_runtime_dependencies(/home/odm0003/Documents/mech6970-softsys/jetracer_prj/jetracer_ws/install/jetracer/share/colcon-core/packages/jetracer)
[14.081s] Level 1:colcon.colcon_core.environment:create_environment_scripts_only(jetracer)
[14.081s] Level 1:colcon.colcon_core.environment:checking '/home/odm0003/Documents/mech6970-softsys/jetracer_prj/jetracer_ws/install/jetracer' for CMake module files
[14.082s] Level 1:colcon.colcon_core.environment:checking '/home/odm0003/Documents/mech6970-softsys/jetracer_prj/jetracer_ws/install/jetracer' for CMake config files
[14.082s] Level 1:colcon.colcon_core.shell:create_environment_hook('jetracer', 'cmake_prefix_path')
[14.082s] INFO:colcon.colcon_core.shell:Creating environment hook '/home/odm0003/Documents/mech6970-softsys/jetracer_prj/jetracer_ws/install/jetracer/share/jetracer/hook/cmake_prefix_path.ps1'
[14.083s] INFO:colcon.colcon_core.shell:Creating environment descriptor '/home/odm0003/Documents/mech6970-softsys/jetracer_prj/jetracer_ws/install/jetracer/share/jetracer/hook/cmake_prefix_path.dsv'
[14.084s] INFO:colcon.colcon_core.shell:Creating environment hook '/home/odm0003/Documents/mech6970-softsys/jetracer_prj/jetracer_ws/install/jetracer/share/jetracer/hook/cmake_prefix_path.sh'
[14.085s] Level 1:colcon.colcon_core.environment:checking '/home/odm0003/Documents/mech6970-softsys/jetracer_prj/jetracer_ws/install/jetracer/lib'
[14.085s] Level 1:colcon.colcon_core.environment:checking '/home/odm0003/Documents/mech6970-softsys/jetracer_prj/jetracer_ws/install/jetracer/bin'
[14.086s] Level 1:colcon.colcon_core.environment:checking '/home/odm0003/Documents/mech6970-softsys/jetracer_prj/jetracer_ws/install/jetracer/lib/pkgconfig/jetracer.pc'
[14.086s] Level 1:colcon.colcon_core.environment:checking '/home/odm0003/Documents/mech6970-softsys/jetracer_prj/jetracer_ws/install/jetracer/lib/python3.12/site-packages'
[14.086s] Level 1:colcon.colcon_core.environment:checking '/home/odm0003/Documents/mech6970-softsys/jetracer_prj/jetracer_ws/install/jetracer/bin'
[14.087s] INFO:colcon.colcon_core.shell:Creating package script '/home/odm0003/Documents/mech6970-softsys/jetracer_prj/jetracer_ws/install/jetracer/share/jetracer/package.ps1'
[14.088s] INFO:colcon.colcon_core.shell:Creating package descriptor '/home/odm0003/Documents/mech6970-softsys/jetracer_prj/jetracer_ws/install/jetracer/share/jetracer/package.dsv'
[14.089s] INFO:colcon.colcon_core.shell:Creating package script '/home/odm0003/Documents/mech6970-softsys/jetracer_prj/jetracer_ws/install/jetracer/share/jetracer/package.sh'
[14.090s] INFO:colcon.colcon_core.shell:Creating package script '/home/odm0003/Documents/mech6970-softsys/jetracer_prj/jetracer_ws/install/jetracer/share/jetracer/package.bash'
[14.091s] INFO:colcon.colcon_core.shell:Creating package script '/home/odm0003/Documents/mech6970-softsys/jetracer_prj/jetracer_ws/install/jetracer/share/jetracer/package.zsh'
[14.093s] Level 1:colcon.colcon_core.environment:create_file_with_runtime_dependencies(/home/odm0003/Documents/mech6970-softsys/jetracer_prj/jetracer_ws/install/jetracer/share/colcon-core/packages/jetracer)
[14.093s] DEBUG:colcon.colcon_parallel_executor.executor.parallel:closing loop
[14.094s] DEBUG:colcon.colcon_parallel_executor.executor.parallel:loop closed
[14.094s] DEBUG:colcon.colcon_parallel_executor.executor.parallel:run_until_complete finished with '0'
[14.094s] DEBUG:colcon.colcon_core.event_reactor:joining thread
[14.124s] INFO:colcon.colcon_core.plugin_system:Skipping extension 'colcon_notification.desktop_notification.terminal_notifier': Not used on non-Darwin systems
[14.124s] INFO:colcon.colcon_core.plugin_system:Skipping extension 'colcon_notification.desktop_notification.win32': Not used on non-Windows systems
[14.124s] INFO:colcon.colcon_notification.desktop_notification:Sending desktop notification using 'notify2'
[14.166s] DEBUG:colcon.colcon_core.event_reactor:joined thread
[14.166s] INFO:colcon.colcon_core.shell:Creating prefix script '/home/odm0003/Documents/mech6970-softsys/jetracer_prj/jetracer_ws/install/local_setup.ps1'
[14.168s] INFO:colcon.colcon_core.shell:Creating prefix util module '/home/odm0003/Documents/mech6970-softsys/jetracer_prj/jetracer_ws/install/_local_setup_util_ps1.py'
[14.171s] INFO:colcon.colcon_core.shell:Creating prefix chain script '/home/odm0003/Documents/mech6970-softsys/jetracer_prj/jetracer_ws/install/setup.ps1'
[14.175s] INFO:colcon.colcon_core.shell:Creating prefix script '/home/odm0003/Documents/mech6970-softsys/jetracer_prj/jetracer_ws/install/local_setup.sh'
[14.177s] INFO:colcon.colcon_core.shell:Creating prefix util module '/home/odm0003/Documents/mech6970-softsys/jetracer_prj/jetracer_ws/install/_local_setup_util_sh.py'
[14.178s] INFO:colcon.colcon_core.shell:Creating prefix chain script '/home/odm0003/Documents/mech6970-softsys/jetracer_prj/jetracer_ws/install/setup.sh'
[14.180s] INFO:colcon.colcon_core.shell:Creating prefix script '/home/odm0003/Documents/mech6970-softsys/jetracer_prj/jetracer_ws/install/local_setup.bash'
[14.181s] INFO:colcon.colcon_core.shell:Creating prefix chain script '/home/odm0003/Documents/mech6970-softsys/jetracer_prj/jetracer_ws/install/setup.bash'
[14.183s] INFO:colcon.colcon_core.shell:Creating prefix script '/home/odm0003/Documents/mech6970-softsys/jetracer_prj/jetracer_ws/install/local_setup.zsh'
[14.184s] INFO:colcon.colcon_core.shell:Creating prefix chain script '/home/odm0003/Documents/mech6970-softsys/jetracer_prj/jetracer_ws/install/setup.zsh'
